INFO:root:NEW STATE: 
INFO:root:{'Prefix Modifier': [('Ceremonial', 1, ' ', '\nArea contains many Totems TAG Unscalable Value')], 'Suffix Modifier': [('of Enervation', 1, ' ', '\nMonsters steal Power, Frenzy and Endurance charges on Hit')]}
INFO:root:Item is not twinned -> Alterate.
INFO:root:NEW STATE: 
INFO:root:{'Prefix Modifier': [('Otherworldly', 1, ' ', '\nSlaying Enemies close together can attract monsters from Beyond this realm TAG Unscalable Value')], 'Suffix Modifier': []}
INFO:root:Item is not twinned -> Alterate.
INFO:root:NEW STATE: 
INFO:root:{'Prefix Modifier': [('Ceremonial', 1, ' ', '\nArea contains many Totems TAG Unscalable Value')], 'Suffix Modifier': [('of Ice', 1, ' ', '\nArea has patches of Chilled Ground\n(You are Chilled while standing in Chilled Ground)')]}
INFO:root:Item is not twinned -> Alterate.
INFO:root:NEW STATE: 
INFO:root:{'Prefix Modifier': [("Overlord's", 1, ' TAG Attack, Caster, Speed ', '\nUnique Boss deals 15% increased Damage\nUnique Boss has 20% increased Attack and Cast Speed')], 'Suffix Modifier': [('of Fatigue', 1, ' ', '\nPlayers have 20% less Cooldown Recovery Rate')]}
INFO:root:Item is not twinned -> Alterate.
INFO:root:NEW STATE: 
INFO:root:{'Prefix Modifier': [('Freezing', 1, ' TAG Damage, Physical, Elemental, Cold ', '\nMonsters deal 58(50-69)% extra Physical Damage as Cold')], 'Suffix Modifier': []}
INFO:root:Item is not twinned -> Alterate.
INFO:root:NEW STATE: 
INFO:root:{'Prefix Modifier': [], 'Suffix Modifier': [('of Carnage', 1, ' ', '\nMonsters Maim on Hit with Attacks\n(Maimed enemies have 30% reduced Movement Speed)')]}
INFO:root:Item has no prefixtes -> Augment.
INFO:root:NEW STATE: 
INFO:root:{'Prefix Modifier': [('Unwavering', 1, ' TAG Life ', '\n16(15-19)% more Monster Life\nMonsters cannot be Stunned TAG Unscalable Value')], 'Suffix Modifier': [('of Carnage', 1, ' ', '\nMonsters Maim on Hit with Attacks\n(Maimed enemies have 30% reduced Movement Speed)')]}
INFO:root:Item is not twinned -> Alterate.
INFO:root:NEW STATE: 
INFO:root:{'Prefix Modifier': [], 'Suffix Modifier': [('of Endurance', 1, ' ', '\nMonsters gain an Endurance Charge on Hit')]}
INFO:root:Item has no prefixtes -> Augment.
INFO:root:NEW STATE: 
INFO:root:{'Prefix Modifier': [('Unstoppable', 1, ' TAG Speed ', "\nMonsters cannot be Taunted TAG Unscalable Value\nMonsters' Action Speed cannot be modified to below base value TAG Unscalable Value")], 'Suffix Modifier': [('of Endurance', 1, ' ', '\nMonsters gain an Endurance Charge on Hit')]}
INFO:root:Item is not twinned -> Alterate.
INFO:root:NEW STATE: 
INFO:root:{'Prefix Modifier': [('Splitting', 1, ' ', '\nMonsters fire 2 additional Projectiles')], 'Suffix Modifier': [('of Balance', 1, ' TAG Damage, Elemental ', '\nPlayers cannot inflict Exposure TAG Unscalable Value')]}
INFO:root:Item is not twinned -> Alterate.
INFO:root:NEW STATE: 
INFO:root:{'Prefix Modifier': [('Unstoppable', 1, ' TAG Speed ', "\nMonsters cannot be Taunted TAG Unscalable Value\nMonsters' Action Speed cannot be modified to below base value TAG Unscalable Value")], 'Suffix Modifier': [('of Consecration', 1, ' ', '\nArea has patches of Consecrated Ground')]}
INFO:root:Item is not twinned -> Alterate.
INFO:root:NEW STATE: 
INFO:root:{'Prefix Modifier': [("Overlord's", 1, ' TAG Attack, Caster, Speed ', '\nUnique Boss deals 15% increased Damage\nUnique Boss has 20% increased Attack and Cast Speed')], 'Suffix Modifier': [('of Giants', 1, ' ', '\nMonsters have 45% increased Area of Effect')]}
INFO:root:Item is not twinned -> Alterate.
INFO:root:NEW STATE: 
INFO:root:{'Prefix Modifier': [('Slithering', 1, ' ', '\nArea is inhabited by Sea Witches and their Spawn TAG Unscalable Value')], 'Suffix Modifier': [('of Bloodlines', 1, ' ', '\n30(20-30)% more Magic Monsters')]}
INFO:root:Item is not twinned -> Alterate.
INFO:root:NEW STATE: 
INFO:root:{'Prefix Modifier': [('Burning', 1, ' TAG Damage, Physical, Elemental, Fire ', '\nMonsters deal 63(50-69)% extra Physical Damage as Fire')], 'Suffix Modifier': [('of Imprecision', 1, ' ', '\nPlayers have 15% less Accuracy Rating')]}
INFO:root:Item is not twinned -> Alterate.
INFO:root:NEW STATE: 
INFO:root:{'Prefix Modifier': [('Slithering', 1, ' ', '\nArea is inhabited by Sea Witches and their Spawn TAG Unscalable Value')], 'Suffix Modifier': []}
INFO:root:Item is not twinned -> Alterate.
INFO:root:NEW STATE: 
INFO:root:{'Prefix Modifier': [], 'Suffix Modifier': [('of Frenzy', 1, ' ', '\nMonsters gain a Frenzy Charge on Hit')]}
INFO:root:Item has no prefixtes -> Augment.
INFO:root:NEW STATE: 
INFO:root:{'Prefix Modifier': [('Shocking', 1, ' TAG Damage, Physical, Elemental, Lightning ', '\nMonsters deal 52(50-69)% extra Physical Damage as Lightning')], 'Suffix Modifier': [('of Frenzy', 1, ' ', '\nMonsters gain a Frenzy Charge on Hit')]}
INFO:root:Item is not twinned -> Alterate.
INFO:root:NEW STATE: 
INFO:root:{'Prefix Modifier': [("Antagonist's", 1, ' ', '\n22(20-30)% increased number of Rare Monsters')], 'Suffix Modifier': []}
INFO:root:Item is not twinned -> Alterate.
INFO:root:NEW STATE: 
INFO:root:{'Prefix Modifier': [('Unwavering', 1, ' TAG Life ', '\n15(15-19)% more Monster Life\nMonsters cannot be Stunned TAG Unscalable Value')], 'Suffix Modifier': []}
INFO:root:Item is not twinned -> Alterate.
INFO:root:NEW STATE: 
INFO:root:{'Prefix Modifier': [('Unstoppable', 1, ' TAG Speed ', "\nMonsters cannot be Taunted TAG Unscalable Value\nMonsters' Action Speed cannot be modified to below base value TAG Unscalable Value")], 'Suffix Modifier': [('of Fatigue', 1, ' ', '\nPlayers have 20% less Cooldown Recovery Rate')]}
INFO:root:Item is not twinned -> Alterate.
INFO:root:NEW STATE: 
INFO:root:{'Prefix Modifier': [('Haunting', 1, ' ', '\nArea is inhabited by Ghosts TAG Unscalable Value')], 'Suffix Modifier': [('of Drought', 1, ' ', '\nPlayers gain 30% reduced Flask Charges')]}
INFO:root:NEW STATE: 
INFO:root:{'Prefix Modifier': [('Haunting', 1, ' ', '\nArea is inhabited by Ghosts TAG Unscalable Value')], 'Suffix Modifier': [('of Drought', 1, ' ', '\nPlayers gain 30% reduced Flask Charges')]}
INFO:root:Item is not twinned -> Alterate.
INFO:root:NEW STATE: 
INFO:root:{'Prefix Modifier': [('Freezing', 1, ' TAG Damage, Physical, Elemental, Cold ', '\nMonsters deal 66(50-69)% extra Physical Damage as Cold')], 'Suffix Modifier': [('of Rust', 1, ' TAG Defences ', '\nPlayers have 20% less Armour\nPlayers have 20% reduced Chance to Block')]}
INFO:root:Item is not twinned -> Alterate.
INFO:root:NEW STATE: 
INFO:root:{'Prefix Modifier': [('Enthralled', 1, ' ', '\nUnique Bosses are Possessed')], 'Suffix Modifier': []}
INFO:root:Item is not twinned -> Alterate.
INFO:root:NEW STATE: 
INFO:root:{'Prefix Modifier': [('Fecund', 1, ' TAG Life ', '\n21(20-29)% more Monster Life')], 'Suffix Modifier': [('of Frenzy', 1, ' ', '\nMonsters gain a Frenzy Charge on Hit')]}
INFO:root:Item is not twinned -> Alterate.
INFO:root:NEW STATE: 
INFO:root:{'Prefix Modifier': [('Multifarious', 1, ' ', '\nArea has increased monster variety')], 'Suffix Modifier': [('of Balance', 1, ' TAG Damage, Elemental ', '\nPlayers cannot inflict Exposure TAG Unscalable Value')]}
INFO:root:Item is not twinned -> Alterate.
INFO:root:NEW STATE: 
INFO:root:{'Prefix Modifier': [], 'Suffix Modifier': [('of Balance', 1, ' TAG Damage, Elemental ', '\nPlayers cannot inflict Exposure TAG Unscalable Value')]}
INFO:root:Item has no prefixtes -> Augment.
INFO:root:NEW STATE: 
INFO:root:{'Prefix Modifier': [('Unwavering', 1, ' TAG Life ', '\n16(15-19)% more Monster Life\nMonsters cannot be Stunned TAG Unscalable Value')], 'Suffix Modifier': [('of Balance', 1, ' TAG Damage, Elemental ', '\nPlayers cannot inflict Exposure TAG Unscalable Value')]}
INFO:root:Item is not twinned -> Alterate.
INFO:root:NEW STATE: 
INFO:root:{'Prefix Modifier': [('Oppressive', 1, ' ', '\nMonsters have +30% chance to Suppress Spell Damage\n(50% of Damage from Suppressed Hits and Ailments they inflict is prevented)')], 'Suffix Modifier': []}
INFO:root:Item is not twinned -> Alterate.
INFO:root:NEW STATE: 
INFO:root:{'Prefix Modifier': [], 'Suffix Modifier': [('of Smothering', 1, ' TAG Life, Defences ', '\nPlayers have 20% less Recovery Rate of Life and Energy Shield')]}
INFO:root:Item has no prefixtes -> Augment.
INFO:root:NEW STATE: 
INFO:root:{'Prefix Modifier': [('Impaling', 1, ' ', '\nMonsters have 25% chance to Impale with Attacks\n(When an Impaled enemy is hit, the Impale reflects 10% of the physical damage of the Impaling hit to that enemy. Impale lasts for 5 hits or 8 seconds)')], 'Suffix Modifier': [('of Smothering', 1, ' TAG Life, Defences ', '\nPlayers have 20% less Recovery Rate of Life and Energy Shield')]}
INFO:root:Item is not twinned -> Alterate.
INFO:root:NEW STATE: 
INFO:root:{'Prefix Modifier': [('Unstoppable', 1, ' TAG Speed ', "\nMonsters cannot be Taunted TAG Unscalable Value\nMonsters' Action Speed cannot be modified to below base value TAG Unscalable Value")], 'Suffix Modifier': []}
INFO:root:Item is not twinned -> Alterate.
INFO:root:NEW STATE: 
INFO:root:{'Prefix Modifier': [('Enthralled', 1, ' ', '\nUnique Bosses are Possessed')], 'Suffix Modifier': [('of Drought', 1, ' ', '\nPlayers gain 30% reduced Flask Charges')]}
INFO:root:Item is not twinned -> Alterate.
INFO:root:NEW STATE: 
INFO:root:{'Prefix Modifier': [("Overlord's", 1, ' TAG Attack, Caster, Speed ', '\nUnique Boss deals 15% increased Damage\nUnique Boss has 20% increased Attack and Cast Speed')], 'Suffix Modifier': [('of Transience', 1, ' ', '\nBuffs on Players expire 30% faster')]}
INFO:root:Item is not twinned -> Alterate.
INFO:root:NEW STATE: 
INFO:root:{'Prefix Modifier': [], 'Suffix Modifier': [('of Imprecision', 1, ' ', '\nPlayers have 15% less Accuracy Rating')]}
INFO:root:Item has no prefixtes -> Augment.
INFO:root:NEW STATE: 
INFO:root:{'Prefix Modifier': [('Hexwarded', 1, ' TAG Caster, Curse ', '\n25% less effect of Curses on Monsters')], 'Suffix Modifier': [('of Imprecision', 1, ' ', '\nPlayers have 15% less Accuracy Rating')]}
INFO:root:Item is not twinned -> Alterate.
INFO:root:NEW STATE: 
INFO:root:{'Prefix Modifier': [], 'Suffix Modifier': [('of Bloodlines', 1, ' ', '\n23(20-30)% more Magic Monsters')]}
INFO:root:Item has no prefixtes -> Augment.
INFO:root:NEW STATE: 
INFO:root:{'Prefix Modifier': [('Freezing', 1, ' TAG Damage, Physical, Elemental, Cold ', '\nMonsters deal 54(50-69)% extra Physical Damage as Cold')], 'Suffix Modifier': [('of Bloodlines', 1, ' ', '\n23(20-30)% more Magic Monsters')]}
INFO:root:Item is not twinned -> Alterate.
INFO:root:NEW STATE: 
INFO:root:{'Prefix Modifier': [('Impervious', 1, ' TAG Physical, Chaos, Attack, Ailment ', '\nMonsters have a 20% chance to avoid Poison, Impale, and Bleeding')], 'Suffix Modifier': [('of Impotence', 1, ' ', '\nPlayers have 15% less Area of Effect')]}
INFO:root:Item is not twinned -> Alterate.
INFO:root:NEW STATE: 
INFO:root:{'Prefix Modifier': [('Oppressive', 1, ' ', '\nMonsters have +30% chance to Suppress Spell Damage\n(50% of Damage from Suppressed Hits and Ailments they inflict is prevented)')], 'Suffix Modifier': []}
INFO:root:Item is not twinned -> Alterate.
INFO:root:NEW STATE: 
INFO:root:{'Prefix Modifier': [('Haunting', 1, ' ', '\nArea is inhabited by Ghosts TAG Unscalable Value')], 'Suffix Modifier': []}
INFO:root:Item is not twinned -> Alterate.
INFO:root:NEW STATE: 
INFO:root:{'Prefix Modifier': [('Fecund', 1, ' TAG Life ', '\n20(20-29)% more Monster Life')], 'Suffix Modifier': [('of Blinding', 1, ' ', '\nMonsters Blind on Hit\n(Being Blinded causes 20% less Accuracy Rating and Evasion Rating, for 4 seconds)')]}
INFO:root:Item is not twinned -> Alterate.
INFO:root:NEW STATE: 
INFO:root:{'Prefix Modifier': [('Ceremonial', 1, ' ', '\nArea contains many Totems TAG Unscalable Value')], 'Suffix Modifier': [('of Giants', 1, ' ', '\nMonsters have 45% increased Area of Effect')]}
INFO:root:Item is not twinned -> Alterate.
INFO:root:NEW STATE: 
INFO:root:{'Prefix Modifier': [('Armoured', 1, ' TAG Physical ', '\n+20% Monster Physical Damage Reduction')], 'Suffix Modifier': []}
INFO:root:Item is not twinned -> Alterate.
INFO:root:NEW STATE: 
INFO:root:{'Prefix Modifier': [('Fleet', 1, ' TAG Attack, Caster, Speed ', '\n20(15-20)% increased Monster Movement Speed\n23(20-25)% increased Monster Attack Speed\n20(20-25)% increased Monster Cast Speed')], 'Suffix Modifier': [('of Doubt', 1, ' ', '\nPlayers have 25% reduced effect of Non-Curse Auras from Skills')]}
INFO:root:Item is not twinned -> Alterate.
INFO:root:NEW STATE: 
INFO:root:{'Prefix Modifier': [('Mirrored', 1, ' TAG Damage, Elemental ', '\nMonsters reflect 13% of Elemental Damage')], 'Suffix Modifier': [('of Carnage', 1, ' ', '\nMonsters Maim on Hit with Attacks\n(Maimed enemies have 30% reduced Movement Speed)')]}
INFO:root:Item is not twinned -> Alterate.
INFO:root:NEW STATE: 
INFO:root:{'Prefix Modifier': [("Antagonist's", 1, ' ', '\n28(20-30)% increased number of Rare Monsters')], 'Suffix Modifier': []}
INFO:root:NEW STATE: 
INFO:root:{'Prefix Modifier': [("Antagonist's", 1, ' ', '\n28(20-30)% increased number of Rare Monsters')], 'Suffix Modifier': []}
INFO:root:Item is not twinned -> Alterate.
INFO:root:NEW STATE: 
INFO:root:{'Prefix Modifier': [('Multifarious', 1, ' ', '\nArea has increased monster variety')], 'Suffix Modifier': []}
INFO:root:Item is not twinned -> Alterate.
INFO:root:NEW STATE: 
INFO:root:{'Prefix Modifier': [('Fecund', 1, ' TAG Life ', '\n23(20-29)% more Monster Life')], 'Suffix Modifier': []}
INFO:root:Item is not twinned -> Alterate.
INFO:root:NEW STATE: 
INFO:root:{'Prefix Modifier': [('Burning', 1, ' TAG Damage, Physical, Elemental, Fire ', '\nMonsters deal 63(50-69)% extra Physical Damage as Fire')], 'Suffix Modifier': []}
INFO:root:Item is not twinned -> Alterate.
INFO:root:NEW STATE: 
INFO:root:{'Prefix Modifier': [('Chaining', 1, ' ', "\nMonsters' skills Chain 2 additional times")], 'Suffix Modifier': []}
INFO:root:Item is not twinned -> Alterate.
INFO:root:NEW STATE: 
INFO:root:{'Prefix Modifier': [], 'Suffix Modifier': [('of Miring', 1, ' TAG Attack ', '\nMonsters have 30% increased Accuracy Rating\nPlayers have -10% to amount of Suppressed Spell Damage Prevented\n(50% of Damage from Suppressed Hits and Ailments they inflict is prevented)')]}
INFO:root:Item has no prefixtes -> Augment.
INFO:root:NEW STATE: 
INFO:root:{'Prefix Modifier': [('Ceremonial', 1, ' ', '\nArea contains many Totems TAG Unscalable Value')], 'Suffix Modifier': [('of Miring', 1, ' TAG Attack ', '\nMonsters have 30% increased Accuracy Rating\nPlayers have -10% to amount of Suppressed Spell Damage Prevented\n(50% of Damage from Suppressed Hits and Ailments they inflict is prevented)')]}
INFO:root:Item is not twinned -> Alterate.
INFO:root:NEW STATE: 
INFO:root:{'Prefix Modifier': [('Solar', 1, ' ', '\nArea is inhabited by Solaris fanatics TAG Unscalable Value')], 'Suffix Modifier': [('of Bloodlines', 1, ' ', '\n20(20-30)% more Magic Monsters')]}
INFO:root:Item is not twinned -> Alterate.
INFO:root:NEW STATE: 
INFO:root:{'Prefix Modifier': [('Oppressive', 1, ' ', '\nMonsters have +30% chance to Suppress Spell Damage\n(50% of Damage from Suppressed Hits and Ailments they inflict is prevented)')], 'Suffix Modifier': [('of Consecration', 1, ' ', '\nArea has patches of Consecrated Ground')]}
INFO:root:Item is not twinned -> Alterate.
INFO:root:NEW STATE: 
INFO:root:{'Prefix Modifier': [('Fecund', 1, ' TAG Life ', '\n20(20-29)% more Monster Life')], 'Suffix Modifier': []}
INFO:root:Item is not twinned -> Alterate.
INFO:root:NEW STATE: 
INFO:root:{'Prefix Modifier': [('Savage', 1, ' TAG Damage ', '\n15(14-17)% increased Monster Damage')], 'Suffix Modifier': []}
INFO:root:Item is not twinned -> Alterate.
INFO:root:NEW STATE: 
INFO:root:{'Prefix Modifier': [('Mirrored', 1, ' TAG Damage, Elemental ', '\nMonsters reflect 13% of Elemental Damage')], 'Suffix Modifier': []}
INFO:root:Item is not twinned -> Alterate.
INFO:root:NEW STATE: 
INFO:root:{'Prefix Modifier': [("Overlord's", 1, ' TAG Attack, Caster, Speed ', '\nUnique Boss deals 15% increased Damage\nUnique Boss has 20% increased Attack and Cast Speed')], 'Suffix Modifier': [('of Giants', 1, ' ', '\nMonsters have 45% increased Area of Effect')]}
INFO:root:Item is not twinned -> Alterate.
INFO:root:NEW STATE: 
INFO:root:{'Prefix Modifier': [('Enthralled', 1, ' ', '\nUnique Bosses are Possessed')], 'Suffix Modifier': []}
INFO:root:Item is not twinned -> Alterate.
INFO:root:NEW STATE: 
INFO:root:{'Prefix Modifier': [], 'Suffix Modifier': [('of Deadliness', 1, ' TAG Damage, Critical ', '\nMonsters have 168(160-200)% increased Critical Strike Chance\n+30(30-35)% to Monster Critical Strike Multiplier')]}
INFO:root:Item has no prefixtes -> Augment.
INFO:root:NEW STATE: 
INFO:root:{'Prefix Modifier': [('Splitting', 1, ' ', '\nMonsters fire 2 additional Projectiles')], 'Suffix Modifier': [('of Deadliness', 1, ' TAG Damage, Critical ', '\nMonsters have 168(160-200)% increased Critical Strike Chance\n+30(30-35)% to Monster Critical Strike Multiplier')]}
INFO:root:Item is not twinned -> Alterate.
INFO:root:NEW STATE: 
INFO:root:{'Prefix Modifier': [], 'Suffix Modifier': [('of Fatigue', 1, ' ', '\nPlayers have 20% less Cooldown Recovery Rate')]}
INFO:root:Item has no prefixtes -> Augment.
INFO:root:NEW STATE: 
INFO:root:{'Prefix Modifier': [('Impervious', 1, ' TAG Physical, Chaos, Attack, Ailment ', '\nMonsters have a 20% chance to avoid Poison, Impale, and Bleeding')], 'Suffix Modifier': [('of Fatigue', 1, ' ', '\nPlayers have 20% less Cooldown Recovery Rate')]}
INFO:root:Item is not twinned -> Alterate.
INFO:root:NEW STATE: 
INFO:root:{'Prefix Modifier': [('Splitting', 1, ' ', '\nMonsters fire 2 additional Projectiles')], 'Suffix Modifier': [('of Smothering', 1, ' TAG Life, Defences ', '\nPlayers have 20% less Recovery Rate of Life and Energy Shield')]}
INFO:root:Item is not twinned -> Alterate.
INFO:root:NEW STATE: 
INFO:root:{'Prefix Modifier': [('Twinned', 1, ' ', '\nArea contains two Unique Bosses TAG Unscalable Value')], 'Suffix Modifier': [('of Lightning', 1, ' ', '\nArea has patches of Shocked Ground which increase Damage taken by 20%')]}
INFO:root:Item is twinned.
