INFO:root:NEW STATE: 
INFO:root:{'Prefix Modifier': [("Overlord's", 1, ' TAG Attack, Caster, Speed ', '\nUnique Boss deals 25% increased Damage\nUnique Boss has 30% increased Attack and Cast Speed')], 'Suffix Modifier': [('of Exposure', 1, ' TAG Elemental, Resistance ', '\n-10(-12--9)% maximum Player Resistances')]}
INFO:root:Item is not twinned -> Alterate.
INFO:root:NEW STATE: 
INFO:root:{'Prefix Modifier': [('Oppressive', 1, ' ', '\nMonsters have +60% chance to Suppress Spell Damage\n(50% of Damage from Suppressed Hits and Ailments they inflict is prevented)')], 'Suffix Modifier': []}
INFO:root:Item is not twinned -> Alterate.
INFO:root:NEW STATE: 
INFO:root:{'Prefix Modifier': [], 'Suffix Modifier': [('of Power', 1, ' ', '\nMonsters gain a Power Charge on Hit')]}
INFO:root:Item has no prefixtes -> Augment.
INFO:root:NEW STATE: 
INFO:root:{'Prefix Modifier': [('Unstoppable', 1, ' TAG Speed ', "\nMonsters cannot be Taunted TAG Unscalable Value\nMonsters' Action Speed cannot be modified to below base value TAG Unscalable Value")], 'Suffix Modifier': [('of Power', 1, ' ', '\nMonsters gain a Power Charge on Hit')]}
INFO:root:Item is not twinned -> Alterate.
INFO:root:NEW STATE: 
INFO:root:{'Prefix Modifier': [('Impervious', 1, ' TAG Physical, Chaos, Attack, Ailment ', '\nMonsters have a 50% chance to avoid Poison, Impale, and Bleeding')], 'Suffix Modifier': [('of Blinding', 1, ' ', '\nMonsters Blind on Hit\n(Being Blinded causes 20% less Accuracy Rating and Evasion Rating, for 4 seconds)')]}
INFO:root:Item is not twinned -> Alterate.
INFO:root:NEW STATE: 
INFO:root:{'Prefix Modifier': [('Fecund', 1, ' TAG Life ', '\n41(40-49)% more Monster Life')], 'Suffix Modifier': [('of Exposure', 1, ' TAG Elemental, Resistance ', '\n-11(-12--9)% maximum Player Resistances')]}
INFO:root:Item is not twinned -> Alterate.
INFO:root:NEW STATE: 
INFO:root:{'Prefix Modifier': [], 'Suffix Modifier': [('of Venom', 1, ' TAG Chaos, Ailment ', '\nMonsters Poison on Hit TAG Unscalable Value\n(Poison deals Chaos Damage over time, based on the base Physical and Chaos Damage of the Skill. Multiple instances of Poison stack)')]}
INFO:root:Item has no prefixtes -> Augment.
INFO:root:NEW STATE: 
INFO:root:{'Prefix Modifier': [('Savage', 1, ' TAG Damage ', '\n24(22-25)% increased Monster Damage')], 'Suffix Modifier': [('of Venom', 1, ' TAG Chaos, Ailment ', '\nMonsters Poison on Hit TAG Unscalable Value\n(Poison deals Chaos Damage over time, based on the base Physical and Chaos Damage of the Skill. Multiple instances of Poison stack)')]}
INFO:root:Item is not twinned -> Alterate.
INFO:root:NEW STATE: 
INFO:root:{'Prefix Modifier': [('Savage', 1, ' TAG Damage ', '\n25(22-25)% increased Monster Damage')], 'Suffix Modifier': []}
INFO:root:Item is not twinned -> Alterate.
INFO:root:NEW STATE: 
INFO:root:{'Prefix Modifier': [('Empowered', 1, ' TAG Elemental, Fire, Cold, Lightning, Ailment ', '\nMonsters have a 20% chance to cause Elemental Ailments on Hit\n(Elemental Ailments are Ignited, Scorched, Chilled, Frozen, Brittle, Shocked, and Sapped)')], 'Suffix Modifier': []}
INFO:root:Item is not twinned -> Alterate.
INFO:root:NEW STATE: 
INFO:root:{'Prefix Modifier': [('Slithering', 1, ' ', '\nArea is inhabited by Sea Witches and their Spawn TAG Unscalable Value')], 'Suffix Modifier': [('of Frenzy', 1, ' ', '\nMonsters gain a Frenzy Charge on Hit')]}
INFO:root:Item is not twinned -> Alterate.
INFO:root:NEW STATE: 
INFO:root:{'Prefix Modifier': [('Buffered', 1, ' ', '\nMonsters gain 41(40-49)% of Maximum Life as Extra Maximum Energy Shield')], 'Suffix Modifier': []}
INFO:root:Item is not twinned -> Alterate.
INFO:root:NEW STATE: 
INFO:root:{'Prefix Modifier': [("Overlord's", 1, ' TAG Attack, Caster, Speed ', '\nUnique Boss deals 25% increased Damage\nUnique Boss has 30% increased Attack and Cast Speed')], 'Suffix Modifier': [('of Congealment', 1, ' ', '\nCannot Leech from Monsters')]}
INFO:root:Item is not twinned -> Alterate.
INFO:root:NEW STATE: 
INFO:root:{'Prefix Modifier': [('Buffered', 1, ' ', '\nMonsters gain 41(40-49)% of Maximum Life as Extra Maximum Energy Shield')], 'Suffix Modifier': [('of Impedance', 1, ' ', '\nMonsters Hinder on Hit with Spells\n(Hinder reduces movement speed by 30% for 4 seconds)')]}
INFO:root:Item is not twinned -> Alterate.
INFO:root:NEW STATE: 
INFO:root:{'Prefix Modifier': [], 'Suffix Modifier': [('of Carnage', 1, ' ', '\nMonsters Maim on Hit with Attacks\n(Maimed enemies have 30% reduced Movement Speed)')]}
INFO:root:Item has no prefixtes -> Augment.
INFO:root:NEW STATE: 
INFO:root:{'Prefix Modifier': [('Twinned', 1, ' ', '\nArea contains two Unique Bosses TAG Unscalable Value')], 'Suffix Modifier': [('of Carnage', 1, ' ', '\nMonsters Maim on Hit with Attacks\n(Maimed enemies have 30% reduced Movement Speed)')]}
INFO:root:Item is twinned.
