INFO:root:NEW STATE: 
INFO:root:{'Prefix Modifier': [], 'Suffix Modifier': [('of Congealment', 1, ' ', '\nCannot Leech from Monsters')]}
INFO:root:Item has no prefixtes -> Augment.
INFO:root:Item is not twinned -> Alterate.
INFO:root:NEW STATE: 
INFO:root:{'Prefix Modifier': [], 'Suffix Modifier': [('of Deadliness', 1, ' TAG Damage, Critical ', '\nMonsters have 373(360-400)% increased Critical Strike Chance\n+44(41-45)% to Monster Critical Strike Multiplier')]}
INFO:root:Item has no prefixtes -> Augment.
INFO:root:NEW STATE: 
INFO:root:{'Prefix Modifier': [('Empowered', 1, ' TAG Elemental, Fire, Cold, Lightning, Ailment ', '\nMonsters have a 20% chance to cause Elemental Ailments on Hit\n(Elemental Ailments are Ignited, Scorched, Chilled, Frozen, Brittle, Shocked, and Sapped)')], 'Suffix Modifier': [('of Deadliness', 1, ' TAG Damage, Critical ', '\nMonsters have 373(360-400)% increased Critical Strike Chance\n+44(41-45)% to Monster Critical Strike Multiplier')]}
INFO:root:Item is not twinned -> Alterate.
INFO:root:NEW STATE: 
INFO:root:{'Prefix Modifier': [('Multifarious', 1, ' ', '\nArea has increased monster variety')], 'Suffix Modifier': []}
INFO:root:Item is not twinned -> Alterate.
INFO:root:NEW STATE: 
INFO:root:{'Prefix Modifier': [], 'Suffix Modifier': [('of Temporal Chains', 1, ' TAG Caster, Curse ', '\nPlayers are Cursed with Temporal Chains\n(Temporal Chains is a Hex which reduces Action Speed by 15%, or 9% on Rare or Unique targets, and makes other effects on the target expire 40% slower. It has 50% less effect on Players and lasts 5 seconds)')]}
INFO:root:Item has no prefixtes -> Augment.
INFO:root:NEW STATE: 
INFO:root:{'Prefix Modifier': [('Capricious', 1, ' ', '\nArea is inhabited by Goatmen TAG Unscalable Value')], 'Suffix Modifier': [('of Temporal Chains', 1, ' TAG Caster, Curse ', '\nPlayers are Cursed with Temporal Chains\n(Temporal Chains is a Hex which reduces Action Speed by 15%, or 9% on Rare or Unique targets, and makes other effects on the target expire 40% slower. It has 50% less effect on Players and lasts 5 seconds)')]}
INFO:root:Item is not twinned -> Alterate.
INFO:root:NEW STATE: 
INFO:root:{'Prefix Modifier': [('Unstoppable', 1, ' TAG Speed ', "\nMonsters cannot be Taunted TAG Unscalable Value\nMonsters' Action Speed cannot be modified to below base value TAG Unscalable Value")], 'Suffix Modifier': [('of Smothering', 1, ' TAG Life, Defences ', '\nPlayers have 60% less Recovery Rate of Life and Energy Shield')]}
INFO:root:Item is not twinned -> Alterate.
INFO:root:NEW STATE: 
INFO:root:{'Prefix Modifier': [('Fecund', 1, ' TAG Life ', '\n41(40-49)% more Monster Life')], 'Suffix Modifier': []}
INFO:root:Item is not twinned -> Alterate.
INFO:root:NEW STATE: 
INFO:root:{'Prefix Modifier': [('Emanant', 1, ' ', '\nArea is inhabited by ranged monsters TAG Unscalable Value')], 'Suffix Modifier': [('of Drought', 1, ' ', '\nPlayers gain 50% reduced Flask Charges')]}
INFO:root:Item is not twinned -> Alterate.
INFO:root:NEW STATE: 
INFO:root:{'Prefix Modifier': [('Unwavering', 1, ' TAG Life ', '\n29(25-30)% more Monster Life\nMonsters cannot be Stunned TAG Unscalable Value')], 'Suffix Modifier': [('of Fatigue', 1, ' ', '\nPlayers have 40% less Cooldown Recovery Rate')]}
INFO:root:Item is not twinned -> Alterate.
INFO:root:NEW STATE: 
INFO:root:{'Prefix Modifier': [('Impaling', 1, ' ', '\nMonsters have 60% chance to Impale with Attacks\n(When an Impaled enemy is hit, the Impale reflects 10% of the physical damage of the Impaling hit to that enemy. Impale lasts for 5 hits or 8 seconds)')], 'Suffix Modifier': [('of Bloodlines', 1, ' ', '\n22(20-30)% more Magic Monsters')]}
INFO:root:Item is not twinned -> Alterate.
INFO:root:NEW STATE: 
INFO:root:{'Prefix Modifier': [('Multifarious', 1, ' ', '\nArea has increased monster variety')], 'Suffix Modifier': [('of Enervation', 1, ' ', '\nMonsters steal Power, Frenzy and Endurance charges on Hit')]}
INFO:root:Item is not twinned -> Alterate.
INFO:root:NEW STATE: 
INFO:root:{'Prefix Modifier': [('Empowered', 1, ' TAG Elemental, Fire, Cold, Lightning, Ailment ', '\nMonsters have a 20% chance to cause Elemental Ailments on Hit\n(Elemental Ailments are Ignited, Scorched, Chilled, Frozen, Brittle, Shocked, and Sapped)')], 'Suffix Modifier': []}
INFO:root:Item is not twinned -> Alterate.
INFO:root:NEW STATE: 
INFO:root:{'Prefix Modifier': [('Skeletal', 1, ' ', '\nArea is inhabited by Skeletons TAG Unscalable Value')], 'Suffix Modifier': [('of Drought', 1, ' ', '\nPlayers gain 50% reduced Flask Charges')]}
INFO:root:Item is not twinned -> Alterate.
INFO:root:NEW STATE: 
INFO:root:{'Prefix Modifier': [('Enthralled', 1, ' ', '\nUnique Bosses are Possessed')], 'Suffix Modifier': [('of Flames', 1, ' TAG Damage, Elemental, Fire ', '\nArea has patches of Burning Ground')]}
INFO:root:Item is not twinned -> Alterate.
INFO:root:NEW STATE: 
INFO:root:{'Prefix Modifier': [('Hexwarded', 1, ' TAG Caster, Curse ', '\n60% less effect of Curses on Monsters')], 'Suffix Modifier': [('of Fatigue', 1, ' ', '\nPlayers have 40% less Cooldown Recovery Rate')]}
INFO:root:Item is not twinned -> Alterate.
INFO:root:NEW STATE: 
INFO:root:{'Prefix Modifier': [('Splitting', 1, ' ', '\nMonsters fire 2 additional Projectiles')], 'Suffix Modifier': [('of Doubt', 1, ' ', '\nPlayers have 60% reduced effect of Non-Curse Auras from Skills')]}
INFO:root:Item is not twinned -> Alterate.
INFO:root:NEW STATE: 
INFO:root:{'Prefix Modifier': [('Twinned', 1, ' ', '\nArea contains two Unique Bosses TAG Unscalable Value')], 'Suffix Modifier': [('of Insulation', 1, ' TAG Elemental, Fire, Cold, Lightning, Ailment ', '\nMonsters have 70% chance to Avoid Elemental Ailments\n(Elemental Ailments are Ignited, Scorched, Chilled, Frozen, Brittle, Shocked, and Sapped)')]}
INFO:root:Item is twinned.
