INFO:root:NEW STATE: 
INFO:root:{'Prefix Modifier': [("Overlord's", 1, ' TAG Attack, Caster, Speed ', '\nUnique Boss deals 25% increased Damage\nUnique Boss has 30% increased Attack and Cast Speed')], 'Suffix Modifier': []}
INFO:root:Item is not twinned -> Alterate.
INFO:root:NEW STATE: 
INFO:root:{'Prefix Modifier': [], 'Suffix Modifier': [('of Deadliness', 1, ' TAG Damage, Critical ', '\nMonsters have 374(360-400)% increased Critical Strike Chance\n+44(41-45)% to Monster Critical Strike Multiplier')]}
INFO:root:Item has no prefixtes -> Augment.
INFO:root:NEW STATE: 
INFO:root:{'Prefix Modifier': [('Impervious', 1, ' TAG Physical, Chaos, Attack, Ailment ', '\nMonsters have a 50% chance to avoid Poison, Impale, and Bleeding')], 'Suffix Modifier': [('of Deadliness', 1, ' TAG Damage, Critical ', '\nMonsters have 374(360-400)% increased Critical Strike Chance\n+44(41-45)% to Monster Critical Strike Multiplier')]}
INFO:root:Item is not twinned -> Alterate.
INFO:root:NEW STATE: 
INFO:root:{'Prefix Modifier': [('Freezing', 1, ' TAG Damage, Physical, Elemental, Cold ', '\nMonsters deal 104(90-110)% extra Physical Damage as Cold')], 'Suffix Modifier': []}
INFO:root:Item is not twinned -> Alterate.
INFO:root:NEW STATE: 
INFO:root:{'Prefix Modifier': [('Enthralled', 1, ' ', '\nUnique Bosses are Possessed')], 'Suffix Modifier': []}
INFO:root:Item is not twinned -> Alterate.
INFO:root:NEW STATE: 
INFO:root:{'Prefix Modifier': [('Oppressive', 1, ' ', '\nMonsters have +60% chance to Suppress Spell Damage\n(50% of Damage from Suppressed Hits and Ailments they inflict is prevented)')], 'Suffix Modifier': [('of Rust', 1, ' TAG Defences ', '\nPlayers have 30% less Armour\nPlayers have 40% reduced Chance to Block')]}
INFO:root:Item is not twinned -> Alterate.
INFO:root:NEW STATE: 
INFO:root:{'Prefix Modifier': [], 'Suffix Modifier': [('of Transience', 1, ' ', '\nBuffs on Players expire 70% faster')]}
INFO:root:Item has no prefixtes -> Augment.
INFO:root:NEW STATE: 
INFO:root:{'Prefix Modifier': [('Hexproof', 1, ' TAG Caster, Curse ', '\nMonsters are Hexproof TAG Unscalable Value')], 'Suffix Modifier': [('of Transience', 1, ' ', '\nBuffs on Players expire 70% faster')]}
INFO:root:Item is not twinned -> Alterate.
INFO:root:NEW STATE: 
INFO:root:{'Prefix Modifier': [("Overlord's", 1, ' TAG Attack, Caster, Speed ', '\nUnique Boss deals 25% increased Damage\nUnique Boss has 30% increased Attack and Cast Speed')], 'Suffix Modifier': [('of Deadliness', 1, ' TAG Damage, Critical ', '\nMonsters have 398(360-400)% increased Critical Strike Chance\n+41(41-45)% to Monster Critical Strike Multiplier')]}
INFO:root:Item is not twinned -> Alterate.
INFO:root:NEW STATE: 
INFO:root:{'Prefix Modifier': [('Fleet', 1, ' TAG Attack, Caster, Speed ', '\n26(25-30)% increased Monster Movement Speed\n41(35-45)% increased Monster Attack Speed\n39(35-45)% increased Monster Cast Speed')], 'Suffix Modifier': [('of Congealment', 1, ' ', '\nCannot Leech from Monsters')]}
INFO:root:Item is not twinned -> Alterate.
INFO:root:NEW STATE: 
INFO:root:{'Prefix Modifier': [('Otherworldly', 1, ' ', '\nSlaying Enemies close together can attract monsters from Beyond this realm TAG Unscalable Value')], 'Suffix Modifier': []}
INFO:root:Item is not twinned -> Alterate.
INFO:root:NEW STATE: 
INFO:root:{'Prefix Modifier': [], 'Suffix Modifier': [('of Transience', 1, ' ', '\nBuffs on Players expire 70% faster')]}
INFO:root:Item has no prefixtes -> Augment.
INFO:root:NEW STATE: 
INFO:root:{'Prefix Modifier': [("Overlord's", 1, ' TAG Attack, Caster, Speed ', '\nUnique Boss deals 25% increased Damage\nUnique Boss has 30% increased Attack and Cast Speed')], 'Suffix Modifier': [('of Transience', 1, ' ', '\nBuffs on Players expire 70% faster')]}
INFO:root:Item is not twinned -> Alterate.
INFO:root:NEW STATE: 
INFO:root:{'Prefix Modifier': [("Titan's", 1, ' TAG Life ', '\nUnique Boss has 35% increased Life\nUnique Boss has 70% increased Area of Effect')], 'Suffix Modifier': [('of Carnage', 1, ' ', '\nMonsters Maim on Hit with Attacks\n(Maimed enemies have 30% reduced Movement Speed)')]}
INFO:root:Item is not twinned -> Alterate.
INFO:root:NEW STATE: 
INFO:root:{'Prefix Modifier': [], 'Suffix Modifier': [('of Bloodlines', 1, ' ', '\n20(20-30)% more Magic Monsters')]}
INFO:root:Item has no prefixtes -> Augment.
INFO:root:NEW STATE: 
INFO:root:{'Prefix Modifier': [('Fecund', 1, ' TAG Life ', '\n40(40-49)% more Monster Life')], 'Suffix Modifier': [('of Bloodlines', 1, ' ', '\n20(20-30)% more Magic Monsters')]}
INFO:root:Item is not twinned -> Alterate.
INFO:root:NEW STATE: 
INFO:root:{'Prefix Modifier': [('Punishing', 1, ' TAG Damage, Physical ', '\nMonsters reflect 18% of Physical Damage')], 'Suffix Modifier': [('of Lightning', 1, ' ', '\nArea has patches of Shocked Ground which increase Damage taken by 50%')]}
INFO:root:Item is not twinned -> Alterate.
INFO:root:NEW STATE: 
INFO:root:{'Prefix Modifier': [], 'Suffix Modifier': [('of Enfeeblement', 1, ' TAG Caster, Curse ', "\nPlayers are Cursed with Enfeeble\n(Enfeeble is a Hex which reduces the targets' Accuracy Rating by 10% and Damage by 15%, or 9% on Rare or Unique targets. It lasts 8 seconds)")]}
INFO:root:Item has no prefixtes -> Augment.
INFO:root:NEW STATE: 
INFO:root:{'Prefix Modifier': [('Mirrored', 1, ' TAG Damage, Elemental ', '\nMonsters reflect 18% of Elemental Damage')], 'Suffix Modifier': [('of Enfeeblement', 1, ' TAG Caster, Curse ', "\nPlayers are Cursed with Enfeeble\n(Enfeeble is a Hex which reduces the targets' Accuracy Rating by 10% and Damage by 15%, or 9% on Rare or Unique targets. It lasts 8 seconds)")]}
INFO:root:Item is not twinned -> Alterate.
INFO:root:NEW STATE: 
INFO:root:{'Prefix Modifier': [('Buffered', 1, ' ', '\nMonsters gain 42(40-49)% of Maximum Life as Extra Maximum Energy Shield')], 'Suffix Modifier': []}
INFO:root:Item is not twinned -> Alterate.
INFO:root:NEW STATE: 
INFO:root:{'Prefix Modifier': [("Antagonist's", 1, ' ', '\n29(20-30)% increased number of Rare Monsters')], 'Suffix Modifier': [('of Giants', 1, ' ', '\nMonsters have 100% increased Area of Effect')]}
INFO:root:Item is not twinned -> Alterate.
INFO:root:NEW STATE: 
INFO:root:{'Prefix Modifier': [("Overlord's", 1, ' TAG Attack, Caster, Speed ', '\nUnique Boss deals 25% increased Damage\nUnique Boss has 30% increased Attack and Cast Speed')], 'Suffix Modifier': [('of Fatigue', 1, ' ', '\nPlayers have 40% less Cooldown Recovery Rate')]}
INFO:root:Item is not twinned -> Alterate.
INFO:root:NEW STATE: 
INFO:root:{'Prefix Modifier': [('Splitting', 1, ' ', '\nMonsters fire 2 additional Projectiles')], 'Suffix Modifier': [('of Rust', 1, ' TAG Defences ', '\nPlayers have 30% less Armour\nPlayers have 40% reduced Chance to Block')]}
INFO:root:Item is not twinned -> Alterate.
INFO:root:NEW STATE: 
INFO:root:{'Prefix Modifier': [('Enthralled', 1, ' ', '\nUnique Bosses are Possessed')], 'Suffix Modifier': [('of Exposure', 1, ' TAG Elemental, Resistance ', '\n-11(-12--9)% maximum Player Resistances')]}
INFO:root:Item is not twinned -> Alterate.
INFO:root:NEW STATE: 
INFO:root:{'Prefix Modifier': [], 'Suffix Modifier': [('of Insulation', 1, ' TAG Elemental, Fire, Cold, Lightning, Ailment ', '\nMonsters have 70% chance to Avoid Elemental Ailments\n(Elemental Ailments are Ignited, Scorched, Chilled, Frozen, Brittle, Shocked, and Sapped)')]}
INFO:root:Item has no prefixtes -> Augment.
INFO:root:NEW STATE: 
INFO:root:{'Prefix Modifier': [('Ceremonial', 1, ' ', '\nArea contains many Totems TAG Unscalable Value')], 'Suffix Modifier': [('of Insulation', 1, ' TAG Elemental, Fire, Cold, Lightning, Ailment ', '\nMonsters have 70% chance to Avoid Elemental Ailments\n(Elemental Ailments are Ignited, Scorched, Chilled, Frozen, Brittle, Shocked, and Sapped)')]}
INFO:root:Item is not twinned -> Alterate.
INFO:root:NEW STATE: 
INFO:root:{'Prefix Modifier': [('Oppressive', 1, ' ', '\nMonsters have +60% chance to Suppress Spell Damage\n(50% of Damage from Suppressed Hits and Ailments they inflict is prevented)')], 'Suffix Modifier': []}
INFO:root:Item is not twinned -> Alterate.
INFO:root:NEW STATE: 
INFO:root:{'Prefix Modifier': [], 'Suffix Modifier': [('of Imprecision', 1, ' ', '\nPlayers have 25% less Accuracy Rating')]}
INFO:root:Item has no prefixtes -> Augment.
INFO:root:NEW STATE: 
INFO:root:{'Prefix Modifier': [('Splitting', 1, ' ', '\nMonsters fire 2 additional Projectiles')], 'Suffix Modifier': [('of Imprecision', 1, ' ', '\nPlayers have 25% less Accuracy Rating')]}
INFO:root:Item is not twinned -> Alterate.
INFO:root:NEW STATE: 
INFO:root:{'Prefix Modifier': [], 'Suffix Modifier': [('of Smothering', 1, ' TAG Life, Defences ', '\nPlayers have 60% less Recovery Rate of Life and Energy Shield')]}
INFO:root:Item has no prefixtes -> Augment.
INFO:root:NEW STATE: 
INFO:root:{'Prefix Modifier': [("Titan's", 1, ' TAG Life ', '\nUnique Boss has 35% increased Life\nUnique Boss has 70% increased Area of Effect')], 'Suffix Modifier': [('of Smothering', 1, ' TAG Life, Defences ', '\nPlayers have 60% less Recovery Rate of Life and Energy Shield')]}
INFO:root:Item is not twinned -> Alterate.
INFO:root:NEW STATE: 
INFO:root:{'Prefix Modifier': [('Fleet', 1, ' TAG Attack, Caster, Speed ', '\n26(25-30)% increased Monster Movement Speed\n44(35-45)% increased Monster Attack Speed\n45(35-45)% increased Monster Cast Speed')], 'Suffix Modifier': []}
INFO:root:Item is not twinned -> Alterate.
INFO:root:NEW STATE: 
INFO:root:{'Prefix Modifier': [('Multifarious', 1, ' ', '\nArea has increased monster variety')], 'Suffix Modifier': [('of Desecration', 1, ' TAG Damage, Chaos ', '\nArea has patches of desecrated ground')]}
INFO:root:Item is not twinned -> Alterate.
INFO:root:NEW STATE: 
INFO:root:{'Prefix Modifier': [], 'Suffix Modifier': [('of Vulnerability', 1, ' TAG Caster, Curse ', '\nPlayers are Cursed with Vulnerability\n(Vulnerability is a Hex which increases Physical Damage taken by 15% and causes Hits to have +25% chance to inflict Bleeding on the target. It lasts 8 seconds)')]}
INFO:root:Item has no prefixtes -> Augment.
INFO:root:NEW STATE: 
INFO:root:{'Prefix Modifier': [('Feasting', 1, ' ', '\nArea is inhabited by Cultists of Kitava TAG Unscalable Value')], 'Suffix Modifier': [('of Vulnerability', 1, ' TAG Caster, Curse ', '\nPlayers are Cursed with Vulnerability\n(Vulnerability is a Hex which increases Physical Damage taken by 15% and causes Hits to have +25% chance to inflict Bleeding on the target. It lasts 8 seconds)')]}
INFO:root:Item is not twinned -> Alterate.
INFO:root:NEW STATE: 
INFO:root:{'Prefix Modifier': [('Skeletal', 1, ' ', '\nArea is inhabited by Skeletons TAG Unscalable Value')], 'Suffix Modifier': [('of Enfeeblement', 1, ' TAG Caster, Curse ', "\nPlayers are Cursed with Enfeeble\n(Enfeeble is a Hex which reduces the targets' Accuracy Rating by 10% and Damage by 15%, or 9% on Rare or Unique targets. It lasts 8 seconds)")]}
INFO:root:Item is not twinned -> Alterate.
INFO:root:NEW STATE: 
INFO:root:{'Prefix Modifier': [('Conflagrating', 1, ' TAG Elemental, Fire, Ailment ', '\nAll Monster Damage from Hits always Ignites TAG Unscalable Value\n(Ignite deals Fire Damage over time, based on the base Fire Damage of the Skill, for 4 seconds)')], 'Suffix Modifier': []}
INFO:root:Item is not twinned -> Alterate.
INFO:root:NEW STATE: 
INFO:root:{'Prefix Modifier': [], 'Suffix Modifier': [('of Rust', 1, ' TAG Defences ', '\nPlayers have 30% less Armour\nPlayers have 40% reduced Chance to Block')]}
INFO:root:Item has no prefixtes -> Augment.
INFO:root:NEW STATE: 
INFO:root:{'Prefix Modifier': [('Otherworldly', 1, ' ', '\nSlaying Enemies close together can attract monsters from Beyond this realm TAG Unscalable Value')], 'Suffix Modifier': [('of Rust', 1, ' TAG Defences ', '\nPlayers have 30% less Armour\nPlayers have 40% reduced Chance to Block')]}
INFO:root:Item is not twinned -> Alterate.
INFO:root:NEW STATE: 
INFO:root:{'Prefix Modifier': [], 'Suffix Modifier': [('of Lightning', 1, ' ', '\nArea has patches of Shocked Ground which increase Damage taken by 50%')]}
INFO:root:Item has no prefixtes -> Augment.
INFO:root:NEW STATE: 
INFO:root:{'Prefix Modifier': [('Impervious', 1, ' TAG Physical, Chaos, Attack, Ailment ', '\nMonsters have a 50% chance to avoid Poison, Impale, and Bleeding')], 'Suffix Modifier': [('of Lightning', 1, ' ', '\nArea has patches of Shocked Ground which increase Damage taken by 50%')]}
INFO:root:Item is not twinned -> Alterate.
INFO:root:NEW STATE: 
INFO:root:{'Prefix Modifier': [('Impaling', 1, ' ', '\nMonsters have 60% chance to Impale with Attacks\n(When an Impaled enemy is hit, the Impale reflects 10% of the physical damage of the Impaling hit to that enemy. Impale lasts for 5 hits or 8 seconds)')], 'Suffix Modifier': [('of Congealment', 1, ' ', '\nCannot Leech from Monsters')]}
INFO:root:Item is not twinned -> Alterate.
INFO:root:NEW STATE: 
INFO:root:{'Prefix Modifier': [("Overlord's", 1, ' TAG Attack, Caster, Speed ', '\nUnique Boss deals 25% increased Damage\nUnique Boss has 30% increased Attack and Cast Speed')], 'Suffix Modifier': [('of Transience', 1, ' ', '\nBuffs on Players expire 70% faster')]}
INFO:root:Item is not twinned -> Alterate.
INFO:root:NEW STATE: 
INFO:root:{'Prefix Modifier': [], 'Suffix Modifier': [('of Insulation', 1, ' TAG Elemental, Fire, Cold, Lightning, Ailment ', '\nMonsters have 70% chance to Avoid Elemental Ailments\n(Elemental Ailments are Ignited, Scorched, Chilled, Frozen, Brittle, Shocked, and Sapped)')]}
INFO:root:Item has no prefixtes -> Augment.
INFO:root:NEW STATE: 
INFO:root:{'Prefix Modifier': [('Slithering', 1, ' ', '\nArea is inhabited by Sea Witches and their Spawn TAG Unscalable Value')], 'Suffix Modifier': [('of Insulation', 1, ' TAG Elemental, Fire, Cold, Lightning, Ailment ', '\nMonsters have 70% chance to Avoid Elemental Ailments\n(Elemental Ailments are Ignited, Scorched, Chilled, Frozen, Brittle, Shocked, and Sapped)')]}
INFO:root:Item is not twinned -> Alterate.
INFO:root:NEW STATE: 
INFO:root:{'Prefix Modifier': [('Chaining', 1, ' ', "\nMonsters' skills Chain 2 additional times")], 'Suffix Modifier': [('of Vulnerability', 1, ' TAG Caster, Curse ', '\nPlayers are Cursed with Vulnerability\n(Vulnerability is a Hex which increases Physical Damage taken by 15% and causes Hits to have +25% chance to inflict Bleeding on the target. It lasts 8 seconds)')]}
INFO:root:Item is not twinned -> Alterate.
INFO:root:NEW STATE: 
INFO:root:{'Prefix Modifier': [('Empowered', 1, ' TAG Elemental, Fire, Cold, Lightning, Ailment ', '\nMonsters have a 20% chance to cause Elemental Ailments on Hit\n(Elemental Ailments are Ignited, Scorched, Chilled, Frozen, Brittle, Shocked, and Sapped)')], 'Suffix Modifier': []}
INFO:root:Item is not twinned -> Alterate.
INFO:root:NEW STATE: 
INFO:root:{'Prefix Modifier': [('Demonic', 1, ' ', '\nArea is inhabited by Demons TAG Unscalable Value')], 'Suffix Modifier': [('of Enervation', 1, ' ', '\nMonsters steal Power, Frenzy and Endurance charges on Hit')]}
INFO:root:Item is not twinned -> Alterate.
INFO:root:NEW STATE: 
INFO:root:{'Prefix Modifier': [], 'Suffix Modifier': [('of Balance', 1, ' TAG Damage, Elemental ', '\nPlayers cannot inflict Exposure TAG Unscalable Value')]}
INFO:root:Item has no prefixtes -> Augment.
INFO:root:NEW STATE: 
INFO:root:{'Prefix Modifier': [('Feasting', 1, ' ', '\nArea is inhabited by Cultists of Kitava TAG Unscalable Value')], 'Suffix Modifier': [('of Balance', 1, ' TAG Damage, Elemental ', '\nPlayers cannot inflict Exposure TAG Unscalable Value')]}
INFO:root:Item is not twinned -> Alterate.
INFO:root:NEW STATE: 
INFO:root:{'Prefix Modifier': [('Otherworldly', 1, ' ', '\nSlaying Enemies close together can attract monsters from Beyond this realm TAG Unscalable Value')], 'Suffix Modifier': []}
INFO:root:Item is not twinned -> Alterate.
INFO:root:NEW STATE: 
INFO:root:{'Prefix Modifier': [('Twinned', 1, ' ', '\nArea contains two Unique Bosses TAG Unscalable Value')], 'Suffix Modifier': []}
INFO:root:Item is twinned.
