INFO:root:NEW STATE: 
INFO:root:{'Prefix Modifier': [('Enthralled', 1, ' ', '\nUnique Bosses are Possessed')], 'Suffix Modifier': []}
INFO:root:Item is not twinned -> Alterate.
INFO:root:NEW STATE: 
INFO:root:{'Prefix Modifier': [], 'Suffix Modifier': [('of Venom', 1, ' TAG Chaos, Ailment ', '\nMonsters Poison on Hit TAG Unscalable Value\n(Poison deals Chaos Damage over time, based on the base Physical and Chaos Damage of the Skill. Multiple instances of Poison stack)')]}
INFO:root:Item has no prefixtes -> Augment.
INFO:root:NEW STATE: 
INFO:root:{'Prefix Modifier': [('Slithering', 1, ' ', '\nArea is inhabited by Sea Witches and their Spawn TAG Unscalable Value')], 'Suffix Modifier': [('of Venom', 1, ' TAG Chaos, Ailment ', '\nMonsters Poison on Hit TAG Unscalable Value\n(Poison deals Chaos Damage over time, based on the base Physical and Chaos Damage of the Skill. Multiple instances of Poison stack)')]}
INFO:root:Item is not twinned -> Alterate.
INFO:root:NEW STATE: 
INFO:root:{'Prefix Modifier': [], 'Suffix Modifier': [('of Bloodlines', 1, ' ', '\n20(20-30)% more Magic Monsters')]}
INFO:root:Item has no prefixtes -> Augment.
INFO:root:NEW STATE: 
INFO:root:{'Prefix Modifier': [('Chaining', 1, ' ', "\nMonsters' skills Chain 2 additional times")], 'Suffix Modifier': [('of Bloodlines', 1, ' ', '\n20(20-30)% more Magic Monsters')]}
INFO:root:Item is not twinned -> Alterate.
INFO:root:NEW STATE: 
INFO:root:{'Prefix Modifier': [('Fecund', 1, ' TAG Life ', '\n26(20-29)% more Monster Life')], 'Suffix Modifier': [('of Imprecision', 1, ' ', '\nPlayers have 15% less Accuracy Rating')]}
INFO:root:Item is not twinned -> Alterate.
INFO:root:NEW STATE: 
INFO:root:{'Prefix Modifier': [('Abhorrent', 1, ' ', '\nArea is inhabited by Abominations TAG Unscalable Value')], 'Suffix Modifier': [('of Frenzy', 1, ' ', '\nMonsters gain a Frenzy Charge on Hit')]}
INFO:root:Item is not twinned -> Alterate.
INFO:root:NEW STATE: 
INFO:root:{'Prefix Modifier': [('Hexwarded', 1, ' TAG Caster, Curse ', '\n25% less effect of Curses on Monsters')], 'Suffix Modifier': [('of Transience', 1, ' ', '\nBuffs on Players expire 30% faster')]}
INFO:root:Item is not twinned -> Alterate.
INFO:root:NEW STATE: 
INFO:root:{'Prefix Modifier': [('Multifarious', 1, ' ', '\nArea has increased monster variety')], 'Suffix Modifier': []}
INFO:root:Item is not twinned -> Alterate.
INFO:root:NEW STATE: 
INFO:root:{'Prefix Modifier': [('Oppressive', 1, ' ', '\nMonsters have +30% chance to Suppress Spell Damage\n(50% of Damage from Suppressed Hits and Ailments they inflict is prevented)')], 'Suffix Modifier': [('of Rust', 1, ' TAG Defences ', '\nPlayers have 20% less Armour\nPlayers have 20% reduced Chance to Block')]}
INFO:root:Item is not twinned -> Alterate.
INFO:root:NEW STATE: 
INFO:root:{'Prefix Modifier': [('Hexwarded', 1, ' TAG Caster, Curse ', '\n25% less effect of Curses on Monsters')], 'Suffix Modifier': []}
INFO:root:Item is not twinned -> Alterate.
INFO:root:NEW STATE: 
INFO:root:{'Prefix Modifier': [('Shocking', 1, ' TAG Damage, Physical, Elemental, Lightning ', '\nMonsters deal 65(50-69)% extra Physical Damage as Lightning')], 'Suffix Modifier': [('of Impedance', 1, ' ', '\nMonsters Hinder on Hit with Spells\n(Hinder reduces movement speed by 30% for 4 seconds)')]}
INFO:root:Item is not twinned -> Alterate.
INFO:root:NEW STATE: 
INFO:root:{'Prefix Modifier': [("Antagonist's", 1, ' ', '\n22(20-30)% increased number of Rare Monsters')], 'Suffix Modifier': [('of Miring', 1, ' TAG Attack ', '\nMonsters have 30% increased Accuracy Rating\nPlayers have -10% to amount of Suppressed Spell Damage Prevented\n(50% of Damage from Suppressed Hits and Ailments they inflict is prevented)')]}
INFO:root:Item is not twinned -> Alterate.
INFO:root:NEW STATE: 
INFO:root:{'Prefix Modifier': [('Burning', 1, ' TAG Damage, Physical, Elemental, Fire ', '\nMonsters deal 54(50-69)% extra Physical Damage as Fire')], 'Suffix Modifier': []}
INFO:root:Item is not twinned -> Alterate.
INFO:root:NEW STATE: 
INFO:root:{'Prefix Modifier': [('Ceremonial', 1, ' ', '\nArea contains many Totems TAG Unscalable Value')], 'Suffix Modifier': [('of Blinding', 1, ' ', '\nMonsters Blind on Hit\n(Being Blinded causes 20% less Accuracy Rating and Evasion Rating, for 4 seconds)')]}
INFO:root:Item is not twinned -> Alterate.
INFO:root:NEW STATE: 
INFO:root:{'Prefix Modifier': [('Impaling', 1, ' ', '\nMonsters have 25% chance to Impale with Attacks\n(When an Impaled enemy is hit, the Impale reflects 10% of the physical damage of the Impaling hit to that enemy. Impale lasts for 5 hits or 8 seconds)')], 'Suffix Modifier': [('of Impotence', 1, ' ', '\nPlayers have 15% less Area of Effect')]}
INFO:root:Item is not twinned -> Alterate.
INFO:root:NEW STATE: 
INFO:root:{'Prefix Modifier': [], 'Suffix Modifier': [('of Enervation', 1, ' ', '\nMonsters steal Power, Frenzy and Endurance charges on Hit')]}
INFO:root:Item has no prefixtes -> Augment.
INFO:root:NEW STATE: 
INFO:root:{'Prefix Modifier': [('Capricious', 1, ' ', '\nArea is inhabited by Goatmen TAG Unscalable Value')], 'Suffix Modifier': [('of Enervation', 1, ' ', '\nMonsters steal Power, Frenzy and Endurance charges on Hit')]}
INFO:root:Item is not twinned -> Alterate.
INFO:root:NEW STATE: 
INFO:root:{'Prefix Modifier': [("Antagonist's", 1, ' ', '\n28(20-30)% increased number of Rare Monsters')], 'Suffix Modifier': [('of Power', 1, ' ', '\nMonsters gain a Power Charge on Hit')]}
INFO:root:Item is not twinned -> Alterate.
INFO:root:NEW STATE: 
INFO:root:{'Prefix Modifier': [('Otherworldly', 1, ' ', '\nSlaying Enemies close together can attract monsters from Beyond this realm TAG Unscalable Value')], 'Suffix Modifier': [('of Rust', 1, ' TAG Defences ', '\nPlayers have 20% less Armour\nPlayers have 20% reduced Chance to Block')]}
INFO:root:Item is not twinned -> Alterate.
INFO:root:NEW STATE: 
INFO:root:{'Prefix Modifier': [('Impervious', 1, ' TAG Physical, Chaos, Attack, Ailment ', '\nMonsters have a 20% chance to avoid Poison, Impale, and Bleeding')], 'Suffix Modifier': [('of Drought', 1, ' ', '\nPlayers gain 30% reduced Flask Charges')]}
INFO:root:Item is not twinned -> Alterate.
INFO:root:NEW STATE: 
INFO:root:{'Prefix Modifier': [('Twinned', 1, ' ', '\nArea contains two Unique Bosses TAG Unscalable Value')], 'Suffix Modifier': [('of Rust', 1, ' TAG Defences ', '\nPlayers have 20% less Armour\nPlayers have 20% reduced Chance to Block')]}
INFO:root:Item is twinned.
