INFO:root:NEW STATE: 
INFO:root:{'Prefix Modifier': [("Dragon's", 2, ' ', '\n20(19-24)% increased Rarity of Items found')], 'Suffix Modifier': [('of Tzteosh', 1, ' TAG Elemental, Fire, Resistance ', '\n+46(46-48)% to Fire Resistance (fractured)')]}
INFO:root:Item is not finished -> Alterate.
INFO:root:NEW STATE: 
INFO:root:{'Prefix Modifier': [("Sorcerer's", 3, ' TAG Damage, Caster ', '\n15(13-17)% increased Spell Damage')], 'Suffix Modifier': [('of Tzteosh', 1, ' TAG Elemental, Fire, Resistance ', '\n+46(46-48)% to Fire Resistance (fractured)')]}
INFO:root:Item is not finished -> Alterate.
INFO:root:NEW STATE: 
INFO:root:{'Prefix Modifier': [], 'Suffix Modifier': [('of Tzteosh', 1, ' TAG Elemental, Fire, Resistance ', '\n+46(46-48)% to Fire Resistance (fractured)')]}
INFO:root:Item has no prefixtes -> Augment.
INFO:root:NEW STATE: 
INFO:root:{'Prefix Modifier': [('Sanguine', 7, ' TAG Life ', '\n+22(20-29) to maximum Life')], 'Suffix Modifier': [('of Tzteosh', 1, ' TAG Elemental, Fire, Resistance ', '\n+46(46-48)% to Fire Resistance (fractured)')]}
INFO:root:Item is not finished -> Alterate.
INFO:root:NEW STATE: 
INFO:root:{'Prefix Modifier': [], 'Suffix Modifier': [('of Tzteosh', 1, ' TAG Elemental, Fire, Resistance ', '\n+46(46-48)% to Fire Resistance (fractured)')]}
INFO:root:Item has no prefixtes -> Augment.
INFO:root:NEW STATE: 
INFO:root:{'Prefix Modifier': [('Annealed', 4, ' TAG Damage, Physical, Attack ', '\nAdds 7(6-9) to 13(13-15) Physical Damage to Attacks')], 'Suffix Modifier': [('of Tzteosh', 1, ' TAG Elemental, Fire, Resistance ', '\n+46(46-48)% to Fire Resistance (fractured)')]}
INFO:root:Item is not finished -> Alterate.
INFO:root:NEW STATE: 
INFO:root:{'Prefix Modifier': [("Dragon's", 2, ' ', '\n20(19-24)% increased Rarity of Items found')], 'Suffix Modifier': [('of Tzteosh', 1, ' TAG Elemental, Fire, Resistance ', '\n+46(46-48)% to Fire Resistance (fractured)')]}
INFO:root:Item is not finished -> Alterate.
INFO:root:NEW STATE: 
INFO:root:{'Prefix Modifier': [('Resplendent', 2, ' TAG Defences ', '\n+45(44-47) to maximum Energy Shield')], 'Suffix Modifier': [('of Tzteosh', 1, ' TAG Elemental, Fire, Resistance ', '\n+46(46-48)% to Fire Resistance (fractured)')]}
INFO:root:Item is not finished -> Alterate.
INFO:root:NEW STATE: 
INFO:root:{'Prefix Modifier': [('Seething', 6, ' TAG Defences ', '\n+24(23-26) to maximum Energy Shield')], 'Suffix Modifier': [('of Tzteosh', 1, ' TAG Elemental, Fire, Resistance ', '\n+46(46-48)% to Fire Resistance (fractured)')]}
INFO:root:Item is not finished -> Alterate.
INFO:root:NEW STATE: 
INFO:root:{'Prefix Modifier': [], 'Suffix Modifier': [('of Tzteosh', 1, ' TAG Elemental, Fire, Resistance ', '\n+46(46-48)% to Fire Resistance (fractured)')]}
INFO:root:Item has no prefixtes -> Augment.
INFO:root:NEW STATE: 
INFO:root:{'Prefix Modifier': [('Shining', 12, ' TAG Defences ', '\n+2(1-3) to maximum Energy Shield')], 'Suffix Modifier': [('of Tzteosh', 1, ' TAG Elemental, Fire, Resistance ', '\n+46(46-48)% to Fire Resistance (fractured)')]}
INFO:root:Item is not finished -> Alterate.
INFO:root:NEW STATE: 
INFO:root:{'Prefix Modifier': [], 'Suffix Modifier': [('of Tzteosh', 1, ' TAG Elemental, Fire, Resistance ', '\n+46(46-48)% to Fire Resistance (fractured)')]}
INFO:root:Item has no prefixtes -> Augment.
INFO:root:NEW STATE: 
INFO:root:{'Prefix Modifier': [('Annealed', 4, ' TAG Damage, Physical, Attack ', '\nAdds 9(6-9) to 13(13-15) Physical Damage to Attacks')], 'Suffix Modifier': [('of Tzteosh', 1, ' TAG Elemental, Fire, Resistance ', '\n+46(46-48)% to Fire Resistance (fractured)')]}
INFO:root:Item is not finished -> Alterate.
INFO:root:NEW STATE: 
INFO:root:{'Prefix Modifier': [("Magpie's", 4, ' ', '\n11(8-12)% increased Rarity of Items found')], 'Suffix Modifier': [('of Tzteosh', 1, ' TAG Elemental, Fire, Resistance ', '\n+46(46-48)% to Fire Resistance (fractured)')]}
INFO:root:Item is not finished -> Alterate.
INFO:root:NEW STATE: 
INFO:root:{'Prefix Modifier': [], 'Suffix Modifier': [('of Tzteosh', 1, ' TAG Elemental, Fire, Resistance ', '\n+46(46-48)% to Fire Resistance (fractured)')]}
INFO:root:Item has no prefixtes -> Augment.
INFO:root:NEW STATE: 
INFO:root:{'Prefix Modifier': [('Strong-Willed', 6, ' TAG Defences ', '\n6(5-7)% increased maximum Energy Shield')], 'Suffix Modifier': [('of Tzteosh', 1, ' TAG Elemental, Fire, Resistance ', '\n+46(46-48)% to Fire Resistance (fractured)')]}
INFO:root:Item is not finished -> Alterate.
INFO:root:NEW STATE: 
INFO:root:{'Prefix Modifier': [('Opalescent', 7, ' TAG Mana ', '\n+48(45-49) to maximum Mana')], 'Suffix Modifier': [('of Tzteosh', 1, ' TAG Elemental, Fire, Resistance ', '\n+46(46-48)% to Fire Resistance (fractured)')]}
INFO:root:Item is not finished -> Alterate.
INFO:root:NEW STATE: 
INFO:root:{'Prefix Modifier': [], 'Suffix Modifier': [('of Tzteosh', 1, ' TAG Elemental, Fire, Resistance ', '\n+46(46-48)% to Fire Resistance (fractured)')]}
INFO:root:Item has no prefixtes -> Augment.
INFO:root:NEW STATE: 
INFO:root:{'Prefix Modifier': [('Thirsty', 2, ' TAG Mana, Physical, Attack ', '\n0.39(0.2-0.4)% of Physical Attack Damage Leeched as Mana\n(Leeched Mana is recovered over time. Multiple Leeches can occur simultaneously, up to a maximum rate)')], 'Suffix Modifier': [('of Tzteosh', 1, ' TAG Elemental, Fire, Resistance ', '\n+46(46-48)% to Fire Resistance (fractured)')]}
INFO:root:Item is not finished -> Alterate.
INFO:root:NEW STATE: 
INFO:root:{'Prefix Modifier': [], 'Suffix Modifier': [('of Tzteosh', 1, ' TAG Elemental, Fire, Resistance ', '\n+46(46-48)% to Fire Resistance (fractured)')]}
INFO:root:Item has no prefixtes -> Augment.
INFO:root:NEW STATE: 
INFO:root:{'Prefix Modifier': [('Cobalt', 12, ' TAG Mana ', '\n+21(20-24) to maximum Mana')], 'Suffix Modifier': [('of Tzteosh', 1, ' TAG Elemental, Fire, Resistance ', '\n+46(46-48)% to Fire Resistance (fractured)')]}
INFO:root:Item is not finished -> Alterate.
INFO:root:NEW STATE: 
INFO:root:{'Prefix Modifier': [('Freezing', 5, ' TAG Damage, Elemental, Cold, Attack ', '\nAdds 11(8-11) to 19(16-19) Cold Damage to Attacks')], 'Suffix Modifier': [('of Tzteosh', 1, ' TAG Elemental, Fire, Resistance ', '\n+46(46-48)% to Fire Resistance (fractured)')]}
INFO:root:Item is not finished -> Alterate.
INFO:root:NEW STATE: 
INFO:root:{'Prefix Modifier': [('Beryl', 13, ' TAG Mana ', '\n+19(15-19) to maximum Mana')], 'Suffix Modifier': [('of Tzteosh', 1, ' TAG Elemental, Fire, Resistance ', '\n+46(46-48)% to Fire Resistance (fractured)')]}
INFO:root:Item is not finished -> Alterate.
ERROR:root:No alterations available
