INFO:root:NEW STATE: 
INFO:root:{'Prefix Modifier': [], 'Suffix Modifier': [('of Drought', 1, ' ', '\nPlayers gain 50% reduced Flask Charges')]}
INFO:root:Item has no prefixtes -> Augment.
INFO:root:Item is not twinned -> Alterate.
INFO:root:NEW STATE: 
INFO:root:{'Prefix Modifier': [], 'Suffix Modifier': [('of Congealment', 1, ' ', '\nCannot Leech from Monsters')]}
INFO:root:Item has no prefixtes -> Augment.
INFO:root:NEW STATE: 
INFO:root:{'Prefix Modifier': [('Conflagrating', 1, ' TAG Elemental, Fire, Ailment ', '\nAll Monster Damage from Hits always Ignites TAG Unscalable Value\n(Ignite deals Fire Damage over time, based on the base Fire Damage of the Skill, for 4 seconds)')], 'Suffix Modifier': [('of Congealment', 1, ' ', '\nCannot Leech from Monsters')]}
INFO:root:Item is not twinned -> Alterate.
INFO:root:NEW STATE: 
INFO:root:{'Prefix Modifier': [('Shocking', 1, ' TAG Damage, Physical, Elemental, Lightning ', '\nMonsters deal 108(90-110)% extra Physical Damage as Lightning')], 'Suffix Modifier': []}
INFO:root:Item is not twinned -> Alterate.
INFO:root:NEW STATE: 
INFO:root:{'Prefix Modifier': [], 'Suffix Modifier': [('of Vulnerability', 1, ' TAG Caster, Curse ', '\nPlayers are Cursed with Vulnerability\n(Vulnerability is a Hex which increases Physical Damage taken by 15% and causes Hits to have +25% chance to inflict Bleeding on the target. It lasts 8 seconds)')]}
INFO:root:Item has no prefixtes -> Augment.
INFO:root:NEW STATE: 
INFO:root:{'Prefix Modifier': [('Unwavering', 1, ' TAG Life ', '\n28(25-30)% more Monster Life\nMonsters cannot be Stunned TAG Unscalable Value')], 'Suffix Modifier': [('of Vulnerability', 1, ' TAG Caster, Curse ', '\nPlayers are Cursed with Vulnerability\n(Vulnerability is a Hex which increases Physical Damage taken by 15% and causes Hits to have +25% chance to inflict Bleeding on the target. It lasts 8 seconds)')]}
INFO:root:Item is not twinned -> Alterate.
INFO:root:NEW STATE: 
INFO:root:{'Prefix Modifier': [('Empowered', 1, ' TAG Elemental, Fire, Cold, Lightning, Ailment ', '\nMonsters have a 20% chance to cause Elemental Ailments on Hit\n(Elemental Ailments are Ignited, Scorched, Chilled, Frozen, Brittle, Shocked, and Sapped)')], 'Suffix Modifier': [('of Transience', 1, ' ', '\nBuffs on Players expire 70% faster')]}
INFO:root:Item is not twinned -> Alterate.
INFO:root:NEW STATE: 
INFO:root:{'Prefix Modifier': [('Twinned', 1, ' ', '\nArea contains two Unique Bosses TAG Unscalable Value')], 'Suffix Modifier': [('of Impedance', 1, ' ', '\nMonsters Hinder on Hit with Spells\n(Hinder reduces movement speed by 30% for 4 seconds)')]}
INFO:root:Item is twinned.
