INFO:root:NEW STATE: 
INFO:root:{'Prefix Modifier': [('Unwavering', 1, ' TAG Life ', '\n26(25-30)% more Monster Life\nMonsters cannot be Stunned TAG Unscalable Value')], 'Suffix Modifier': [('of Imprecision', 1, ' ', '\nPlayers have 25% less Accuracy Rating')]}
INFO:root:Item is not twinned -> Alterate.
INFO:root:NEW STATE: 
INFO:root:{'Prefix Modifier': [("Overlord's", 1, ' TAG Attack, Caster, Speed ', '\nUnique Boss deals 25% increased Damage\nUnique Boss has 30% increased Attack and Cast Speed')], 'Suffix Modifier': [('of Imprecision', 1, ' ', '\nPlayers have 25% less Accuracy Rating')]}
INFO:root:Item is not twinned -> Alterate.
INFO:root:NEW STATE: 
INFO:root:{'Prefix Modifier': [('Ceremonial', 1, ' ', '\nArea contains many Totems TAG Unscalable Value')], 'Suffix Modifier': [('of Miring', 1, ' TAG Attack ', '\nMonsters have 50% increased Accuracy Rating\nPlayers have -20% to amount of Suppressed Spell Damage Prevented\n(50% of Damage from Suppressed Hits and Ailments they inflict is prevented)')]}
INFO:root:Item is not twinned -> Alterate.
INFO:root:NEW STATE: 
INFO:root:{'Prefix Modifier': [('Buffered', 1, ' ', '\nMonsters gain 48(40-49)% of Maximum Life as Extra Maximum Energy Shield')], 'Suffix Modifier': [('of Impedance', 1, ' ', '\nMonsters Hinder on Hit with Spells\n(Hinder reduces movement speed by 30% for 4 seconds)')]}
INFO:root:Item is not twinned -> Alterate.
INFO:root:NEW STATE: 
INFO:root:{'Prefix Modifier': [('Ceremonial', 1, ' ', '\nArea contains many Totems TAG Unscalable Value')], 'Suffix Modifier': [('of Carnage', 1, ' ', '\nMonsters Maim on Hit with Attacks\n(Maimed enemies have 30% reduced Movement Speed)')]}
INFO:root:Item is not twinned -> Alterate.
INFO:root:NEW STATE: 
INFO:root:{'Prefix Modifier': [("Antagonist's", 1, ' ', '\n22(20-30)% increased number of Rare Monsters')], 'Suffix Modifier': [('of Venom', 1, ' TAG Chaos, Ailment ', '\nMonsters Poison on Hit TAG Unscalable Value\n(Poison deals Chaos Damage over time, based on the base Physical and Chaos Damage of the Skill. Multiple instances of Poison stack)')]}
INFO:root:Item is not twinned -> Alterate.
INFO:root:NEW STATE: 
INFO:root:{'Prefix Modifier': [("Titan's", 1, ' TAG Life ', '\nUnique Boss has 35% increased Life\nUnique Boss has 70% increased Area of Effect')], 'Suffix Modifier': [('of Elemental Weakness', 1, ' TAG Caster, Curse ', '\nPlayers are Cursed with Elemental Weakness\n(Elemental Weakness is a Hex which inficts -15% to all Elemental Resistances. It lasts 8 seconds)')]}
INFO:root:Item is not twinned -> Alterate.
INFO:root:NEW STATE: 
INFO:root:{'Prefix Modifier': [], 'Suffix Modifier': [('of Impedance', 1, ' ', '\nMonsters Hinder on Hit with Spells\n(Hinder reduces movement speed by 30% for 4 seconds)')]}
INFO:root:Item has no prefixtes -> Augment.
INFO:root:NEW STATE: 
INFO:root:{'Prefix Modifier': [('Abhorrent', 1, ' ', '\nArea is inhabited by Abominations TAG Unscalable Value')], 'Suffix Modifier': [('of Impedance', 1, ' ', '\nMonsters Hinder on Hit with Spells\n(Hinder reduces movement speed by 30% for 4 seconds)')]}
INFO:root:Item is not twinned -> Alterate.
INFO:root:NEW STATE: 
INFO:root:{'Prefix Modifier': [], 'Suffix Modifier': [('of Doubt', 1, ' ', '\nPlayers have 60% reduced effect of Non-Curse Auras from Skills')]}
INFO:root:Item has no prefixtes -> Augment.
INFO:root:NEW STATE: 
INFO:root:{'Prefix Modifier': [('Fecund', 1, ' TAG Life ', '\n43(40-49)% more Monster Life')], 'Suffix Modifier': [('of Doubt', 1, ' ', '\nPlayers have 60% reduced effect of Non-Curse Auras from Skills')]}
INFO:root:Item is not twinned -> Alterate.
INFO:root:NEW STATE: 
INFO:root:{'Prefix Modifier': [('Fleet', 1, ' TAG Attack, Caster, Speed ', '\n26(25-30)% increased Monster Movement Speed\n45(35-45)% increased Monster Attack Speed\n42(35-45)% increased Monster Cast Speed')], 'Suffix Modifier': [('of Venom', 1, ' TAG Chaos, Ailment ', '\nMonsters Poison on Hit TAG Unscalable Value\n(Poison deals Chaos Damage over time, based on the base Physical and Chaos Damage of the Skill. Multiple instances of Poison stack)')]}
INFO:root:Item is not twinned -> Alterate.
INFO:root:NEW STATE: 
INFO:root:{'Prefix Modifier': [('Anarchic', 1, ' ', '\nArea is inhabited by 2 additional Rogue Exiles')], 'Suffix Modifier': [('of Power', 1, ' ', '\nMonsters gain a Power Charge on Hit')]}
INFO:root:Item is not twinned -> Alterate.
INFO:root:NEW STATE: 
INFO:root:{'Prefix Modifier': [('Unwavering', 1, ' TAG Life ', '\n30(25-30)% more Monster Life\nMonsters cannot be Stunned TAG Unscalable Value')], 'Suffix Modifier': []}
INFO:root:Item is not twinned -> Alterate.
INFO:root:NEW STATE: 
INFO:root:{'Prefix Modifier': [], 'Suffix Modifier': [('of Balance', 1, ' TAG Damage, Elemental ', '\nPlayers cannot inflict Exposure TAG Unscalable Value')]}
INFO:root:Item has no prefixtes -> Augment.
INFO:root:NEW STATE: 
INFO:root:{'Prefix Modifier': [('Unwavering', 1, ' TAG Life ', '\n30(25-30)% more Monster Life\nMonsters cannot be Stunned TAG Unscalable Value')], 'Suffix Modifier': [('of Balance', 1, ' TAG Damage, Elemental ', '\nPlayers cannot inflict Exposure TAG Unscalable Value')]}
INFO:root:Item is not twinned -> Alterate.
INFO:root:NEW STATE: 
INFO:root:{'Prefix Modifier': [('Unstoppable', 1, ' TAG Speed ', "\nMonsters cannot be Taunted TAG Unscalable Value\nMonsters' Action Speed cannot be modified to below base value TAG Unscalable Value")], 'Suffix Modifier': [('of Doubt', 1, ' ', '\nPlayers have 60% reduced effect of Non-Curse Auras from Skills')]}
INFO:root:Item is not twinned -> Alterate.
INFO:root:NEW STATE: 
INFO:root:{'Prefix Modifier': [('Otherworldly', 1, ' ', '\nSlaying Enemies close together can attract monsters from Beyond this realm TAG Unscalable Value')], 'Suffix Modifier': [('of Enfeeblement', 1, ' TAG Caster, Curse ', "\nPlayers are Cursed with Enfeeble\n(Enfeeble is a Hex which reduces the targets' Accuracy Rating by 10% and Damage by 15%, or 9% on Rare or Unique targets. It lasts 8 seconds)")]}
INFO:root:Item is not twinned -> Alterate.
INFO:root:NEW STATE: 
INFO:root:{'Prefix Modifier': [('Hexproof', 1, ' TAG Caster, Curse ', '\nMonsters are Hexproof TAG Unscalable Value')], 'Suffix Modifier': []}
INFO:root:Item is not twinned -> Alterate.
INFO:root:NEW STATE: 
INFO:root:{'Prefix Modifier': [('Anarchic', 1, ' ', '\nArea is inhabited by 2 additional Rogue Exiles')], 'Suffix Modifier': [('of Miring', 1, ' TAG Attack ', '\nMonsters have 50% increased Accuracy Rating\nPlayers have -20% to amount of Suppressed Spell Damage Prevented\n(50% of Damage from Suppressed Hits and Ailments they inflict is prevented)')]}
INFO:root:Item is not twinned -> Alterate.
INFO:root:NEW STATE: 
INFO:root:{'Prefix Modifier': [('Twinned', 1, ' ', '\nArea contains two Unique Bosses TAG Unscalable Value')], 'Suffix Modifier': [('of Lightning', 1, ' ', '\nArea has patches of Shocked Ground which increase Damage taken by 50%')]}
INFO:root:Item is twinned.
