INFO:root:NEW STATE: 
INFO:root:{'Prefix Modifier': [], 'Suffix Modifier': [('of Tzteosh', 1, ' TAG Elemental, Fire, Resistance ', '\n+46(46-48)% to Fire Resistance (fractured)')]}
INFO:root:Item has no prefixtes -> Augment.
INFO:root:Item is not finished -> Alterate.
INFO:root:NEW STATE: 
INFO:root:{'Prefix Modifier': [('Buttressed', 4, ' TAG Defences ', '\n19(19-23)% increased Armour')], 'Suffix Modifier': [('of Tzteosh', 1, ' TAG Elemental, Fire, Resistance ', '\n+46(46-48)% to Fire Resistance (fractured)')]}
INFO:root:Item is not finished -> Alterate.
INFO:root:NEW STATE: 
INFO:root:{'Prefix Modifier': [], 'Suffix Modifier': [('of Tzteosh', 1, ' TAG Elemental, Fire, Resistance ', '\n+46(46-48)% to Fire Resistance (fractured)')]}
INFO:root:Item has no prefixtes -> Augment.
INFO:root:NEW STATE: 
INFO:root:{'Prefix Modifier': [('Glinting', 9, ' TAG Damage, Physical, Attack ', '\nAdds 1 to 2 Physical Damage to Attacks')], 'Suffix Modifier': [('of Tzteosh', 1, ' TAG Elemental, Fire, Resistance ', '\n+46(46-48)% to Fire Resistance (fractured)')]}
INFO:root:Item is not finished -> Alterate.
INFO:root:NEW STATE: 
INFO:root:{'Prefix Modifier': [], 'Suffix Modifier': [('of Tzteosh', 1, ' TAG Elemental, Fire, Resistance ', '\n+46(46-48)% to Fire Resistance (fractured)')]}
INFO:root:Item has no prefixtes -> Augment.
INFO:root:NEW STATE: 
INFO:root:{'Prefix Modifier': [("Perandus'", 1, ' ', '\n28(25-28)% increased Rarity of Items found')], 'Suffix Modifier': [('of Tzteosh', 1, ' TAG Elemental, Fire, Resistance ', '\n+46(46-48)% to Fire Resistance (fractured)')]}
INFO:root:Item is not finished -> Alterate.
INFO:root:NEW STATE: 
INFO:root:{'Prefix Modifier': [], 'Suffix Modifier': [('of Tzteosh', 1, ' TAG Elemental, Fire, Resistance ', '\n+46(46-48)% to Fire Resistance (fractured)')]}
INFO:root:Item has no prefixtes -> Augment.
INFO:root:NEW STATE: 
INFO:root:{'Prefix Modifier': [('Vaporous', 1, ' TAG Defences ', '\n36(33-36)% increased Evasion Rating')], 'Suffix Modifier': [('of Tzteosh', 1, ' TAG Elemental, Fire, Resistance ', '\n+46(46-48)% to Fire Resistance (fractured)')]}
INFO:root:Item is not finished -> Alterate.
INFO:root:NEW STATE: 
INFO:root:{'Prefix Modifier': [("Rimedweller's", 1, ' TAG Elemental, Cold, Gem ', '\n+1 to Level of all Cold Skill Gems')], 'Suffix Modifier': [('of Tzteosh', 1, ' TAG Elemental, Fire, Resistance ', '\n+46(46-48)% to Fire Resistance (fractured)')]}
INFO:root:Item is not finished -> Alterate.
INFO:root:NEW STATE: 
INFO:root:{'Prefix Modifier': [("Remora's", 3, ' TAG Life, Physical, Attack ', '\n0.32(0.2-0.4)% of Physical Attack Damage Leeched as Life\n(Leeched Life is recovered over time. Multiple Leeches can occur simultaneously, up to a maximum rate)')], 'Suffix Modifier': [('of Tzteosh', 1, ' TAG Elemental, Fire, Resistance ', '\n+46(46-48)% to Fire Resistance (fractured)')]}
INFO:root:Item is not finished -> Alterate.
INFO:root:NEW STATE: 
INFO:root:{'Prefix Modifier': [("Lamprey's", 2, ' TAG Life, Physical, Attack ', '\n0.64(0.6-0.8)% of Physical Attack Damage Leeched as Life\n(Leeched Life is recovered over time. Multiple Leeches can occur simultaneously, up to a maximum rate)')], 'Suffix Modifier': [('of Tzteosh', 1, ' TAG Elemental, Fire, Resistance ', '\n+46(46-48)% to Fire Resistance (fractured)')]}
INFO:root:Item is not finished -> Alterate.
INFO:root:NEW STATE: 
INFO:root:{'Prefix Modifier': [("Remora's", 3, ' TAG Life, Physical, Attack ', '\n0.38(0.2-0.4)% of Physical Attack Damage Leeched as Life\n(Leeched Life is recovered over time. Multiple Leeches can occur simultaneously, up to a maximum rate)')], 'Suffix Modifier': [('of Tzteosh', 1, ' TAG Elemental, Fire, Resistance ', '\n+46(46-48)% to Fire Resistance (fractured)')]}
INFO:root:Item is not finished -> Alterate.
INFO:root:NEW STATE: 
INFO:root:{'Prefix Modifier': [('Crackling', 6, ' TAG Damage, Elemental, Lightning, Attack ', '\nAdds 2(1-2) to 28(27-28) Lightning Damage to Attacks')], 'Suffix Modifier': [('of Tzteosh', 1, ' TAG Elemental, Fire, Resistance ', '\n+46(46-48)% to Fire Resistance (fractured)')]}
INFO:root:Item is not finished -> Alterate.
INFO:root:NEW STATE: 
INFO:root:{'Prefix Modifier': [], 'Suffix Modifier': [('of Tzteosh', 1, ' TAG Elemental, Fire, Resistance ', '\n+46(46-48)% to Fire Resistance (fractured)')]}
INFO:root:Item has no prefixtes -> Augment.
INFO:root:NEW STATE: 
INFO:root:{'Prefix Modifier': [('Chalybeous', 5, ' TAG Mana ', '\n+55(55-59) to maximum Mana')], 'Suffix Modifier': [('of Tzteosh', 1, ' TAG Elemental, Fire, Resistance ', '\n+46(46-48)% to Fire Resistance (fractured)')]}
INFO:root:Item is not finished -> Alterate.
INFO:root:NEW STATE: 
INFO:root:{'Prefix Modifier': [('Buttressed', 4, ' TAG Defences ', '\n20(19-23)% increased Armour')], 'Suffix Modifier': [('of Tzteosh', 1, ' TAG Elemental, Fire, Resistance ', '\n+46(46-48)% to Fire Resistance (fractured)')]}
INFO:root:Item is not finished -> Alterate.
INFO:root:NEW STATE: 
INFO:root:{'Prefix Modifier': [("Magpie's", 4, ' ', '\n11(8-12)% increased Rarity of Items found')], 'Suffix Modifier': [('of Tzteosh', 1, ' TAG Elemental, Fire, Resistance ', '\n+46(46-48)% to Fire Resistance (fractured)')]}
INFO:root:Item is not finished -> Alterate.
INFO:root:NEW STATE: 
INFO:root:{'Prefix Modifier': [], 'Suffix Modifier': [('of Tzteosh', 1, ' TAG Elemental, Fire, Resistance ', '\n+46(46-48)% to Fire Resistance (fractured)')]}
INFO:root:Item has no prefixtes -> Augment.
INFO:root:NEW STATE: 
INFO:root:{'Prefix Modifier': [('Stout', 5, ' TAG Life ', '\n+47(40-49) to maximum Life')], 'Suffix Modifier': [('of Tzteosh', 1, ' TAG Elemental, Fire, Resistance ', '\n+46(46-48)% to Fire Resistance (fractured)')]}
INFO:root:Item is not finished -> Alterate.
INFO:root:NEW STATE: 
INFO:root:{'Prefix Modifier': [('Thickened', 3, ' TAG Defences ', '\n24(24-28)% increased Armour')], 'Suffix Modifier': [('of Tzteosh', 1, ' TAG Elemental, Fire, Resistance ', '\n+46(46-48)% to Fire Resistance (fractured)')]}
INFO:root:Item is not finished -> Alterate.
INFO:root:NEW STATE: 
INFO:root:{'Prefix Modifier': [('Sanguine', 7, ' TAG Life ', '\n+28(20-29) to maximum Life')], 'Suffix Modifier': [('of Tzteosh', 1, ' TAG Elemental, Fire, Resistance ', '\n+46(46-48)% to Fire Resistance (fractured)')]}
INFO:root:Item is not finished -> Alterate.
INFO:root:NEW STATE: 
INFO:root:{'Prefix Modifier': [('Aqua', 8, ' TAG Mana ', '\n+43(40-44) to maximum Mana')], 'Suffix Modifier': [('of Tzteosh', 1, ' TAG Elemental, Fire, Resistance ', '\n+46(46-48)% to Fire Resistance (fractured)')]}
INFO:root:Item is not finished -> Alterate.
INFO:root:NEW STATE: 
INFO:root:{'Prefix Modifier': [], 'Suffix Modifier': [('of Tzteosh', 1, ' TAG Elemental, Fire, Resistance ', '\n+46(46-48)% to Fire Resistance (fractured)')]}
INFO:root:Item has no prefixtes -> Augment.
INFO:root:NEW STATE: 
INFO:root:{'Prefix Modifier': [('Polished', 7, ' TAG Damage, Physical, Attack ', '\nAdds 4(3-4) to 7(6-7) Physical Damage to Attacks')], 'Suffix Modifier': [('of Tzteosh', 1, ' TAG Elemental, Fire, Resistance ', '\n+46(46-48)% to Fire Resistance (fractured)')]}
INFO:root:Item is not finished -> Alterate.
INFO:root:NEW STATE: 
INFO:root:{'Prefix Modifier': [], 'Suffix Modifier': [('of Tzteosh', 1, ' TAG Elemental, Fire, Resistance ', '\n+46(46-48)% to Fire Resistance (fractured)')]}
INFO:root:Item has no prefixtes -> Augment.
INFO:root:NEW STATE: 
INFO:root:{'Prefix Modifier': [('Blasting', 2, ' TAG Damage, Elemental, Fire, Attack ', '\nAdds 21(16-22) to 33(32-38) Fire Damage to Attacks')], 'Suffix Modifier': [('of Tzteosh', 1, ' TAG Elemental, Fire, Resistance ', '\n+46(46-48)% to Fire Resistance (fractured)')]}
INFO:root:Item is not finished -> Alterate.
INFO:root:NEW STATE: 
INFO:root:{'Prefix Modifier': [], 'Suffix Modifier': [('of Tzteosh', 1, ' TAG Elemental, Fire, Resistance ', '\n+46(46-48)% to Fire Resistance (fractured)')]}
INFO:root:Item has no prefixtes -> Augment.
INFO:root:NEW STATE: 
INFO:root:{'Prefix Modifier': [("Wizard's", 1, ' TAG Damage, Caster ', '\n25(23-26)% increased Spell Damage')], 'Suffix Modifier': [('of Tzteosh', 1, ' TAG Elemental, Fire, Resistance ', '\n+46(46-48)% to Fire Resistance (fractured)')]}
INFO:root:Item is not finished -> Alterate.
INFO:root:NEW STATE: 
INFO:root:{'Prefix Modifier': [('Vaporous', 1, ' TAG Defences ', '\n34(33-36)% increased Evasion Rating')], 'Suffix Modifier': [('of Tzteosh', 1, ' TAG Elemental, Fire, Resistance ', '\n+46(46-48)% to Fire Resistance (fractured)')]}
INFO:root:Item is not finished -> Alterate.
INFO:root:NEW STATE: 
INFO:root:{'Prefix Modifier': [('Gentian', 6, ' TAG Mana ', '\n+51(50-54) to maximum Mana')], 'Suffix Modifier': [('of Tzteosh', 1, ' TAG Elemental, Fire, Resistance ', '\n+46(46-48)% to Fire Resistance (fractured)')]}
INFO:root:Item is not finished -> Alterate.
INFO:root:NEW STATE: 
INFO:root:{'Prefix Modifier': [], 'Suffix Modifier': [('of Tzteosh', 1, ' TAG Elemental, Fire, Resistance ', '\n+46(46-48)% to Fire Resistance (fractured)')]}
INFO:root:Item has no prefixtes -> Augment.
INFO:root:NEW STATE: 
INFO:root:{'Prefix Modifier': [('Radiating', 8, ' TAG Defences ', '\n+19(16-19) to maximum Energy Shield')], 'Suffix Modifier': [('of Tzteosh', 1, ' TAG Elemental, Fire, Resistance ', '\n+46(46-48)% to Fire Resistance (fractured)')]}
INFO:root:Item is not finished -> Alterate.
INFO:root:NEW STATE: 
INFO:root:{'Prefix Modifier': [], 'Suffix Modifier': [('of Tzteosh', 1, ' TAG Elemental, Fire, Resistance ', '\n+46(46-48)% to Fire Resistance (fractured)')]}
INFO:root:Item has no prefixtes -> Augment.
INFO:root:NEW STATE: 
INFO:root:{'Prefix Modifier': [('Pulsing', 7, ' TAG Defences ', '\n+20(20-22) to maximum Energy Shield')], 'Suffix Modifier': [('of Tzteosh', 1, ' TAG Elemental, Fire, Resistance ', '\n+46(46-48)% to Fire Resistance (fractured)')]}
INFO:root:Item is not finished -> Alterate.
INFO:root:NEW STATE: 
INFO:root:{'Prefix Modifier': [], 'Suffix Modifier': [('of Tzteosh', 1, ' TAG Elemental, Fire, Resistance ', '\n+46(46-48)% to Fire Resistance (fractured)')]}
INFO:root:Item has no prefixtes -> Augment.
INFO:root:NEW STATE: 
INFO:root:{'Prefix Modifier': [('Healthy', 8, ' TAG Life ', '\n+19(10-19) to maximum Life')], 'Suffix Modifier': [('of Tzteosh', 1, ' TAG Elemental, Fire, Resistance ', '\n+46(46-48)% to Fire Resistance (fractured)')]}
INFO:root:Item is not finished -> Alterate.
INFO:root:NEW STATE: 
INFO:root:{'Prefix Modifier': [('Flaring', 1, ' TAG Damage, Physical, Attack ', '\nAdds 15(11-15) to 23(22-26) Physical Damage to Attacks')], 'Suffix Modifier': [('of Tzteosh', 1, ' TAG Elemental, Fire, Resistance ', '\n+46(46-48)% to Fire Resistance (fractured)')]}
INFO:root:Item is not finished -> Alterate.
INFO:root:NEW STATE: 
INFO:root:{'Prefix Modifier': [('Healthy', 8, ' TAG Life ', '\n+14(10-19) to maximum Life')], 'Suffix Modifier': [('of Tzteosh', 1, ' TAG Elemental, Fire, Resistance ', '\n+46(46-48)% to Fire Resistance (fractured)')]}
INFO:root:Item is not finished -> Alterate.
INFO:root:NEW STATE: 
INFO:root:{'Prefix Modifier': [("Lamprey's", 2, ' TAG Life, Physical, Attack ', '\n0.7(0.6-0.8)% of Physical Attack Damage Leeched as Life\n(Leeched Life is recovered over time. Multiple Leeches can occur simultaneously, up to a maximum rate)')], 'Suffix Modifier': [('of Tzteosh', 1, ' TAG Elemental, Fire, Resistance ', '\n+46(46-48)% to Fire Resistance (fractured)')]}
INFO:root:Item is not finished -> Alterate.
INFO:root:NEW STATE: 
INFO:root:{'Prefix Modifier': [('Honed', 6, ' TAG Damage, Physical, Attack ', '\nAdds 4(4-6) to 9(9-10) Physical Damage to Attacks')], 'Suffix Modifier': [('of Tzteosh', 1, ' TAG Elemental, Fire, Resistance ', '\n+46(46-48)% to Fire Resistance (fractured)')]}
INFO:root:Item is not finished -> Alterate.
INFO:root:NEW STATE: 
INFO:root:{'Prefix Modifier': [('Parched', 1, ' TAG Mana, Physical, Attack ', '\n0.63(0.6-0.8)% of Physical Attack Damage Leeched as Mana\n(Leeched Mana is recovered over time. Multiple Leeches can occur simultaneously, up to a maximum rate)')], 'Suffix Modifier': [('of Tzteosh', 1, ' TAG Elemental, Fire, Resistance ', '\n+46(46-48)% to Fire Resistance (fractured)')]}
INFO:root:Item is not finished -> Alterate.
INFO:root:NEW STATE: 
INFO:root:{'Prefix Modifier': [("Magpie's", 4, ' ', '\n8(8-12)% increased Rarity of Items found')], 'Suffix Modifier': [('of Tzteosh', 1, ' TAG Elemental, Fire, Resistance ', '\n+46(46-48)% to Fire Resistance (fractured)')]}
INFO:root:Item is not finished -> Alterate.
INFO:root:NEW STATE: 
INFO:root:{'Prefix Modifier': [('Thickened', 3, ' TAG Defences ', '\n27(24-28)% increased Armour')], 'Suffix Modifier': [('of Tzteosh', 1, ' TAG Elemental, Fire, Resistance ', '\n+46(46-48)% to Fire Resistance (fractured)')]}
INFO:root:Item is not finished -> Alterate.
INFO:root:NEW STATE: 
INFO:root:{'Prefix Modifier': [], 'Suffix Modifier': [('of Tzteosh', 1, ' TAG Elemental, Fire, Resistance ', '\n+46(46-48)% to Fire Resistance (fractured)')]}
INFO:root:Item has no prefixtes -> Augment.
INFO:root:NEW STATE: 
INFO:root:{'Prefix Modifier': [('Aqua', 8, ' TAG Mana ', '\n+40(40-44) to maximum Mana')], 'Suffix Modifier': [('of Tzteosh', 1, ' TAG Elemental, Fire, Resistance ', '\n+46(46-48)% to Fire Resistance (fractured)')]}
INFO:root:Item is not finished -> Alterate.
INFO:root:NEW STATE: 
INFO:root:{'Prefix Modifier': [], 'Suffix Modifier': [('of Tzteosh', 1, ' TAG Elemental, Fire, Resistance ', '\n+46(46-48)% to Fire Resistance (fractured)')]}
INFO:root:Item has no prefixtes -> Augment.
INFO:root:NEW STATE: 
INFO:root:{'Prefix Modifier': [('Sanguine', 7, ' TAG Life ', '\n+22(20-29) to maximum Life')], 'Suffix Modifier': [('of Tzteosh', 1, ' TAG Elemental, Fire, Resistance ', '\n+46(46-48)% to Fire Resistance (fractured)')]}
INFO:root:Item is not finished -> Alterate.
INFO:root:NEW STATE: 
INFO:root:{'Prefix Modifier': [('Frozen', 4, ' TAG Damage, Elemental, Cold, Attack ', '\nAdds 12(10-13) to 20(20-24) Cold Damage to Attacks')], 'Suffix Modifier': [('of Tzteosh', 1, ' TAG Elemental, Fire, Resistance ', '\n+46(46-48)% to Fire Resistance (fractured)')]}
INFO:root:Item is not finished -> Alterate.
INFO:root:NEW STATE: 
INFO:root:{'Prefix Modifier': [("Pirate's", 3, ' ', '\n16(13-18)% increased Rarity of Items found')], 'Suffix Modifier': [('of Tzteosh', 1, ' TAG Elemental, Fire, Resistance ', '\n+46(46-48)% to Fire Resistance (fractured)')]}
INFO:root:Item is not finished -> Alterate.
INFO:root:NEW STATE: 
INFO:root:{'Prefix Modifier': [('Agile', 7, ' TAG Defences ', '\n8(4-8)% increased Evasion Rating')], 'Suffix Modifier': [('of Tzteosh', 1, ' TAG Elemental, Fire, Resistance ', '\n+46(46-48)% to Fire Resistance (fractured)')]}
INFO:root:Item is not finished -> Alterate.
INFO:root:NEW STATE: 
INFO:root:{'Prefix Modifier': [('Tempered', 2, ' TAG Damage, Physical, Attack ', '\nAdds 9(9-12) to 22(19-22) Physical Damage to Attacks')], 'Suffix Modifier': [('of Tzteosh', 1, ' TAG Elemental, Fire, Resistance ', '\n+46(46-48)% to Fire Resistance (fractured)')]}
INFO:root:Item is not finished -> Alterate.
INFO:root:NEW STATE: 
INFO:root:{'Prefix Modifier': [('Virile', 2, ' TAG Life ', '\n+76(70-79) to maximum Life')], 'Suffix Modifier': [('of Tzteosh', 1, ' TAG Elemental, Fire, Resistance ', '\n+46(46-48)% to Fire Resistance (fractured)')]}
INFO:root:Item is not finished -> Alterate.
INFO:root:NEW STATE: 
INFO:root:{'Prefix Modifier': [('Resplendent', 2, ' TAG Defences ', '\n+47(44-47) to maximum Energy Shield')], 'Suffix Modifier': [('of Tzteosh', 1, ' TAG Elemental, Fire, Resistance ', '\n+46(46-48)% to Fire Resistance (fractured)')]}
INFO:root:Item is not finished -> Alterate.
INFO:root:NEW STATE: 
INFO:root:{'Prefix Modifier': [], 'Suffix Modifier': [('of Tzteosh', 1, ' TAG Elemental, Fire, Resistance ', '\n+46(46-48)% to Fire Resistance (fractured)')]}
INFO:root:Item has no prefixtes -> Augment.
INFO:root:NEW STATE: 
INFO:root:{'Prefix Modifier': [('Gleaming', 5, ' TAG Damage, Physical, Attack ', '\nAdds 6(5-7) to 11(11-12) Physical Damage to Attacks')], 'Suffix Modifier': [('of Tzteosh', 1, ' TAG Elemental, Fire, Resistance ', '\n+46(46-48)% to Fire Resistance (fractured)')]}
INFO:root:Item is not finished -> Alterate.
INFO:root:NEW STATE: 
INFO:root:{'Prefix Modifier': [], 'Suffix Modifier': [('of Tzteosh', 1, ' TAG Elemental, Fire, Resistance ', '\n+46(46-48)% to Fire Resistance (fractured)')]}
INFO:root:Item has no prefixtes -> Augment.
INFO:root:NEW STATE: 
INFO:root:{'Prefix Modifier': [('Seething', 6, ' TAG Defences ', '\n+25(23-26) to maximum Energy Shield')], 'Suffix Modifier': [('of Tzteosh', 1, ' TAG Elemental, Fire, Resistance ', '\n+46(46-48)% to Fire Resistance (fractured)')]}
INFO:root:Item is not finished -> Alterate.
INFO:root:NEW STATE: 
INFO:root:{'Prefix Modifier': [], 'Suffix Modifier': [('of Tzteosh', 1, ' TAG Elemental, Fire, Resistance ', '\n+46(46-48)% to Fire Resistance (fractured)')]}
INFO:root:Item has no prefixtes -> Augment.
INFO:root:NEW STATE: 
INFO:root:{'Prefix Modifier': [('Seething', 6, ' TAG Defences ', '\n+24(23-26) to maximum Energy Shield')], 'Suffix Modifier': [('of Tzteosh', 1, ' TAG Elemental, Fire, Resistance ', '\n+46(46-48)% to Fire Resistance (fractured)')]}
INFO:root:Item is not finished -> Alterate.
INFO:root:NEW STATE: 
INFO:root:{'Prefix Modifier': [('Aqua', 8, ' TAG Mana ', '\n+41(40-44) to maximum Mana')], 'Suffix Modifier': [('of Tzteosh', 1, ' TAG Elemental, Fire, Resistance ', '\n+46(46-48)% to Fire Resistance (fractured)')]}
INFO:root:Item is not finished -> Alterate.
INFO:root:NEW STATE: 
INFO:root:{'Prefix Modifier': [], 'Suffix Modifier': [('of Tzteosh', 1, ' TAG Elemental, Fire, Resistance ', '\n+46(46-48)% to Fire Resistance (fractured)')]}
INFO:root:Item has no prefixtes -> Augment.
INFO:root:NEW STATE: 
INFO:root:{'Prefix Modifier': [('Honed', 6, ' TAG Damage, Physical, Attack ', '\nAdds 6(4-6) to 9(9-10) Physical Damage to Attacks')], 'Suffix Modifier': [('of Tzteosh', 1, ' TAG Elemental, Fire, Resistance ', '\n+46(46-48)% to Fire Resistance (fractured)')]}
INFO:root:Item is not finished -> Alterate.
INFO:root:NEW STATE: 
INFO:root:{'Prefix Modifier': [], 'Suffix Modifier': [('of Tzteosh', 1, ' TAG Elemental, Fire, Resistance ', '\n+46(46-48)% to Fire Resistance (fractured)')]}
INFO:root:Item has no prefixtes -> Augment.
INFO:root:NEW STATE: 
INFO:root:{'Prefix Modifier': [('Thickened', 3, ' TAG Defences ', '\n24(24-28)% increased Armour')], 'Suffix Modifier': [('of Tzteosh', 1, ' TAG Elemental, Fire, Resistance ', '\n+46(46-48)% to Fire Resistance (fractured)')]}
INFO:root:Item is not finished -> Alterate.
INFO:root:NEW STATE: 
INFO:root:{'Prefix Modifier': [("Athlete's", 1, ' TAG Life ', '\n+88(80-89) to maximum Life')], 'Suffix Modifier': [('of Tzteosh', 1, ' TAG Elemental, Fire, Resistance ', '\n+46(46-48)% to Fire Resistance (fractured)')]}
INFO:root:Item is not finished -> Alterate.
INFO:root:NEW STATE: 
INFO:root:{'Prefix Modifier': [('Indomitable', 2, ' TAG Defences ', '\n19(17-19)% increased maximum Energy Shield')], 'Suffix Modifier': [('of Tzteosh', 1, ' TAG Elemental, Fire, Resistance ', '\n+46(46-48)% to Fire Resistance (fractured)')]}
INFO:root:Item is not finished -> Alterate.
INFO:root:NEW STATE: 
INFO:root:{'Prefix Modifier': [], 'Suffix Modifier': [('of Tzteosh', 1, ' TAG Elemental, Fire, Resistance ', '\n+46(46-48)% to Fire Resistance (fractured)')]}
INFO:root:Item has no prefixtes -> Augment.
INFO:root:NEW STATE: 
INFO:root:{'Prefix Modifier': [("Acrobat's", 5, ' TAG Defences ', '\n17(14-18)% increased Evasion Rating')], 'Suffix Modifier': [('of Tzteosh', 1, ' TAG Elemental, Fire, Resistance ', '\n+46(46-48)% to Fire Resistance (fractured)')]}
INFO:root:Item is not finished -> Alterate.
INFO:root:NEW STATE: 
INFO:root:{'Prefix Modifier': [('Scorching', 4, ' TAG Damage, Elemental, Fire, Attack ', '\nAdds 14(11-15) to 27(23-27) Fire Damage to Attacks')], 'Suffix Modifier': [('of Tzteosh', 1, ' TAG Elemental, Fire, Resistance ', '\n+46(46-48)% to Fire Resistance (fractured)')]}
INFO:root:Item is not finished -> Alterate.
INFO:root:NEW STATE: 
INFO:root:{'Prefix Modifier': [("Athlete's", 1, ' TAG Life ', '\n+81(80-89) to maximum Life')], 'Suffix Modifier': [('of Tzteosh', 1, ' TAG Elemental, Fire, Resistance ', '\n+46(46-48)% to Fire Resistance (fractured)')]}
INFO:root:Item is not finished -> Alterate.
INFO:root:NEW STATE: 
INFO:root:{'Prefix Modifier': [], 'Suffix Modifier': [('of Tzteosh', 1, ' TAG Elemental, Fire, Resistance ', '\n+46(46-48)% to Fire Resistance (fractured)')]}
INFO:root:Item has no prefixtes -> Augment.
INFO:root:NEW STATE: 
INFO:root:{'Prefix Modifier': [('Radiating', 8, ' TAG Defences ', '\n+19(16-19) to maximum Energy Shield')], 'Suffix Modifier': [('of Tzteosh', 1, ' TAG Elemental, Fire, Resistance ', '\n+46(46-48)% to Fire Resistance (fractured)')]}
INFO:root:Item is not finished -> Alterate.
INFO:root:NEW STATE: 
INFO:root:{'Prefix Modifier': [('Fleet', 4, ' TAG Defences ', '\n22(19-23)% increased Evasion Rating')], 'Suffix Modifier': [('of Tzteosh', 1, ' TAG Elemental, Fire, Resistance ', '\n+46(46-48)% to Fire Resistance (fractured)')]}
INFO:root:Item is not finished -> Alterate.
INFO:root:NEW STATE: 
INFO:root:{'Prefix Modifier': [], 'Suffix Modifier': [('of Tzteosh', 1, ' TAG Elemental, Fire, Resistance ', '\n+46(46-48)% to Fire Resistance (fractured)')]}
INFO:root:Item has no prefixtes -> Augment.
INFO:root:NEW STATE: 
INFO:root:{'Prefix Modifier': [('Glaciated', 3, ' TAG Damage, Elemental, Cold, Attack ', '\nAdds 13(12-16) to 25(24-28) Cold Damage to Attacks')], 'Suffix Modifier': [('of Tzteosh', 1, ' TAG Elemental, Fire, Resistance ', '\n+46(46-48)% to Fire Resistance (fractured)')]}
INFO:root:Item is not finished -> Alterate.
INFO:root:NEW STATE: 
INFO:root:{'Prefix Modifier': [('Burnished', 8, ' TAG Damage, Physical, Attack ', '\nAdds 3(2-3) to 4(4-5) Physical Damage to Attacks')], 'Suffix Modifier': [('of Tzteosh', 1, ' TAG Elemental, Fire, Resistance ', '\n+46(46-48)% to Fire Resistance (fractured)')]}
INFO:root:Item is not finished -> Alterate.
INFO:root:NEW STATE: 
INFO:root:{'Prefix Modifier': [('Frozen', 4, ' TAG Damage, Elemental, Cold, Attack ', '\nAdds 11(10-13) to 21(20-24) Cold Damage to Attacks')], 'Suffix Modifier': [('of Tzteosh', 1, ' TAG Elemental, Fire, Resistance ', '\n+46(46-48)% to Fire Resistance (fractured)')]}
INFO:root:Item is not finished -> Alterate.
INFO:root:NEW STATE: 
INFO:root:{'Prefix Modifier': [('Frosted', 9, ' TAG Damage, Elemental, Cold, Attack ', '\nAdds 1 to 2 Cold Damage to Attacks')], 'Suffix Modifier': [('of Tzteosh', 1, ' TAG Elemental, Fire, Resistance ', '\n+46(46-48)% to Fire Resistance (fractured)')]}
INFO:root:Item is not finished -> Alterate.
INFO:root:NEW STATE: 
INFO:root:{'Prefix Modifier': [('Gentian', 6, ' TAG Mana ', '\n+51(50-54) to maximum Mana')], 'Suffix Modifier': [('of Tzteosh', 1, ' TAG Elemental, Fire, Resistance ', '\n+46(46-48)% to Fire Resistance (fractured)')]}
INFO:root:Item is not finished -> Alterate.
INFO:root:NEW STATE: 
INFO:root:{'Prefix Modifier': [], 'Suffix Modifier': [('of Tzteosh', 1, ' TAG Elemental, Fire, Resistance ', '\n+46(46-48)% to Fire Resistance (fractured)')]}
INFO:root:Item has no prefixtes -> Augment.
INFO:root:NEW STATE: 
INFO:root:{'Prefix Modifier': [('Unassailable', 1, ' TAG Defences ', '\n22(20-22)% increased maximum Energy Shield')], 'Suffix Modifier': [('of Tzteosh', 1, ' TAG Elemental, Fire, Resistance ', '\n+46(46-48)% to Fire Resistance (fractured)')]}
INFO:root:Item is not finished -> Alterate.
INFO:root:NEW STATE: 
INFO:root:{'Prefix Modifier': [('Resplendent', 2, ' TAG Defences ', '\n+44(44-47) to maximum Energy Shield')], 'Suffix Modifier': [('of Tzteosh', 1, ' TAG Elemental, Fire, Resistance ', '\n+46(46-48)% to Fire Resistance (fractured)')]}
INFO:root:Item is not finished -> Alterate.
INFO:root:NEW STATE: 
INFO:root:{'Prefix Modifier': [], 'Suffix Modifier': [('of Tzteosh', 1, ' TAG Elemental, Fire, Resistance ', '\n+46(46-48)% to Fire Resistance (fractured)')]}
INFO:root:Item has no prefixtes -> Augment.
INFO:root:NEW STATE: 
INFO:root:{'Prefix Modifier': [("Vampire's", 1, ' TAG Life, Physical, Attack ', '\n1.16(1-1.2)% of Physical Attack Damage Leeched as Life\n(Leeched Life is recovered over time. Multiple Leeches can occur simultaneously, up to a maximum rate)')], 'Suffix Modifier': [('of Tzteosh', 1, ' TAG Elemental, Fire, Resistance ', '\n+46(46-48)% to Fire Resistance (fractured)')]}
INFO:root:Item is not finished -> Alterate.
INFO:root:NEW STATE: 
INFO:root:{'Prefix Modifier': [('Sparking', 5, ' TAG Damage, Elemental, Lightning, Attack ', '\nAdds 3(1-3) to 34(33-34) Lightning Damage to Attacks')], 'Suffix Modifier': [('of Tzteosh', 1, ' TAG Elemental, Fire, Resistance ', '\n+46(46-48)% to Fire Resistance (fractured)')]}
INFO:root:Item is not finished -> Alterate.
INFO:root:NEW STATE: 
INFO:root:{'Prefix Modifier': [("Rimedweller's", 1, ' TAG Elemental, Cold, Gem ', '\n+1 to Level of all Cold Skill Gems')], 'Suffix Modifier': [('of Tzteosh', 1, ' TAG Elemental, Fire, Resistance ', '\n+46(46-48)% to Fire Resistance (fractured)')]}
INFO:root:Item is not finished -> Alterate.
INFO:root:NEW STATE: 
INFO:root:{'Prefix Modifier': [], 'Suffix Modifier': [('of Tzteosh', 1, ' TAG Elemental, Fire, Resistance ', '\n+46(46-48)% to Fire Resistance (fractured)')]}
INFO:root:Item has no prefixtes -> Augment.
INFO:root:NEW STATE: 
INFO:root:{'Prefix Modifier': [('Blurred', 3, ' TAG Defences ', '\n28(24-28)% increased Evasion Rating')], 'Suffix Modifier': [('of Tzteosh', 1, ' TAG Elemental, Fire, Resistance ', '\n+46(46-48)% to Fire Resistance (fractured)')]}
INFO:root:Item is not finished -> Alterate.
INFO:root:NEW STATE: 
INFO:root:{'Prefix Modifier': [], 'Suffix Modifier': [('of Tzteosh', 1, ' TAG Elemental, Fire, Resistance ', '\n+46(46-48)% to Fire Resistance (fractured)')]}
INFO:root:Item has no prefixtes -> Augment.
INFO:root:NEW STATE: 
INFO:root:{'Prefix Modifier': [('Polished', 7, ' TAG Damage, Physical, Attack ', '\nAdds 3(3-4) to 6(6-7) Physical Damage to Attacks')], 'Suffix Modifier': [('of Tzteosh', 1, ' TAG Elemental, Fire, Resistance ', '\n+46(46-48)% to Fire Resistance (fractured)')]}
INFO:root:Item is not finished -> Alterate.
INFO:root:NEW STATE: 
INFO:root:{'Prefix Modifier': [('Glittering', 10, ' TAG Defences ', '\n+11(9-12) to maximum Energy Shield')], 'Suffix Modifier': [('of Tzteosh', 1, ' TAG Elemental, Fire, Resistance ', '\n+46(46-48)% to Fire Resistance (fractured)')]}
INFO:root:Item is not finished -> Alterate.
INFO:root:NEW STATE: 
INFO:root:{'Prefix Modifier': [('Stalwart', 6, ' TAG Life ', '\n+36(30-39) to maximum Life')], 'Suffix Modifier': [('of Tzteosh', 1, ' TAG Elemental, Fire, Resistance ', '\n+46(46-48)% to Fire Resistance (fractured)')]}
INFO:root:Item is not finished -> Alterate.
INFO:root:NEW STATE: 
INFO:root:{'Prefix Modifier': [('Indomitable', 2, ' TAG Defences ', '\n17(17-19)% increased maximum Energy Shield')], 'Suffix Modifier': [('of Tzteosh', 1, ' TAG Elemental, Fire, Resistance ', '\n+46(46-48)% to Fire Resistance (fractured)')]}
INFO:root:Item is not finished -> Alterate.
INFO:root:NEW STATE: 
INFO:root:{'Prefix Modifier': [], 'Suffix Modifier': [('of Tzteosh', 1, ' TAG Elemental, Fire, Resistance ', '\n+46(46-48)% to Fire Resistance (fractured)')]}
INFO:root:Item has no prefixtes -> Augment.
INFO:root:NEW STATE: 
INFO:root:{'Prefix Modifier': [('Aqua', 8, ' TAG Mana ', '\n+40(40-44) to maximum Mana')], 'Suffix Modifier': [('of Tzteosh', 1, ' TAG Elemental, Fire, Resistance ', '\n+46(46-48)% to Fire Resistance (fractured)')]}
INFO:root:Item is not finished -> Alterate.
INFO:root:NEW STATE: 
INFO:root:{'Prefix Modifier': [], 'Suffix Modifier': [('of Tzteosh', 1, ' TAG Elemental, Fire, Resistance ', '\n+46(46-48)% to Fire Resistance (fractured)')]}
INFO:root:Item has no prefixtes -> Augment.
INFO:root:NEW STATE: 
INFO:root:{'Prefix Modifier': [('Sanguine', 7, ' TAG Life ', '\n+22(20-29) to maximum Life')], 'Suffix Modifier': [('of Tzteosh', 1, ' TAG Elemental, Fire, Resistance ', '\n+46(46-48)% to Fire Resistance (fractured)')]}
INFO:root:Item is not finished -> Alterate.
INFO:root:NEW STATE: 
INFO:root:{'Prefix Modifier': [], 'Suffix Modifier': [('of Tzteosh', 1, ' TAG Elemental, Fire, Resistance ', '\n+46(46-48)% to Fire Resistance (fractured)')]}
INFO:root:Item has no prefixtes -> Augment.
INFO:root:NEW STATE: 
INFO:root:{'Prefix Modifier': [('Impregnable', 1, ' TAG Defences ', '\n35(33-36)% increased Armour')], 'Suffix Modifier': [('of Tzteosh', 1, ' TAG Elemental, Fire, Resistance ', '\n+46(46-48)% to Fire Resistance (fractured)')]}
INFO:root:Item is not finished -> Alterate.
INFO:root:NEW STATE: 
INFO:root:{'Prefix Modifier': [('Phased', 2, ' TAG Defences ', '\n29(29-32)% increased Evasion Rating')], 'Suffix Modifier': [('of Tzteosh', 1, ' TAG Elemental, Fire, Resistance ', '\n+46(46-48)% to Fire Resistance (fractured)')]}
INFO:root:Item is not finished -> Alterate.
INFO:root:NEW STATE: 
INFO:root:{'Prefix Modifier': [('Phased', 2, ' TAG Defences ', '\n29(29-32)% increased Evasion Rating')], 'Suffix Modifier': [('of Tzteosh', 1, ' TAG Elemental, Fire, Resistance ', '\n+46(46-48)% to Fire Resistance (fractured)')]}
INFO:root:Item is not finished -> Alterate.
INFO:root:NEW STATE: 
INFO:root:{'Prefix Modifier': [], 'Suffix Modifier': [('of Tzteosh', 1, ' TAG Elemental, Fire, Resistance ', '\n+46(46-48)% to Fire Resistance (fractured)')]}
INFO:root:Item has no prefixtes -> Augment.
INFO:root:NEW STATE: 
INFO:root:{'Prefix Modifier': [("Lamprey's", 2, ' TAG Life, Physical, Attack ', '\n0.67(0.6-0.8)% of Physical Attack Damage Leeched as Life\n(Leeched Life is recovered over time. Multiple Leeches can occur simultaneously, up to a maximum rate)')], 'Suffix Modifier': [('of Tzteosh', 1, ' TAG Elemental, Fire, Resistance ', '\n+46(46-48)% to Fire Resistance (fractured)')]}
INFO:root:Item is not finished -> Alterate.
INFO:root:NEW STATE: 
INFO:root:{'Prefix Modifier': [("Remora's", 3, ' TAG Life, Physical, Attack ', '\n0.2(0.2-0.4)% of Physical Attack Damage Leeched as Life\n(Leeched Life is recovered over time. Multiple Leeches can occur simultaneously, up to a maximum rate)')], 'Suffix Modifier': [('of Tzteosh', 1, ' TAG Elemental, Fire, Resistance ', '\n+46(46-48)% to Fire Resistance (fractured)')]}
INFO:root:Item is not finished -> Alterate.
INFO:root:NEW STATE: 
INFO:root:{'Prefix Modifier': [('Lobstered', 5, ' TAG Defences ', '\n14(14-18)% increased Armour')], 'Suffix Modifier': [('of Tzteosh', 1, ' TAG Elemental, Fire, Resistance ', '\n+46(46-48)% to Fire Resistance (fractured)')]}
INFO:root:Item is not finished -> Alterate.
INFO:root:NEW STATE: 
INFO:root:{'Prefix Modifier': [], 'Suffix Modifier': [('of Tzteosh', 1, ' TAG Elemental, Fire, Resistance ', '\n+46(46-48)% to Fire Resistance (fractured)')]}
INFO:root:Item has no prefixtes -> Augment.
INFO:root:NEW STATE: 
INFO:root:{'Prefix Modifier': [("Provocateur's", 1, ' TAG Chaos, Gem ', '\n+1 to Level of all Chaos Skill Gems')], 'Suffix Modifier': [('of Tzteosh', 1, ' TAG Elemental, Fire, Resistance ', '\n+46(46-48)% to Fire Resistance (fractured)')]}
INFO:root:Item is not finished -> Alterate.
INFO:root:NEW STATE: 
INFO:root:{'Prefix Modifier': [('Gleaming', 5, ' TAG Damage, Physical, Attack ', '\nAdds 7(5-7) to 12(11-12) Physical Damage to Attacks')], 'Suffix Modifier': [('of Tzteosh', 1, ' TAG Elemental, Fire, Resistance ', '\n+46(46-48)% to Fire Resistance (fractured)')]}
INFO:root:Item is not finished -> Alterate.
INFO:root:NEW STATE: 
INFO:root:{'Prefix Modifier': [], 'Suffix Modifier': [('of Tzteosh', 1, ' TAG Elemental, Fire, Resistance ', '\n+46(46-48)% to Fire Resistance (fractured)')]}
INFO:root:Item has no prefixtes -> Augment.
INFO:root:NEW STATE: 
INFO:root:{'Prefix Modifier': [("Dancer's", 6, ' TAG Defences ', '\n13(9-13)% increased Evasion Rating')], 'Suffix Modifier': [('of Tzteosh', 1, ' TAG Elemental, Fire, Resistance ', '\n+46(46-48)% to Fire Resistance (fractured)')]}
INFO:root:Item is not finished -> Alterate.
INFO:root:NEW STATE: 
INFO:root:{'Prefix Modifier': [], 'Suffix Modifier': [('of Tzteosh', 1, ' TAG Elemental, Fire, Resistance ', '\n+46(46-48)% to Fire Resistance (fractured)')]}
INFO:root:Item has no prefixtes -> Augment.
INFO:root:NEW STATE: 
INFO:root:{'Prefix Modifier': [('Mazarine', 4, ' TAG Mana ', '\n+60(60-64) to maximum Mana')], 'Suffix Modifier': [('of Tzteosh', 1, ' TAG Elemental, Fire, Resistance ', '\n+46(46-48)% to Fire Resistance (fractured)')]}
INFO:root:Item is not finished -> Alterate.
INFO:root:NEW STATE: 
INFO:root:{'Prefix Modifier': [('Hale', 9, ' TAG Life ', '\n+8(3-9) to maximum Life')], 'Suffix Modifier': [('of Tzteosh', 1, ' TAG Elemental, Fire, Resistance ', '\n+46(46-48)% to Fire Resistance (fractured)')]}
INFO:root:Item is not finished -> Alterate.
INFO:root:NEW STATE: 
INFO:root:{'Prefix Modifier': [('Seething', 6, ' TAG Defences ', '\n+23(23-26) to maximum Energy Shield')], 'Suffix Modifier': [('of Tzteosh', 1, ' TAG Elemental, Fire, Resistance ', '\n+46(46-48)% to Fire Resistance (fractured)')]}
INFO:root:Item is not finished -> Alterate.
INFO:root:NEW STATE: 
INFO:root:{'Prefix Modifier': [], 'Suffix Modifier': [('of Tzteosh', 1, ' TAG Elemental, Fire, Resistance ', '\n+46(46-48)% to Fire Resistance (fractured)')]}
INFO:root:Item has no prefixtes -> Augment.
INFO:root:NEW STATE: 
INFO:root:{'Prefix Modifier': [("Mage's", 4, ' TAG Damage, Caster ', '\n12(8-12)% increased Spell Damage')], 'Suffix Modifier': [('of Tzteosh', 1, ' TAG Elemental, Fire, Resistance ', '\n+46(46-48)% to Fire Resistance (fractured)')]}
INFO:root:Item is not finished -> Alterate.
INFO:root:NEW STATE: 
INFO:root:{'Prefix Modifier': [('Fearless', 4, ' TAG Defences ', '\n13(11-13)% increased maximum Energy Shield')], 'Suffix Modifier': [('of Tzteosh', 1, ' TAG Elemental, Fire, Resistance ', '\n+46(46-48)% to Fire Resistance (fractured)')]}
INFO:root:Item is not finished -> Alterate.
INFO:root:NEW STATE: 
INFO:root:{'Prefix Modifier': [], 'Suffix Modifier': [('of Tzteosh', 1, ' TAG Elemental, Fire, Resistance ', '\n+46(46-48)% to Fire Resistance (fractured)')]}
INFO:root:Item has no prefixtes -> Augment.
INFO:root:NEW STATE: 
INFO:root:{'Prefix Modifier': [('Blue', 3, ' TAG Mana ', '\n+67(65-68) to maximum Mana')], 'Suffix Modifier': [('of Tzteosh', 1, ' TAG Elemental, Fire, Resistance ', '\n+46(46-48)% to Fire Resistance (fractured)')]}
INFO:root:Item is not finished -> Alterate.
INFO:root:NEW STATE: 
INFO:root:{'Prefix Modifier': [('Fearless', 4, ' TAG Defences ', '\n13(11-13)% increased maximum Energy Shield')], 'Suffix Modifier': [('of Tzteosh', 1, ' TAG Elemental, Fire, Resistance ', '\n+46(46-48)% to Fire Resistance (fractured)')]}
INFO:root:Item is not finished -> Alterate.
INFO:root:NEW STATE: 
INFO:root:{'Prefix Modifier': [('Hale', 9, ' TAG Life ', '\n+9(3-9) to maximum Life')], 'Suffix Modifier': [('of Tzteosh', 1, ' TAG Elemental, Fire, Resistance ', '\n+46(46-48)% to Fire Resistance (fractured)')]}
INFO:root:Item is not finished -> Alterate.
INFO:root:NEW STATE: 
INFO:root:{'Prefix Modifier': [], 'Suffix Modifier': [('of Tzteosh', 1, ' TAG Elemental, Fire, Resistance ', '\n+46(46-48)% to Fire Resistance (fractured)')]}
INFO:root:Item has no prefixtes -> Augment.
INFO:root:NEW STATE: 
INFO:root:{'Prefix Modifier': [('Seething', 6, ' TAG Defences ', '\n+23(23-26) to maximum Energy Shield')], 'Suffix Modifier': [('of Tzteosh', 1, ' TAG Elemental, Fire, Resistance ', '\n+46(46-48)% to Fire Resistance (fractured)')]}
INFO:root:Item is not finished -> Alterate.
INFO:root:NEW STATE: 
INFO:root:{'Prefix Modifier': [('Opalescent', 7, ' TAG Mana ', '\n+45(45-49) to maximum Mana')], 'Suffix Modifier': [('of Tzteosh', 1, ' TAG Elemental, Fire, Resistance ', '\n+46(46-48)% to Fire Resistance (fractured)')]}
INFO:root:Item is not finished -> Alterate.
INFO:root:NEW STATE: 
INFO:root:{'Prefix Modifier': [('Indomitable', 2, ' TAG Defences ', '\n18(17-19)% increased maximum Energy Shield')], 'Suffix Modifier': [('of Tzteosh', 1, ' TAG Elemental, Fire, Resistance ', '\n+46(46-48)% to Fire Resistance (fractured)')]}
INFO:root:Item is not finished -> Alterate.
INFO:root:NEW STATE: 
INFO:root:{'Prefix Modifier': [], 'Suffix Modifier': [('of Tzteosh', 1, ' TAG Elemental, Fire, Resistance ', '\n+46(46-48)% to Fire Resistance (fractured)')]}
INFO:root:Item has no prefixtes -> Augment.
INFO:root:NEW STATE: 
INFO:root:{'Prefix Modifier': [('Sparking', 5, ' TAG Damage, Elemental, Lightning, Attack ', '\nAdds 2(1-3) to 34(33-34) Lightning Damage to Attacks')], 'Suffix Modifier': [('of Tzteosh', 1, ' TAG Elemental, Fire, Resistance ', '\n+46(46-48)% to Fire Resistance (fractured)')]}
INFO:root:Item is not finished -> Alterate.
INFO:root:NEW STATE: 
INFO:root:{'Prefix Modifier': [('Thirsty', 2, ' TAG Mana, Physical, Attack ', '\n0.39(0.2-0.4)% of Physical Attack Damage Leeched as Mana\n(Leeched Mana is recovered over time. Multiple Leeches can occur simultaneously, up to a maximum rate)')], 'Suffix Modifier': [('of Tzteosh', 1, ' TAG Elemental, Fire, Resistance ', '\n+46(46-48)% to Fire Resistance (fractured)')]}
INFO:root:Item is not finished -> Alterate.
INFO:root:NEW STATE: 
INFO:root:{'Prefix Modifier': [("Stormbrewer's", 1, ' TAG Elemental, Lightning, Gem ', '\n+1 to Level of all Lightning Skill Gems')], 'Suffix Modifier': [('of Tzteosh', 1, ' TAG Elemental, Fire, Resistance ', '\n+46(46-48)% to Fire Resistance (fractured)')]}
INFO:root:Item is not finished -> Alterate.
INFO:root:NEW STATE: 
INFO:root:{'Prefix Modifier': [('Cremating', 1, ' TAG Damage, Elemental, Fire, Attack ', '\nAdds 19(19-25) to 45(39-45) Fire Damage to Attacks')], 'Suffix Modifier': [('of Tzteosh', 1, ' TAG Elemental, Fire, Resistance ', '\n+46(46-48)% to Fire Resistance (fractured)')]}
INFO:root:Item is not finished -> Alterate.
INFO:root:NEW STATE: 
INFO:root:{'Prefix Modifier': [('Blue', 3, ' TAG Mana ', '\n+67(65-68) to maximum Mana')], 'Suffix Modifier': [('of Tzteosh', 1, ' TAG Elemental, Fire, Resistance ', '\n+46(46-48)% to Fire Resistance (fractured)')]}
INFO:root:Item is not finished -> Alterate.
INFO:root:NEW STATE: 
INFO:root:{'Prefix Modifier': [], 'Suffix Modifier': [('of Tzteosh', 1, ' TAG Elemental, Fire, Resistance ', '\n+46(46-48)% to Fire Resistance (fractured)')]}
INFO:root:Item has no prefixtes -> Augment.
INFO:root:NEW STATE: 
INFO:root:{'Prefix Modifier': [('Snapping', 7, ' TAG Damage, Elemental, Lightning, Attack ', '\nAdds 1(1-2) to 22(22-23) Lightning Damage to Attacks')], 'Suffix Modifier': [('of Tzteosh', 1, ' TAG Elemental, Fire, Resistance ', '\n+46(46-48)% to Fire Resistance (fractured)')]}
INFO:root:Item is not finished -> Alterate.
INFO:root:NEW STATE: 
INFO:root:{'Prefix Modifier': [], 'Suffix Modifier': [('of Tzteosh', 1, ' TAG Elemental, Fire, Resistance ', '\n+46(46-48)% to Fire Resistance (fractured)')]}
INFO:root:Item has no prefixtes -> Augment.
INFO:root:NEW STATE: 
INFO:root:{'Prefix Modifier': [('Hale', 9, ' TAG Life ', '\n+7(3-9) to maximum Life')], 'Suffix Modifier': [('of Tzteosh', 1, ' TAG Elemental, Fire, Resistance ', '\n+46(46-48)% to Fire Resistance (fractured)')]}
INFO:root:Item is not finished -> Alterate.
INFO:root:NEW STATE: 
INFO:root:{'Prefix Modifier': [], 'Suffix Modifier': [('of Tzteosh', 1, ' TAG Elemental, Fire, Resistance ', '\n+46(46-48)% to Fire Resistance (fractured)')]}
INFO:root:Item has no prefixtes -> Augment.
INFO:root:NEW STATE: 
INFO:root:{'Prefix Modifier': [('Zaffre', 2, ' TAG Mana ', '\n+72(69-73) to maximum Mana')], 'Suffix Modifier': [('of Tzteosh', 1, ' TAG Elemental, Fire, Resistance ', '\n+46(46-48)% to Fire Resistance (fractured)')]}
INFO:root:Item is not finished -> Alterate.
INFO:root:NEW STATE: 
INFO:root:{'Prefix Modifier': [("Wizard's", 1, ' TAG Damage, Caster ', '\n25(23-26)% increased Spell Damage')], 'Suffix Modifier': [('of Tzteosh', 1, ' TAG Elemental, Fire, Resistance ', '\n+46(46-48)% to Fire Resistance (fractured)')]}
INFO:root:Item is not finished -> Alterate.
INFO:root:NEW STATE: 
INFO:root:{'Prefix Modifier': [], 'Suffix Modifier': [('of Tzteosh', 1, ' TAG Elemental, Fire, Resistance ', '\n+46(46-48)% to Fire Resistance (fractured)')]}
INFO:root:Item has no prefixtes -> Augment.
INFO:root:NEW STATE: 
INFO:root:{'Prefix Modifier': [('Snapping', 7, ' TAG Damage, Elemental, Lightning, Attack ', '\nAdds 2(1-2) to 23(22-23) Lightning Damage to Attacks')], 'Suffix Modifier': [('of Tzteosh', 1, ' TAG Elemental, Fire, Resistance ', '\n+46(46-48)% to Fire Resistance (fractured)')]}
INFO:root:Item is not finished -> Alterate.
INFO:root:NEW STATE: 
INFO:root:{'Prefix Modifier': [('Vaporous', 1, ' TAG Defences ', '\n36(33-36)% increased Evasion Rating')], 'Suffix Modifier': [('of Tzteosh', 1, ' TAG Elemental, Fire, Resistance ', '\n+46(46-48)% to Fire Resistance (fractured)')]}
INFO:root:Item is not finished -> Alterate.
INFO:root:NEW STATE: 
INFO:root:{'Prefix Modifier': [], 'Suffix Modifier': [('of Tzteosh', 1, ' TAG Elemental, Fire, Resistance ', '\n+46(46-48)% to Fire Resistance (fractured)')]}
INFO:root:Item has no prefixtes -> Augment.
INFO:root:NEW STATE: 
INFO:root:{'Prefix Modifier': [("Dragon's", 2, ' ', '\n21(19-24)% increased Rarity of Items found')], 'Suffix Modifier': [('of Tzteosh', 1, ' TAG Elemental, Fire, Resistance ', '\n+46(46-48)% to Fire Resistance (fractured)')]}
INFO:root:Ran out of alts
