INFO:root:NEW STATE: 
INFO:root:{'Prefix Modifier': [('Splitting', 1, ' ', '\nMonsters fire 2 additional Projectiles')], 'Suffix Modifier': [('of Drought', 1, ' ', '\nPlayers gain 50% reduced Flask Charges')]}
INFO:root:Item is not twinned -> Alterate.
INFO:root:NEW STATE: 
INFO:root:{'Prefix Modifier': [('Chaining', 1, ' ', "\nMonsters' skills Chain 2 additional times")], 'Suffix Modifier': [('of Giants', 1, ' ', '\nMonsters have 100% increased Area of Effect')]}
INFO:root:Item is not twinned -> Alterate.
INFO:root:NEW STATE: 
INFO:root:{'Prefix Modifier': [('Resistant', 1, ' TAG Elemental, Chaos, Resistance ', '\n+25% Monster Chaos Resistance\n+40% Monster Elemental Resistances')], 'Suffix Modifier': [('of Vulnerability', 1, ' TAG Caster, Curse ', '\nPlayers are Cursed with Vulnerability\n(Vulnerability is a Hex which increases Physical Damage taken by 15% and causes Hits to have +25% chance to inflict Bleeding on the target. It lasts 8 seconds)')]}
INFO:root:Item is not twinned -> Alterate.
INFO:root:NEW STATE: 
INFO:root:{'Prefix Modifier': [], 'Suffix Modifier': [('of Smothering', 1, ' TAG Life, Defences ', '\nPlayers have 60% less Recovery Rate of Life and Energy Shield')]}
INFO:root:Item has no prefixtes -> Augment.
INFO:root:NEW STATE: 
INFO:root:{'Prefix Modifier': [('Fleet', 1, ' TAG Attack, Caster, Speed ', '\n28(25-30)% increased Monster Movement Speed\n42(35-45)% increased Monster Attack Speed\n36(35-45)% increased Monster Cast Speed')], 'Suffix Modifier': [('of Smothering', 1, ' TAG Life, Defences ', '\nPlayers have 60% less Recovery Rate of Life and Energy Shield')]}
INFO:root:Item is not twinned -> Alterate.
INFO:root:NEW STATE: 
INFO:root:{'Prefix Modifier': [('Savage', 1, ' TAG Damage ', '\n25(22-25)% increased Monster Damage')], 'Suffix Modifier': [('of Stasis', 1, ' TAG Life, Mana, Defences ', '\nPlayers cannot Regenerate Life, Mana or Energy Shield TAG Unscalable Value')]}
INFO:root:Item is not twinned -> Alterate.
INFO:root:NEW STATE: 
INFO:root:{'Prefix Modifier': [], 'Suffix Modifier': [('of Insulation', 1, ' TAG Elemental, Fire, Cold, Lightning, Ailment ', '\nMonsters have 70% chance to Avoid Elemental Ailments\n(Elemental Ailments are Ignited, Scorched, Chilled, Frozen, Brittle, Shocked, and Sapped)')]}
INFO:root:Item has no prefixtes -> Augment.
INFO:root:NEW STATE: 
INFO:root:{'Prefix Modifier': [('Shocking', 1, ' TAG Damage, Physical, Elemental, Lightning ', '\nMonsters deal 101(90-110)% extra Physical Damage as Lightning')], 'Suffix Modifier': [('of Insulation', 1, ' TAG Elemental, Fire, Cold, Lightning, Ailment ', '\nMonsters have 70% chance to Avoid Elemental Ailments\n(Elemental Ailments are Ignited, Scorched, Chilled, Frozen, Brittle, Shocked, and Sapped)')]}
INFO:root:Item is not twinned -> Alterate.
INFO:root:NEW STATE: 
INFO:root:{'Prefix Modifier': [], 'Suffix Modifier': [('of Endurance', 1, ' ', '\nMonsters gain an Endurance Charge on Hit')]}
INFO:root:Item has no prefixtes -> Augment.
INFO:root:NEW STATE: 
INFO:root:{'Prefix Modifier': [('Abhorrent', 1, ' ', '\nArea is inhabited by Abominations TAG Unscalable Value')], 'Suffix Modifier': [('of Endurance', 1, ' ', '\nMonsters gain an Endurance Charge on Hit')]}
INFO:root:Item is not twinned -> Alterate.
INFO:root:NEW STATE: 
INFO:root:{'Prefix Modifier': [], 'Suffix Modifier': [('of Imprecision', 1, ' ', '\nPlayers have 25% less Accuracy Rating')]}
INFO:root:Item has no prefixtes -> Augment.
INFO:root:NEW STATE: 
INFO:root:{'Prefix Modifier': [('Conflagrating', 1, ' TAG Elemental, Fire, Ailment ', '\nAll Monster Damage from Hits always Ignites TAG Unscalable Value\n(Ignite deals Fire Damage over time, based on the base Fire Damage of the Skill, for 4 seconds)')], 'Suffix Modifier': [('of Imprecision', 1, ' ', '\nPlayers have 25% less Accuracy Rating')]}
INFO:root:Item is not twinned -> Alterate.
INFO:root:NEW STATE: 
INFO:root:{'Prefix Modifier': [], 'Suffix Modifier': [('of Temporal Chains', 1, ' TAG Caster, Curse ', '\nPlayers are Cursed with Temporal Chains\n(Temporal Chains is a Hex which reduces Action Speed by 15%, or 9% on Rare or Unique targets, and makes other effects on the target expire 40% slower. It has 50% less effect on Players and lasts 5 seconds)')]}
INFO:root:Item has no prefixtes -> Augment.
INFO:root:NEW STATE: 
INFO:root:{'Prefix Modifier': [('Burning', 1, ' TAG Damage, Physical, Elemental, Fire ', '\nMonsters deal 101(90-110)% extra Physical Damage as Fire')], 'Suffix Modifier': [('of Temporal Chains', 1, ' TAG Caster, Curse ', '\nPlayers are Cursed with Temporal Chains\n(Temporal Chains is a Hex which reduces Action Speed by 15%, or 9% on Rare or Unique targets, and makes other effects on the target expire 40% slower. It has 50% less effect on Players and lasts 5 seconds)')]}
INFO:root:Item is not twinned -> Alterate.
INFO:root:NEW STATE: 
INFO:root:{'Prefix Modifier': [('Undead', 1, ' ', '\nArea is inhabited by Undead TAG Unscalable Value')], 'Suffix Modifier': [('of Temporal Chains', 1, ' TAG Caster, Curse ', '\nPlayers are Cursed with Temporal Chains\n(Temporal Chains is a Hex which reduces Action Speed by 15%, or 9% on Rare or Unique targets, and makes other effects on the target expire 40% slower. It has 50% less effect on Players and lasts 5 seconds)')]}
INFO:root:Item is not twinned -> Alterate.
INFO:root:NEW STATE: 
INFO:root:{'Prefix Modifier': [], 'Suffix Modifier': [('of Drought', 1, ' ', '\nPlayers gain 50% reduced Flask Charges')]}
INFO:root:Item has no prefixtes -> Augment.
INFO:root:NEW STATE: 
INFO:root:{'Prefix Modifier': [("Overlord's", 1, ' TAG Attack, Caster, Speed ', '\nUnique Boss deals 25% increased Damage\nUnique Boss has 30% increased Attack and Cast Speed')], 'Suffix Modifier': [('of Drought', 1, ' ', '\nPlayers gain 50% reduced Flask Charges')]}
INFO:root:Item is not twinned -> Alterate.
INFO:root:NEW STATE: 
INFO:root:{'Prefix Modifier': [('Mirrored', 1, ' TAG Damage, Elemental ', '\nMonsters reflect 18% of Elemental Damage')], 'Suffix Modifier': [('of Balance', 1, ' TAG Damage, Elemental ', '\nPlayers cannot inflict Exposure TAG Unscalable Value')]}
INFO:root:Item is not twinned -> Alterate.
INFO:root:NEW STATE: 
INFO:root:{'Prefix Modifier': [('Resistant', 1, ' TAG Elemental, Chaos, Resistance ', '\n+25% Monster Chaos Resistance\n+40% Monster Elemental Resistances')], 'Suffix Modifier': [('of Elemental Weakness', 1, ' TAG Caster, Curse ', '\nPlayers are Cursed with Elemental Weakness\n(Elemental Weakness is a Hex which inficts -15% to all Elemental Resistances. It lasts 8 seconds)')]}
INFO:root:Item is not twinned -> Alterate.
INFO:root:NEW STATE: 
INFO:root:{'Prefix Modifier': [], 'Suffix Modifier': [('of Venom', 1, ' TAG Chaos, Ailment ', '\nMonsters Poison on Hit TAG Unscalable Value\n(Poison deals Chaos Damage over time, based on the base Physical and Chaos Damage of the Skill. Multiple instances of Poison stack)')]}
INFO:root:Item has no prefixtes -> Augment.
INFO:root:NEW STATE: 
INFO:root:{'Prefix Modifier': [('Demonic', 1, ' ', '\nArea is inhabited by Demons TAG Unscalable Value')], 'Suffix Modifier': [('of Venom', 1, ' TAG Chaos, Ailment ', '\nMonsters Poison on Hit TAG Unscalable Value\n(Poison deals Chaos Damage over time, based on the base Physical and Chaos Damage of the Skill. Multiple instances of Poison stack)')]}
INFO:root:Item is not twinned -> Alterate.
INFO:root:NEW STATE: 
INFO:root:{'Prefix Modifier': [('Otherworldly', 1, ' ', '\nSlaying Enemies close together can attract monsters from Beyond this realm TAG Unscalable Value')], 'Suffix Modifier': [('of Frenzy', 1, ' ', '\nMonsters gain a Frenzy Charge on Hit')]}
INFO:root:Item is not twinned -> Alterate.
INFO:root:NEW STATE: 
INFO:root:{'Prefix Modifier': [], 'Suffix Modifier': [('of Venom', 1, ' TAG Chaos, Ailment ', '\nMonsters Poison on Hit TAG Unscalable Value\n(Poison deals Chaos Damage over time, based on the base Physical and Chaos Damage of the Skill. Multiple instances of Poison stack)')]}
INFO:root:Item has no prefixtes -> Augment.
INFO:root:NEW STATE: 
INFO:root:{'Prefix Modifier': [('Empowered', 1, ' TAG Elemental, Fire, Cold, Lightning, Ailment ', '\nMonsters have a 20% chance to cause Elemental Ailments on Hit\n(Elemental Ailments are Ignited, Scorched, Chilled, Frozen, Brittle, Shocked, and Sapped)')], 'Suffix Modifier': [('of Venom', 1, ' TAG Chaos, Ailment ', '\nMonsters Poison on Hit TAG Unscalable Value\n(Poison deals Chaos Damage over time, based on the base Physical and Chaos Damage of the Skill. Multiple instances of Poison stack)')]}
INFO:root:Item is not twinned -> Alterate.
INFO:root:NEW STATE: 
INFO:root:{'Prefix Modifier': [('Fecund', 1, ' TAG Life ', '\n40(40-49)% more Monster Life')], 'Suffix Modifier': [('of Carnage', 1, ' ', '\nMonsters Maim on Hit with Attacks\n(Maimed enemies have 30% reduced Movement Speed)')]}
INFO:root:Item is not twinned -> Alterate.
INFO:root:NEW STATE: 
INFO:root:{'Prefix Modifier': [('Fleet', 1, ' TAG Attack, Caster, Speed ', '\n27(25-30)% increased Monster Movement Speed\n40(35-45)% increased Monster Attack Speed\n35(35-45)% increased Monster Cast Speed')], 'Suffix Modifier': [('of Carnage', 1, ' ', '\nMonsters Maim on Hit with Attacks\n(Maimed enemies have 30% reduced Movement Speed)')]}
INFO:root:Item is not twinned -> Alterate.
INFO:root:NEW STATE: 
INFO:root:{'Prefix Modifier': [('Twinned', 1, ' ', '\nArea contains two Unique Bosses TAG Unscalable Value')], 'Suffix Modifier': [('of Bloodlines', 1, ' ', '\n25(20-30)% more Magic Monsters')]}
INFO:root:Item is twinned.
