INFO:root:NEW STATE: 
INFO:root:{'Prefix Modifier': [('Unwavering', 1, ' TAG Life ', '\n29(25-30)% more Monster Life\nMonsters cannot be Stunned TAG Unscalable Value')], 'Suffix Modifier': []}
INFO:root:Item is not twinned -> Alterate.
INFO:root:NEW STATE: 
INFO:root:{'Prefix Modifier': [('Empowered', 1, ' TAG Elemental, Fire, Cold, Lightning, Ailment ', '\nMonsters have a 20% chance to cause Elemental Ailments on Hit\n(Elemental Ailments are Ignited, Scorched, Chilled, Frozen, Brittle, Shocked, and Sapped)')], 'Suffix Modifier': [('of Deadliness', 1, ' TAG Damage, Critical ', '\nMonsters have 399(360-400)% increased Critical Strike Chance\n+41(41-45)% to Monster Critical Strike Multiplier')]}
INFO:root:Item is not twinned -> Alterate.
INFO:root:NEW STATE: 
INFO:root:{'Prefix Modifier': [('Armoured', 1, ' TAG Physical ', '\n+40% Monster Physical Damage Reduction')], 'Suffix Modifier': [('of Temporal Chains', 1, ' TAG Caster, Curse ', '\nPlayers are Cursed with Temporal Chains\n(Temporal Chains is a Hex which reduces Action Speed by 15%, or 9% on Rare or Unique targets, and makes other effects on the target expire 40% slower. It has 50% less effect on Players and lasts 5 seconds)')]}
INFO:root:Item is not twinned -> Alterate.
INFO:root:NEW STATE: 
INFO:root:{'Prefix Modifier': [("Titan's", 1, ' TAG Life ', '\nUnique Boss has 35% increased Life\nUnique Boss has 70% increased Area of Effect')], 'Suffix Modifier': []}
INFO:root:Item is not twinned -> Alterate.
INFO:root:NEW STATE: 
INFO:root:{'Prefix Modifier': [('Unstoppable', 1, ' TAG Speed ', "\nMonsters cannot be Taunted TAG Unscalable Value\nMonsters' Action Speed cannot be modified to below base value TAG Unscalable Value")], 'Suffix Modifier': []}
INFO:root:Item is not twinned -> Alterate.
INFO:root:NEW STATE: 
INFO:root:{'Prefix Modifier': [("Antagonist's", 1, ' ', '\n21(20-30)% increased number of Rare Monsters')], 'Suffix Modifier': [('of Enfeeblement', 1, ' TAG Caster, Curse ', "\nPlayers are Cursed with Enfeeble\n(Enfeeble is a Hex which reduces the targets' Accuracy Rating by 10% and Damage by 15%, or 9% on Rare or Unique targets. It lasts 8 seconds)")]}
INFO:root:Item is not twinned -> Alterate.
INFO:root:NEW STATE: 
INFO:root:{'Prefix Modifier': [('Anarchic', 1, ' ', '\nArea is inhabited by 2 additional Rogue Exiles')], 'Suffix Modifier': [('of Frenzy', 1, ' ', '\nMonsters gain a Frenzy Charge on Hit')]}
INFO:root:Item is not twinned -> Alterate.
INFO:root:NEW STATE: 
INFO:root:{'Prefix Modifier': [], 'Suffix Modifier': [('of Impedance', 1, ' ', '\nMonsters Hinder on Hit with Spells\n(Hinder reduces movement speed by 30% for 4 seconds)')]}
INFO:root:Item has no prefixtes -> Augment.
INFO:root:NEW STATE: 
INFO:root:{'Prefix Modifier': [('Chaining', 1, ' ', "\nMonsters' skills Chain 2 additional times")], 'Suffix Modifier': [('of Impedance', 1, ' ', '\nMonsters Hinder on Hit with Spells\n(Hinder reduces movement speed by 30% for 4 seconds)')]}
INFO:root:Item is not twinned -> Alterate.
INFO:root:NEW STATE: 
INFO:root:{'Prefix Modifier': [('Ceremonial', 1, ' ', '\nArea contains many Totems TAG Unscalable Value')], 'Suffix Modifier': []}
INFO:root:Item is not twinned -> Alterate.
INFO:root:NEW STATE: 
INFO:root:{'Prefix Modifier': [('Solar', 1, ' ', '\nArea is inhabited by Solaris fanatics TAG Unscalable Value')], 'Suffix Modifier': []}
INFO:root:Item is not twinned -> Alterate.
INFO:root:NEW STATE: 
INFO:root:{'Prefix Modifier': [('Mirrored', 1, ' TAG Damage, Elemental ', '\nMonsters reflect 18% of Elemental Damage')], 'Suffix Modifier': [('of Bloodlines', 1, ' ', '\n24(20-30)% more Magic Monsters')]}
INFO:root:Item is not twinned -> Alterate.
INFO:root:NEW STATE: 
INFO:root:{'Prefix Modifier': [('Fleet', 1, ' TAG Attack, Caster, Speed ', '\n26(25-30)% increased Monster Movement Speed\n37(35-45)% increased Monster Attack Speed\n39(35-45)% increased Monster Cast Speed')], 'Suffix Modifier': [('of Lightning', 1, ' ', '\nArea has patches of Shocked Ground which increase Damage taken by 50%')]}
INFO:root:Item is not twinned -> Alterate.
INFO:root:NEW STATE: 
INFO:root:{'Prefix Modifier': [('Buffered', 1, ' ', '\nMonsters gain 45(40-49)% of Maximum Life as Extra Maximum Energy Shield')], 'Suffix Modifier': []}
INFO:root:Item is not twinned -> Alterate.
INFO:root:NEW STATE: 
INFO:root:{'Prefix Modifier': [('Twinned', 1, ' ', '\nArea contains two Unique Bosses TAG Unscalable Value')], 'Suffix Modifier': [('of Enervation', 1, ' ', '\nMonsters steal Power, Frenzy and Endurance charges on Hit')]}
INFO:root:Item is twinned.
