INFO:root:NEW STATE: 
INFO:root:{'Prefix Modifier': [('Blue', 3, ' TAG Mana ', '\n+68(65-68) to maximum Mana')], 'Suffix Modifier': [('of Tzteosh', 1, ' TAG Elemental, Fire, Resistance ', '\n+46(46-48)% to Fire Resistance (fractured)')]}
INFO:root:Item is not finished -> Alterate.
INFO:root:NEW STATE: 
INFO:root:{'Prefix Modifier': [('Polished', 7, ' TAG Damage, Physical, Attack ', '\nAdds 4(3-4) to 6(6-7) Physical Damage to Attacks')], 'Suffix Modifier': [('of Tzteosh', 1, ' TAG Elemental, Fire, Resistance ', '\n+46(46-48)% to Fire Resistance (fractured)')]}
INFO:root:Item is not finished -> Alterate.
INFO:root:NEW STATE: 
INFO:root:{'Prefix Modifier': [('Humming', 9, ' TAG Damage, Elemental, Lightning, Attack ', '\nAdds 1 to 5 Lightning Damage to Attacks')], 'Suffix Modifier': [('of Tzteosh', 1, ' TAG Elemental, Fire, Resistance ', '\n+46(46-48)% to Fire Resistance (fractured)')]}
INFO:root:Item is not finished -> Alterate.
INFO:root:NEW STATE: 
INFO:root:{'Prefix Modifier': [('Tempered', 2, ' TAG Damage, Physical, Attack ', '\nAdds 9(9-12) to 20(19-22) Physical Damage to Attacks')], 'Suffix Modifier': [('of Tzteosh', 1, ' TAG Elemental, Fire, Resistance ', '\n+46(46-48)% to Fire Resistance (fractured)')]}
INFO:root:Item is not finished -> Alterate.
INFO:root:NEW STATE: 
INFO:root:{'Prefix Modifier': [('Robust', 4, ' TAG Life ', '\n+50(50-59) to maximum Life')], 'Suffix Modifier': [('of Tzteosh', 1, ' TAG Elemental, Fire, Resistance ', '\n+46(46-48)% to Fire Resistance (fractured)')]}
INFO:root:Item is not finished -> Alterate.
INFO:root:NEW STATE: 
INFO:root:{'Prefix Modifier': [], 'Suffix Modifier': [('of Tzteosh', 1, ' TAG Elemental, Fire, Resistance ', '\n+46(46-48)% to Fire Resistance (fractured)')]}
INFO:root:Item has no prefixtes -> Augment.
INFO:root:NEW STATE: 
INFO:root:{'Prefix Modifier': [('Stout', 5, ' TAG Life ', '\n+45(40-49) to maximum Life')], 'Suffix Modifier': [('of Tzteosh', 1, ' TAG Elemental, Fire, Resistance ', '\n+46(46-48)% to Fire Resistance (fractured)')]}
INFO:root:Item is not finished -> Alterate.
INFO:root:NEW STATE: 
INFO:root:{'Prefix Modifier': [('Scintillating', 4, ' TAG Defences ', '\n+37(32-37) to maximum Energy Shield')], 'Suffix Modifier': [('of Tzteosh', 1, ' TAG Elemental, Fire, Resistance ', '\n+46(46-48)% to Fire Resistance (fractured)')]}
INFO:root:Item is not finished -> Alterate.
INFO:root:NEW STATE: 
INFO:root:{'Prefix Modifier': [('Glimmering', 11, ' TAG Defences ', '\n+4(4-8) to maximum Energy Shield')], 'Suffix Modifier': [('of Tzteosh', 1, ' TAG Elemental, Fire, Resistance ', '\n+46(46-48)% to Fire Resistance (fractured)')]}
INFO:root:Item is not finished -> Alterate.
INFO:root:NEW STATE: 
INFO:root:{'Prefix Modifier': [], 'Suffix Modifier': [('of Tzteosh', 1, ' TAG Elemental, Fire, Resistance ', '\n+46(46-48)% to Fire Resistance (fractured)')]}
INFO:root:Item has no prefixtes -> Augment.
INFO:root:NEW STATE: 
INFO:root:{'Prefix Modifier': [('Zaffre', 2, ' TAG Mana ', '\n+72(69-73) to maximum Mana')], 'Suffix Modifier': [('of Tzteosh', 1, ' TAG Elemental, Fire, Resistance ', '\n+46(46-48)% to Fire Resistance (fractured)')]}
INFO:root:Item is not finished -> Alterate.
INFO:root:NEW STATE: 
INFO:root:{'Prefix Modifier': [('Buttressed', 4, ' TAG Defences ', '\n19(19-23)% increased Armour')], 'Suffix Modifier': [('of Tzteosh', 1, ' TAG Elemental, Fire, Resistance ', '\n+46(46-48)% to Fire Resistance (fractured)')]}
INFO:root:Item is not finished -> Alterate.
INFO:root:NEW STATE: 
INFO:root:{'Prefix Modifier': [], 'Suffix Modifier': [('of Tzteosh', 1, ' TAG Elemental, Fire, Resistance ', '\n+46(46-48)% to Fire Resistance (fractured)')]}
INFO:root:Item has no prefixtes -> Augment.
INFO:root:NEW STATE: 
INFO:root:{'Prefix Modifier': [('Empowering', 4, ' TAG Damage, Elemental, Attack ', '\n21(21-30)% increased Elemental Damage with Attack Skills')], 'Suffix Modifier': [('of Tzteosh', 1, ' TAG Elemental, Fire, Resistance ', '\n+46(46-48)% to Fire Resistance (fractured)')]}
INFO:root:Item is not finished -> Alterate.
INFO:root:NEW STATE: 
INFO:root:{'Prefix Modifier': [], 'Suffix Modifier': [('of Tzteosh', 1, ' TAG Elemental, Fire, Resistance ', '\n+46(46-48)% to Fire Resistance (fractured)')]}
INFO:root:Item has no prefixtes -> Augment.
INFO:root:NEW STATE: 
INFO:root:{'Prefix Modifier': [('Shining', 12, ' TAG Defences ', '\n+1(1-3) to maximum Energy Shield')], 'Suffix Modifier': [('of Tzteosh', 1, ' TAG Elemental, Fire, Resistance ', '\n+46(46-48)% to Fire Resistance (fractured)')]}
INFO:root:Item is not finished -> Alterate.
INFO:root:NEW STATE: 
INFO:root:{'Prefix Modifier': [("Wizard's", 1, ' TAG Damage, Caster ', '\n25(23-26)% increased Spell Damage')], 'Suffix Modifier': [('of Tzteosh', 1, ' TAG Elemental, Fire, Resistance ', '\n+46(46-48)% to Fire Resistance (fractured)')]}
INFO:root:Item is not finished -> Alterate.
INFO:root:NEW STATE: 
INFO:root:{'Prefix Modifier': [('Ultramarine', 1, ' TAG Mana ', '\n+75(74-78) to maximum Mana')], 'Suffix Modifier': [('of Tzteosh', 1, ' TAG Elemental, Fire, Resistance ', '\n+46(46-48)% to Fire Resistance (fractured)')]}
INFO:root:Item is not finished -> Alterate.
INFO:root:NEW STATE: 
INFO:root:{'Prefix Modifier': [], 'Suffix Modifier': [('of Tzteosh', 1, ' TAG Elemental, Fire, Resistance ', '\n+46(46-48)% to Fire Resistance (fractured)')]}
INFO:root:Item has no prefixtes -> Augment.
INFO:root:NEW STATE: 
INFO:root:{'Prefix Modifier': [('Beryl', 13, ' TAG Mana ', '\n+15(15-19) to maximum Mana')], 'Suffix Modifier': [('of Tzteosh', 1, ' TAG Elemental, Fire, Resistance ', '\n+46(46-48)% to Fire Resistance (fractured)')]}
INFO:root:Item is not finished -> Alterate.
INFO:root:NEW STATE: 
INFO:root:{'Prefix Modifier': [('Opalescent', 7, ' TAG Mana ', '\n+49(45-49) to maximum Mana')], 'Suffix Modifier': [('of Tzteosh', 1, ' TAG Elemental, Fire, Resistance ', '\n+46(46-48)% to Fire Resistance (fractured)')]}
INFO:root:Item is not finished -> Alterate.
INFO:root:NEW STATE: 
INFO:root:{'Prefix Modifier': [], 'Suffix Modifier': [('of Tzteosh', 1, ' TAG Elemental, Fire, Resistance ', '\n+46(46-48)% to Fire Resistance (fractured)')]}
INFO:root:Item has no prefixtes -> Augment.
INFO:root:NEW STATE: 
INFO:root:{'Prefix Modifier': [('Tempered', 2, ' TAG Damage, Physical, Attack ', '\nAdds 10(9-12) to 20(19-22) Physical Damage to Attacks')], 'Suffix Modifier': [('of Tzteosh', 1, ' TAG Elemental, Fire, Resistance ', '\n+46(46-48)% to Fire Resistance (fractured)')]}
INFO:root:Item is not finished -> Alterate.
INFO:root:NEW STATE: 
INFO:root:{'Prefix Modifier': [], 'Suffix Modifier': [('of Tzteosh', 1, ' TAG Elemental, Fire, Resistance ', '\n+46(46-48)% to Fire Resistance (fractured)')]}
INFO:root:Item has no prefixtes -> Augment.
INFO:root:NEW STATE: 
INFO:root:{'Prefix Modifier': [('Protective', 7, ' TAG Defences ', '\n2(2-4)% increased maximum Energy Shield')], 'Suffix Modifier': [('of Tzteosh', 1, ' TAG Elemental, Fire, Resistance ', '\n+46(46-48)% to Fire Resistance (fractured)')]}
INFO:root:Item is not finished -> Alterate.
INFO:root:NEW STATE: 
INFO:root:{'Prefix Modifier': [('Burnished', 8, ' TAG Damage, Physical, Attack ', '\nAdds 2(2-3) to 5(4-5) Physical Damage to Attacks')], 'Suffix Modifier': [('of Tzteosh', 1, ' TAG Elemental, Fire, Resistance ', '\n+46(46-48)% to Fire Resistance (fractured)')]}
INFO:root:Item is not finished -> Alterate.
INFO:root:NEW STATE: 
INFO:root:{'Prefix Modifier': [('Azure', 11, ' TAG Mana ', '\n+28(25-29) to maximum Mana')], 'Suffix Modifier': [('of Tzteosh', 1, ' TAG Elemental, Fire, Resistance ', '\n+46(46-48)% to Fire Resistance (fractured)')]}
INFO:root:Item is not finished -> Alterate.
INFO:root:NEW STATE: 
INFO:root:{'Prefix Modifier': [], 'Suffix Modifier': [('of Tzteosh', 1, ' TAG Elemental, Fire, Resistance ', '\n+46(46-48)% to Fire Resistance (fractured)')]}
INFO:root:Item has no prefixtes -> Augment.
INFO:root:NEW STATE: 
INFO:root:{'Prefix Modifier': [('Freezing', 5, ' TAG Damage, Elemental, Cold, Attack ', '\nAdds 9(8-11) to 19(16-19) Cold Damage to Attacks')], 'Suffix Modifier': [('of Tzteosh', 1, ' TAG Elemental, Fire, Resistance ', '\n+46(46-48)% to Fire Resistance (fractured)')]}
INFO:root:Item is not finished -> Alterate.
INFO:root:NEW STATE: 
INFO:root:{'Prefix Modifier': [('Mazarine', 4, ' TAG Mana ', '\n+62(60-64) to maximum Mana')], 'Suffix Modifier': [('of Tzteosh', 1, ' TAG Elemental, Fire, Resistance ', '\n+46(46-48)% to Fire Resistance (fractured)')]}
INFO:root:Item is not finished -> Alterate.
INFO:root:NEW STATE: 
INFO:root:{'Prefix Modifier': [], 'Suffix Modifier': [('of Tzteosh', 1, ' TAG Elemental, Fire, Resistance ', '\n+46(46-48)% to Fire Resistance (fractured)')]}
INFO:root:Item has no prefixtes -> Augment.
INFO:root:NEW STATE: 
INFO:root:{'Prefix Modifier': [('Impregnable', 1, ' TAG Defences ', '\n36(33-36)% increased Armour')], 'Suffix Modifier': [('of Tzteosh', 1, ' TAG Elemental, Fire, Resistance ', '\n+46(46-48)% to Fire Resistance (fractured)')]}
INFO:root:Item is not finished -> Alterate.
INFO:root:NEW STATE: 
INFO:root:{'Prefix Modifier': [('Fleet', 4, ' TAG Defences ', '\n20(19-23)% increased Evasion Rating')], 'Suffix Modifier': [('of Tzteosh', 1, ' TAG Elemental, Fire, Resistance ', '\n+46(46-48)% to Fire Resistance (fractured)')]}
INFO:root:Item is not finished -> Alterate.
INFO:root:NEW STATE: 
INFO:root:{'Prefix Modifier': [], 'Suffix Modifier': [('of Tzteosh', 1, ' TAG Elemental, Fire, Resistance ', '\n+46(46-48)% to Fire Resistance (fractured)')]}
INFO:root:Item has no prefixtes -> Augment.
INFO:root:NEW STATE: 
INFO:root:{'Prefix Modifier': [('Smouldering', 8, ' TAG Damage, Elemental, Fire, Attack ', '\nAdds 3(3-5) to 7(7-8) Fire Damage to Attacks')], 'Suffix Modifier': [('of Tzteosh', 1, ' TAG Elemental, Fire, Resistance ', '\n+46(46-48)% to Fire Resistance (fractured)')]}
INFO:root:Item is not finished -> Alterate.
INFO:root:NEW STATE: 
INFO:root:{'Prefix Modifier': [('Discharging', 2, ' TAG Damage, Elemental, Lightning, Attack ', '\nAdds 3(3-6) to 58(57-61) Lightning Damage to Attacks')], 'Suffix Modifier': [('of Tzteosh', 1, ' TAG Elemental, Fire, Resistance ', '\n+46(46-48)% to Fire Resistance (fractured)')]}
INFO:root:Item is not finished -> Alterate.
INFO:root:NEW STATE: 
INFO:root:{'Prefix Modifier': [('Healthy', 8, ' TAG Life ', '\n+12(10-19) to maximum Life')], 'Suffix Modifier': [('of Tzteosh', 1, ' TAG Elemental, Fire, Resistance ', '\n+46(46-48)% to Fire Resistance (fractured)')]}
INFO:root:Item is not finished -> Alterate.
INFO:root:NEW STATE: 
INFO:root:{'Prefix Modifier': [], 'Suffix Modifier': [('of Tzteosh', 1, ' TAG Elemental, Fire, Resistance ', '\n+46(46-48)% to Fire Resistance (fractured)')]}
INFO:root:Item has no prefixtes -> Augment.
INFO:root:NEW STATE: 
INFO:root:{'Prefix Modifier': [('Sparking', 5, ' TAG Damage, Elemental, Lightning, Attack ', '\nAdds 3(1-3) to 34(33-34) Lightning Damage to Attacks')], 'Suffix Modifier': [('of Tzteosh', 1, ' TAG Elemental, Fire, Resistance ', '\n+46(46-48)% to Fire Resistance (fractured)')]}
INFO:root:Item is not finished -> Alterate.
INFO:root:NEW STATE: 
INFO:root:{'Prefix Modifier': [('Girded', 2, ' TAG Defences ', '\n30(29-32)% increased Armour')], 'Suffix Modifier': [('of Tzteosh', 1, ' TAG Elemental, Fire, Resistance ', '\n+46(46-48)% to Fire Resistance (fractured)')]}
INFO:root:Item is not finished -> Alterate.
INFO:root:NEW STATE: 
INFO:root:{'Prefix Modifier': [('Zaffre', 2, ' TAG Mana ', '\n+73(69-73) to maximum Mana')], 'Suffix Modifier': [('of Tzteosh', 1, ' TAG Elemental, Fire, Resistance ', '\n+46(46-48)% to Fire Resistance (fractured)')]}
INFO:root:Item is not finished -> Alterate.
INFO:root:NEW STATE: 
INFO:root:{'Prefix Modifier': [("Dragon's", 2, ' ', '\n22(19-24)% increased Rarity of Items found')], 'Suffix Modifier': [('of Tzteosh', 1, ' TAG Elemental, Fire, Resistance ', '\n+46(46-48)% to Fire Resistance (fractured)')]}
INFO:root:Item is not finished -> Alterate.
INFO:root:NEW STATE: 
INFO:root:{'Prefix Modifier': [('Gleaming', 5, ' TAG Damage, Physical, Attack ', '\nAdds 6(5-7) to 12(11-12) Physical Damage to Attacks')], 'Suffix Modifier': [('of Tzteosh', 1, ' TAG Elemental, Fire, Resistance ', '\n+46(46-48)% to Fire Resistance (fractured)')]}
INFO:root:Item is not finished -> Alterate.
INFO:root:NEW STATE: 
INFO:root:{'Prefix Modifier': [('Thickened', 3, ' TAG Defences ', '\n27(24-28)% increased Armour')], 'Suffix Modifier': [('of Tzteosh', 1, ' TAG Elemental, Fire, Resistance ', '\n+46(46-48)% to Fire Resistance (fractured)')]}
INFO:root:Item is not finished -> Alterate.
INFO:root:NEW STATE: 
INFO:root:{'Prefix Modifier': [], 'Suffix Modifier': [('of Tzteosh', 1, ' TAG Elemental, Fire, Resistance ', '\n+46(46-48)% to Fire Resistance (fractured)')]}
INFO:root:Item has no prefixtes -> Augment.
INFO:root:NEW STATE: 
INFO:root:{'Prefix Modifier': [('Azure', 11, ' TAG Mana ', '\n+26(25-29) to maximum Mana')], 'Suffix Modifier': [('of Tzteosh', 1, ' TAG Elemental, Fire, Resistance ', '\n+46(46-48)% to Fire Resistance (fractured)')]}
INFO:root:Item is not finished -> Alterate.
INFO:root:NEW STATE: 
INFO:root:{'Prefix Modifier': [], 'Suffix Modifier': [('of Tzteosh', 1, ' TAG Elemental, Fire, Resistance ', '\n+46(46-48)% to Fire Resistance (fractured)')]}
INFO:root:Item has no prefixtes -> Augment.
INFO:root:NEW STATE: 
INFO:root:{'Prefix Modifier': [('Thirsty', 2, ' TAG Mana, Physical, Attack ', '\n0.25(0.2-0.4)% of Physical Attack Damage Leeched as Mana\n(Leeched Mana is recovered over time. Multiple Leeches can occur simultaneously, up to a maximum rate)')], 'Suffix Modifier': [('of Tzteosh', 1, ' TAG Elemental, Fire, Resistance ', '\n+46(46-48)% to Fire Resistance (fractured)')]}
INFO:root:Item is not finished -> Alterate.
INFO:root:NEW STATE: 
INFO:root:{'Prefix Modifier': [('Freezing', 5, ' TAG Damage, Elemental, Cold, Attack ', '\nAdds 9(8-11) to 18(16-19) Cold Damage to Attacks')], 'Suffix Modifier': [('of Tzteosh', 1, ' TAG Elemental, Fire, Resistance ', '\n+46(46-48)% to Fire Resistance (fractured)')]}
INFO:root:Item is not finished -> Alterate.
INFO:root:NEW STATE: 
INFO:root:{'Prefix Modifier': [('Fleet', 4, ' TAG Defences ', '\n19(19-23)% increased Evasion Rating')], 'Suffix Modifier': [('of Tzteosh', 1, ' TAG Elemental, Fire, Resistance ', '\n+46(46-48)% to Fire Resistance (fractured)')]}
INFO:root:Item is not finished -> Alterate.
INFO:root:NEW STATE: 
INFO:root:{'Prefix Modifier': [('Blazing', 5, ' TAG Defences ', '\n+29(27-31) to maximum Energy Shield')], 'Suffix Modifier': [('of Tzteosh', 1, ' TAG Elemental, Fire, Resistance ', '\n+46(46-48)% to Fire Resistance (fractured)')]}
INFO:root:Item is not finished -> Alterate.
INFO:root:NEW STATE: 
INFO:root:{'Prefix Modifier': [], 'Suffix Modifier': [('of Tzteosh', 1, ' TAG Elemental, Fire, Resistance ', '\n+46(46-48)% to Fire Resistance (fractured)')]}
INFO:root:Item has no prefixtes -> Augment.
INFO:root:NEW STATE: 
INFO:root:{'Prefix Modifier': [('Polished', 7, ' TAG Damage, Physical, Attack ', '\nAdds 3(3-4) to 6(6-7) Physical Damage to Attacks')], 'Suffix Modifier': [('of Tzteosh', 1, ' TAG Elemental, Fire, Resistance ', '\n+46(46-48)% to Fire Resistance (fractured)')]}
INFO:root:Item is not finished -> Alterate.
INFO:root:NEW STATE: 
INFO:root:{'Prefix Modifier': [("Perandus'", 1, ' ', '\n25(25-28)% increased Rarity of Items found')], 'Suffix Modifier': [('of Tzteosh', 1, ' TAG Elemental, Fire, Resistance ', '\n+46(46-48)% to Fire Resistance (fractured)')]}
INFO:root:Item is not finished -> Alterate.
INFO:root:NEW STATE: 
INFO:root:{'Prefix Modifier': [], 'Suffix Modifier': [('of Tzteosh', 1, ' TAG Elemental, Fire, Resistance ', '\n+46(46-48)% to Fire Resistance (fractured)')]}
INFO:root:Item has no prefixtes -> Augment.
INFO:root:NEW STATE: 
INFO:root:{'Prefix Modifier': [('Incandescent', 3, ' TAG Defences ', '\n+43(38-43) to maximum Energy Shield')], 'Suffix Modifier': [('of Tzteosh', 1, ' TAG Elemental, Fire, Resistance ', '\n+46(46-48)% to Fire Resistance (fractured)')]}
INFO:root:Item is not finished -> Alterate.
INFO:root:NEW STATE: 
INFO:root:{'Prefix Modifier': [('Honed', 6, ' TAG Damage, Physical, Attack ', '\nAdds 5(4-6) to 10(9-10) Physical Damage to Attacks')], 'Suffix Modifier': [('of Tzteosh', 1, ' TAG Elemental, Fire, Resistance ', '\n+46(46-48)% to Fire Resistance (fractured)')]}
INFO:root:Item is not finished -> Alterate.
INFO:root:NEW STATE: 
INFO:root:{'Prefix Modifier': [], 'Suffix Modifier': [('of Tzteosh', 1, ' TAG Elemental, Fire, Resistance ', '\n+46(46-48)% to Fire Resistance (fractured)')]}
INFO:root:Item has no prefixtes -> Augment.
INFO:root:NEW STATE: 
INFO:root:{'Prefix Modifier': [('Thirsty', 2, ' TAG Mana, Physical, Attack ', '\n0.28(0.2-0.4)% of Physical Attack Damage Leeched as Mana\n(Leeched Mana is recovered over time. Multiple Leeches can occur simultaneously, up to a maximum rate)')], 'Suffix Modifier': [('of Tzteosh', 1, ' TAG Elemental, Fire, Resistance ', '\n+46(46-48)% to Fire Resistance (fractured)')]}
INFO:root:Item is not finished -> Alterate.
INFO:root:NEW STATE: 
INFO:root:{'Prefix Modifier': [], 'Suffix Modifier': [('of Tzteosh', 1, ' TAG Elemental, Fire, Resistance ', '\n+46(46-48)% to Fire Resistance (fractured)')]}
INFO:root:Item has no prefixtes -> Augment.
INFO:root:NEW STATE: 
INFO:root:{'Prefix Modifier': [('Shining', 12, ' TAG Defences ', '\n+1(1-3) to maximum Energy Shield')], 'Suffix Modifier': [('of Tzteosh', 1, ' TAG Elemental, Fire, Resistance ', '\n+46(46-48)% to Fire Resistance (fractured)')]}
INFO:root:Item is not finished -> Alterate.
INFO:root:NEW STATE: 
INFO:root:{'Prefix Modifier': [], 'Suffix Modifier': [('of Tzteosh', 1, ' TAG Elemental, Fire, Resistance ', '\n+46(46-48)% to Fire Resistance (fractured)')]}
INFO:root:Item has no prefixtes -> Augment.
INFO:root:NEW STATE: 
INFO:root:{'Prefix Modifier': [('Freezing', 5, ' TAG Damage, Elemental, Cold, Attack ', '\nAdds 9(8-11) to 17(16-19) Cold Damage to Attacks')], 'Suffix Modifier': [('of Tzteosh', 1, ' TAG Elemental, Fire, Resistance ', '\n+46(46-48)% to Fire Resistance (fractured)')]}
INFO:root:Item is not finished -> Alterate.
INFO:root:NEW STATE: 
INFO:root:{'Prefix Modifier': [('Sanguine', 7, ' TAG Life ', '\n+26(20-29) to maximum Life')], 'Suffix Modifier': [('of Tzteosh', 1, ' TAG Elemental, Fire, Resistance ', '\n+46(46-48)% to Fire Resistance (fractured)')]}
INFO:root:Item is not finished -> Alterate.
INFO:root:NEW STATE: 
INFO:root:{'Prefix Modifier': [('Buttressed', 4, ' TAG Defences ', '\n19(19-23)% increased Armour')], 'Suffix Modifier': [('of Tzteosh', 1, ' TAG Elemental, Fire, Resistance ', '\n+46(46-48)% to Fire Resistance (fractured)')]}
INFO:root:Item is not finished -> Alterate.
INFO:root:NEW STATE: 
INFO:root:{'Prefix Modifier': [('Parched', 1, ' TAG Mana, Physical, Attack ', '\n0.69(0.6-0.8)% of Physical Attack Damage Leeched as Mana\n(Leeched Mana is recovered over time. Multiple Leeches can occur simultaneously, up to a maximum rate)')], 'Suffix Modifier': [('of Tzteosh', 1, ' TAG Elemental, Fire, Resistance ', '\n+46(46-48)% to Fire Resistance (fractured)')]}
INFO:root:Item is not finished -> Alterate.
INFO:root:NEW STATE: 
INFO:root:{'Prefix Modifier': [], 'Suffix Modifier': [('of Tzteosh', 1, ' TAG Elemental, Fire, Resistance ', '\n+46(46-48)% to Fire Resistance (fractured)')]}
INFO:root:Item has no prefixtes -> Augment.
INFO:root:NEW STATE: 
INFO:root:{'Prefix Modifier': [("Mage's", 4, ' TAG Damage, Caster ', '\n12(8-12)% increased Spell Damage')], 'Suffix Modifier': [('of Tzteosh', 1, ' TAG Elemental, Fire, Resistance ', '\n+46(46-48)% to Fire Resistance (fractured)')]}
INFO:root:Item is not finished -> Alterate.
INFO:root:NEW STATE: 
INFO:root:{'Prefix Modifier': [("Mage's", 4, ' TAG Damage, Caster ', '\n9(8-12)% increased Spell Damage')], 'Suffix Modifier': [('of Tzteosh', 1, ' TAG Elemental, Fire, Resistance ', '\n+46(46-48)% to Fire Resistance (fractured)')]}
INFO:root:Item is not finished -> Alterate.
INFO:root:NEW STATE: 
INFO:root:{'Prefix Modifier': [], 'Suffix Modifier': [('of Tzteosh', 1, ' TAG Elemental, Fire, Resistance ', '\n+46(46-48)% to Fire Resistance (fractured)')]}
INFO:root:Item has no prefixtes -> Augment.
INFO:root:NEW STATE: 
INFO:root:{'Prefix Modifier': [('Shining', 12, ' TAG Defences ', '\n+1(1-3) to maximum Energy Shield')], 'Suffix Modifier': [('of Tzteosh', 1, ' TAG Elemental, Fire, Resistance ', '\n+46(46-48)% to Fire Resistance (fractured)')]}
INFO:root:Item is not finished -> Alterate.
INFO:root:NEW STATE: 
INFO:root:{'Prefix Modifier': [('Buzzing', 8, ' TAG Damage, Elemental, Lightning, Attack ', '\nAdds 1 to 15(14-15) Lightning Damage to Attacks')], 'Suffix Modifier': [('of Tzteosh', 1, ' TAG Elemental, Fire, Resistance ', '\n+46(46-48)% to Fire Resistance (fractured)')]}
INFO:root:Item is not finished -> Alterate.
INFO:root:NEW STATE: 
INFO:root:{'Prefix Modifier': [], 'Suffix Modifier': [('of Tzteosh', 1, ' TAG Elemental, Fire, Resistance ', '\n+46(46-48)% to Fire Resistance (fractured)')]}
INFO:root:Item has no prefixtes -> Augment.
INFO:root:NEW STATE: 
INFO:root:{'Prefix Modifier': [("Stormbrewer's", 1, ' TAG Elemental, Lightning, Gem ', '\n+1 to Level of all Lightning Skill Gems')], 'Suffix Modifier': [('of Tzteosh', 1, ' TAG Elemental, Fire, Resistance ', '\n+46(46-48)% to Fire Resistance (fractured)')]}
INFO:root:Item is not finished -> Alterate.
INFO:root:NEW STATE: 
INFO:root:{'Prefix Modifier': [('Thirsty', 2, ' TAG Mana, Physical, Attack ', '\n0.4(0.2-0.4)% of Physical Attack Damage Leeched as Mana\n(Leeched Mana is recovered over time. Multiple Leeches can occur simultaneously, up to a maximum rate)')], 'Suffix Modifier': [('of Tzteosh', 1, ' TAG Elemental, Fire, Resistance ', '\n+46(46-48)% to Fire Resistance (fractured)')]}
INFO:root:Item is not finished -> Alterate.
INFO:root:NEW STATE: 
INFO:root:{'Prefix Modifier': [('Incinerating', 3, ' TAG Damage, Elemental, Fire, Attack ', '\nAdds 16(13-18) to 30(27-31) Fire Damage to Attacks')], 'Suffix Modifier': [('of Tzteosh', 1, ' TAG Elemental, Fire, Resistance ', '\n+46(46-48)% to Fire Resistance (fractured)')]}
INFO:root:Item is not finished -> Alterate.
INFO:root:NEW STATE: 
INFO:root:{'Prefix Modifier': [], 'Suffix Modifier': [('of Tzteosh', 1, ' TAG Elemental, Fire, Resistance ', '\n+46(46-48)% to Fire Resistance (fractured)')]}
INFO:root:Item has no prefixtes -> Augment.
INFO:root:NEW STATE: 
INFO:root:{'Prefix Modifier': [('Blurred', 3, ' TAG Defences ', '\n25(24-28)% increased Evasion Rating')], 'Suffix Modifier': [('of Tzteosh', 1, ' TAG Elemental, Fire, Resistance ', '\n+46(46-48)% to Fire Resistance (fractured)')]}
INFO:root:Item is not finished -> Alterate.
INFO:root:NEW STATE: 
INFO:root:{'Prefix Modifier': [('Polar', 2, ' TAG Damage, Elemental, Cold, Attack ', '\nAdds 15(14-19) to 33(29-34) Cold Damage to Attacks')], 'Suffix Modifier': [('of Tzteosh', 1, ' TAG Elemental, Fire, Resistance ', '\n+46(46-48)% to Fire Resistance (fractured)')]}
INFO:root:Item is not finished -> Alterate.
INFO:root:NEW STATE: 
INFO:root:{'Prefix Modifier': [], 'Suffix Modifier': [('of Tzteosh', 1, ' TAG Elemental, Fire, Resistance ', '\n+46(46-48)% to Fire Resistance (fractured)')]}
INFO:root:Item has no prefixtes -> Augment.
INFO:root:NEW STATE: 
INFO:root:{'Prefix Modifier': [('Annealed', 4, ' TAG Damage, Physical, Attack ', '\nAdds 7(6-9) to 14(13-15) Physical Damage to Attacks')], 'Suffix Modifier': [('of Tzteosh', 1, ' TAG Elemental, Fire, Resistance ', '\n+46(46-48)% to Fire Resistance (fractured)')]}
INFO:root:Item is not finished -> Alterate.
INFO:root:NEW STATE: 
INFO:root:{'Prefix Modifier': [("Dancer's", 6, ' TAG Defences ', '\n9(9-13)% increased Evasion Rating')], 'Suffix Modifier': [('of Tzteosh', 1, ' TAG Elemental, Fire, Resistance ', '\n+46(46-48)% to Fire Resistance (fractured)')]}
INFO:root:Item is not finished -> Alterate.
INFO:root:NEW STATE: 
INFO:root:{'Prefix Modifier': [], 'Suffix Modifier': [('of Tzteosh', 1, ' TAG Elemental, Fire, Resistance ', '\n+46(46-48)% to Fire Resistance (fractured)')]}
INFO:root:Item has no prefixtes -> Augment.
INFO:root:NEW STATE: 
INFO:root:{'Prefix Modifier': [('Indomitable', 2, ' TAG Defences ', '\n17(17-19)% increased maximum Energy Shield')], 'Suffix Modifier': [('of Tzteosh', 1, ' TAG Elemental, Fire, Resistance ', '\n+46(46-48)% to Fire Resistance (fractured)')]}
INFO:root:Item is not finished -> Alterate.
INFO:root:NEW STATE: 
INFO:root:{'Prefix Modifier': [], 'Suffix Modifier': [('of Tzteosh', 1, ' TAG Elemental, Fire, Resistance ', '\n+46(46-48)% to Fire Resistance (fractured)')]}
INFO:root:Item has no prefixtes -> Augment.
INFO:root:NEW STATE: 
INFO:root:{'Prefix Modifier': [('Phased', 2, ' TAG Defences ', '\n32(29-32)% increased Evasion Rating')], 'Suffix Modifier': [('of Tzteosh', 1, ' TAG Elemental, Fire, Resistance ', '\n+46(46-48)% to Fire Resistance (fractured)')]}
INFO:root:Item is not finished -> Alterate.
INFO:root:NEW STATE: 
INFO:root:{'Prefix Modifier': [('Resplendent', 2, ' TAG Defences ', '\n+44(44-47) to maximum Energy Shield')], 'Suffix Modifier': [('of Tzteosh', 1, ' TAG Elemental, Fire, Resistance ', '\n+46(46-48)% to Fire Resistance (fractured)')]}
INFO:root:Item is not finished -> Alterate.
INFO:root:NEW STATE: 
INFO:root:{'Prefix Modifier': [], 'Suffix Modifier': [('of Tzteosh', 1, ' TAG Elemental, Fire, Resistance ', '\n+46(46-48)% to Fire Resistance (fractured)')]}
INFO:root:Item has no prefixtes -> Augment.
INFO:root:NEW STATE: 
INFO:root:{'Prefix Modifier': [('Razor-sharp', 3, ' TAG Damage, Physical, Attack ', '\nAdds 8(7-10) to 15(15-18) Physical Damage to Attacks')], 'Suffix Modifier': [('of Tzteosh', 1, ' TAG Elemental, Fire, Resistance ', '\n+46(46-48)% to Fire Resistance (fractured)')]}
INFO:root:Item is not finished -> Alterate.
INFO:root:NEW STATE: 
INFO:root:{'Prefix Modifier': [('Layered', 6, ' TAG Defences ', '\n9(9-13)% increased Armour')], 'Suffix Modifier': [('of Tzteosh', 1, ' TAG Elemental, Fire, Resistance ', '\n+46(46-48)% to Fire Resistance (fractured)')]}
INFO:root:Item is not finished -> Alterate.
INFO:root:NEW STATE: 
INFO:root:{'Prefix Modifier': [], 'Suffix Modifier': [('of Tzteosh', 1, ' TAG Elemental, Fire, Resistance ', '\n+46(46-48)% to Fire Resistance (fractured)')]}
INFO:root:Item has no prefixtes -> Augment.
INFO:root:NEW STATE: 
INFO:root:{'Prefix Modifier': [('Unassailable', 1, ' TAG Defences ', '\n21(20-22)% increased maximum Energy Shield')], 'Suffix Modifier': [('of Tzteosh', 1, ' TAG Elemental, Fire, Resistance ', '\n+46(46-48)% to Fire Resistance (fractured)')]}
INFO:root:Item is not finished -> Alterate.
INFO:root:NEW STATE: 
INFO:root:{'Prefix Modifier': [], 'Suffix Modifier': [('of Tzteosh', 1, ' TAG Elemental, Fire, Resistance ', '\n+46(46-48)% to Fire Resistance (fractured)')]}
INFO:root:Item has no prefixtes -> Augment.
INFO:root:NEW STATE: 
INFO:root:{'Prefix Modifier': [("Rimedweller's", 1, ' TAG Elemental, Cold, Gem ', '\n+1 to Level of all Cold Skill Gems')], 'Suffix Modifier': [('of Tzteosh', 1, ' TAG Elemental, Fire, Resistance ', '\n+46(46-48)% to Fire Resistance (fractured)')]}
INFO:root:Item is not finished -> Alterate.
INFO:root:NEW STATE: 
INFO:root:{'Prefix Modifier': [('Healthy', 8, ' TAG Life ', '\n+14(10-19) to maximum Life')], 'Suffix Modifier': [('of Tzteosh', 1, ' TAG Elemental, Fire, Resistance ', '\n+46(46-48)% to Fire Resistance (fractured)')]}
INFO:root:Item is not finished -> Alterate.
INFO:root:NEW STATE: 
INFO:root:{'Prefix Modifier': [], 'Suffix Modifier': [('of Tzteosh', 1, ' TAG Elemental, Fire, Resistance ', '\n+46(46-48)% to Fire Resistance (fractured)')]}
INFO:root:Item has no prefixtes -> Augment.
INFO:root:NEW STATE: 
INFO:root:{'Prefix Modifier': [('Dauntless', 3, ' TAG Defences ', '\n16(14-16)% increased maximum Energy Shield')], 'Suffix Modifier': [('of Tzteosh', 1, ' TAG Elemental, Fire, Resistance ', '\n+46(46-48)% to Fire Resistance (fractured)')]}
INFO:root:Item is not finished -> Alterate.
INFO:root:NEW STATE: 
INFO:root:{'Prefix Modifier': [('Polished', 7, ' TAG Damage, Physical, Attack ', '\nAdds 4(3-4) to 7(6-7) Physical Damage to Attacks')], 'Suffix Modifier': [('of Tzteosh', 1, ' TAG Elemental, Fire, Resistance ', '\n+46(46-48)% to Fire Resistance (fractured)')]}
INFO:root:Item is not finished -> Alterate.
INFO:root:NEW STATE: 
INFO:root:{'Prefix Modifier': [("Chanter's", 5, ' TAG Damage, Caster ', '\n3(3-7)% increased Spell Damage')], 'Suffix Modifier': [('of Tzteosh', 1, ' TAG Elemental, Fire, Resistance ', '\n+46(46-48)% to Fire Resistance (fractured)')]}
INFO:root:Item is not finished -> Alterate.
INFO:root:NEW STATE: 
INFO:root:{'Prefix Modifier': [], 'Suffix Modifier': [('of Tzteosh', 1, ' TAG Elemental, Fire, Resistance ', '\n+46(46-48)% to Fire Resistance (fractured)')]}
INFO:root:Item has no prefixtes -> Augment.
INFO:root:NEW STATE: 
INFO:root:{'Prefix Modifier': [('Glowing', 9, ' TAG Defences ', '\n+13(13-15) to maximum Energy Shield')], 'Suffix Modifier': [('of Tzteosh', 1, ' TAG Elemental, Fire, Resistance ', '\n+46(46-48)% to Fire Resistance (fractured)')]}
INFO:root:Item is not finished -> Alterate.
INFO:root:NEW STATE: 
INFO:root:{'Prefix Modifier': [], 'Suffix Modifier': [('of Tzteosh', 1, ' TAG Elemental, Fire, Resistance ', '\n+46(46-48)% to Fire Resistance (fractured)')]}
INFO:root:Item has no prefixtes -> Augment.
INFO:root:NEW STATE: 
INFO:root:{'Prefix Modifier': [('Flaming', 5, ' TAG Damage, Elemental, Fire, Attack ', '\nAdds 11(9-12) to 21(19-22) Fire Damage to Attacks')], 'Suffix Modifier': [('of Tzteosh', 1, ' TAG Elemental, Fire, Resistance ', '\n+46(46-48)% to Fire Resistance (fractured)')]}
INFO:root:Item is not finished -> Alterate.
INFO:root:NEW STATE: 
INFO:root:{'Prefix Modifier': [('Shining', 12, ' TAG Defences ', '\n+2(1-3) to maximum Energy Shield')], 'Suffix Modifier': [('of Tzteosh', 1, ' TAG Elemental, Fire, Resistance ', '\n+46(46-48)% to Fire Resistance (fractured)')]}
INFO:root:Item is not finished -> Alterate.
INFO:root:NEW STATE: 
INFO:root:{'Prefix Modifier': [('Scintillating', 4, ' TAG Defences ', '\n+36(32-37) to maximum Energy Shield')], 'Suffix Modifier': [('of Tzteosh', 1, ' TAG Elemental, Fire, Resistance ', '\n+46(46-48)% to Fire Resistance (fractured)')]}
INFO:root:Item is not finished -> Alterate.
INFO:root:NEW STATE: 
INFO:root:{'Prefix Modifier': [("Vampire's", 1, ' TAG Life, Physical, Attack ', '\n1.05(1-1.2)% of Physical Attack Damage Leeched as Life\n(Leeched Life is recovered over time. Multiple Leeches can occur simultaneously, up to a maximum rate)')], 'Suffix Modifier': [('of Tzteosh', 1, ' TAG Elemental, Fire, Resistance ', '\n+46(46-48)% to Fire Resistance (fractured)')]}
INFO:root:Item is not finished -> Alterate.
INFO:root:NEW STATE: 
INFO:root:{'Prefix Modifier': [('Resplendent', 2, ' TAG Defences ', '\n+47(44-47) to maximum Energy Shield')], 'Suffix Modifier': [('of Tzteosh', 1, ' TAG Elemental, Fire, Resistance ', '\n+46(46-48)% to Fire Resistance (fractured)')]}
INFO:root:Item is not finished -> Alterate.
INFO:root:NEW STATE: 
INFO:root:{'Prefix Modifier': [('Robust', 4, ' TAG Life ', '\n+59(50-59) to maximum Life')], 'Suffix Modifier': [('of Tzteosh', 1, ' TAG Elemental, Fire, Resistance ', '\n+46(46-48)% to Fire Resistance (fractured)')]}
INFO:root:Item is not finished -> Alterate.
INFO:root:NEW STATE: 
INFO:root:{'Prefix Modifier': [('Virile', 2, ' TAG Life ', '\n+78(70-79) to maximum Life')], 'Suffix Modifier': [('of Tzteosh', 1, ' TAG Elemental, Fire, Resistance ', '\n+46(46-48)% to Fire Resistance (fractured)')]}
INFO:root:Item is not finished -> Alterate.
INFO:root:NEW STATE: 
INFO:root:{'Prefix Modifier': [('Vaporous', 1, ' TAG Defences ', '\n34(33-36)% increased Evasion Rating')], 'Suffix Modifier': [('of Tzteosh', 1, ' TAG Elemental, Fire, Resistance ', '\n+46(46-48)% to Fire Resistance (fractured)')]}
INFO:root:Item is not finished -> Alterate.
INFO:root:NEW STATE: 
INFO:root:{'Prefix Modifier': [("Thaumaturgist's", 2, ' TAG Damage, Caster ', '\n18(18-22)% increased Spell Damage')], 'Suffix Modifier': [('of Tzteosh', 1, ' TAG Elemental, Fire, Resistance ', '\n+46(46-48)% to Fire Resistance (fractured)')]}
INFO:root:Item is not finished -> Alterate.
INFO:root:NEW STATE: 
INFO:root:{'Prefix Modifier': [("Sorcerer's", 3, ' TAG Damage, Caster ', '\n13(13-17)% increased Spell Damage')], 'Suffix Modifier': [('of Tzteosh', 1, ' TAG Elemental, Fire, Resistance ', '\n+46(46-48)% to Fire Resistance (fractured)')]}
INFO:root:Item is not finished -> Alterate.
INFO:root:NEW STATE: 
INFO:root:{'Prefix Modifier': [('Polar', 2, ' TAG Damage, Elemental, Cold, Attack ', '\nAdds 19(14-19) to 29(29-34) Cold Damage to Attacks')], 'Suffix Modifier': [('of Tzteosh', 1, ' TAG Elemental, Fire, Resistance ', '\n+46(46-48)% to Fire Resistance (fractured)')]}
INFO:root:Item is not finished -> Alterate.
INFO:root:NEW STATE: 
INFO:root:{'Prefix Modifier': [], 'Suffix Modifier': [('of Tzteosh', 1, ' TAG Elemental, Fire, Resistance ', '\n+46(46-48)% to Fire Resistance (fractured)')]}
INFO:root:Item has no prefixtes -> Augment.
INFO:root:NEW STATE: 
INFO:root:{'Prefix Modifier': [('Chilled', 8, ' TAG Damage, Elemental, Cold, Attack ', '\nAdds 3(3-4) to 7(7-8) Cold Damage to Attacks')], 'Suffix Modifier': [('of Tzteosh', 1, ' TAG Elemental, Fire, Resistance ', '\n+46(46-48)% to Fire Resistance (fractured)')]}
INFO:root:Item is not finished -> Alterate.
INFO:root:NEW STATE: 
INFO:root:{'Prefix Modifier': [('Honed', 6, ' TAG Damage, Physical, Attack ', '\nAdds 5(4-6) to 10(9-10) Physical Damage to Attacks')], 'Suffix Modifier': [('of Tzteosh', 1, ' TAG Elemental, Fire, Resistance ', '\n+46(46-48)% to Fire Resistance (fractured)')]}
INFO:root:Item is not finished -> Alterate.
INFO:root:NEW STATE: 
INFO:root:{'Prefix Modifier': [("Mage's", 4, ' TAG Damage, Caster ', '\n8(8-12)% increased Spell Damage')], 'Suffix Modifier': [('of Tzteosh', 1, ' TAG Elemental, Fire, Resistance ', '\n+46(46-48)% to Fire Resistance (fractured)')]}
INFO:root:Item is not finished -> Alterate.
INFO:root:NEW STATE: 
INFO:root:{'Prefix Modifier': [('Blue', 3, ' TAG Mana ', '\n+68(65-68) to maximum Mana')], 'Suffix Modifier': [('of Tzteosh', 1, ' TAG Elemental, Fire, Resistance ', '\n+46(46-48)% to Fire Resistance (fractured)')]}
INFO:root:Item is not finished -> Alterate.
INFO:root:NEW STATE: 
INFO:root:{'Prefix Modifier': [], 'Suffix Modifier': [('of Tzteosh', 1, ' TAG Elemental, Fire, Resistance ', '\n+46(46-48)% to Fire Resistance (fractured)')]}
INFO:root:Item has no prefixtes -> Augment.
INFO:root:NEW STATE: 
INFO:root:{'Prefix Modifier': [('Thirsty', 2, ' TAG Mana, Physical, Attack ', '\n0.21(0.2-0.4)% of Physical Attack Damage Leeched as Mana\n(Leeched Mana is recovered over time. Multiple Leeches can occur simultaneously, up to a maximum rate)')], 'Suffix Modifier': [('of Tzteosh', 1, ' TAG Elemental, Fire, Resistance ', '\n+46(46-48)% to Fire Resistance (fractured)')]}
INFO:root:Item is not finished -> Alterate.
INFO:root:NEW STATE: 
INFO:root:{'Prefix Modifier': [('Agile', 7, ' TAG Defences ', '\n7(4-8)% increased Evasion Rating')], 'Suffix Modifier': [('of Tzteosh', 1, ' TAG Elemental, Fire, Resistance ', '\n+46(46-48)% to Fire Resistance (fractured)')]}
INFO:root:Item is not finished -> Alterate.
INFO:root:NEW STATE: 
INFO:root:{'Prefix Modifier': [('Ultramarine', 1, ' TAG Mana ', '\n+78(74-78) to maximum Mana')], 'Suffix Modifier': [('of Tzteosh', 1, ' TAG Elemental, Fire, Resistance ', '\n+46(46-48)% to Fire Resistance (fractured)')]}
INFO:root:Item is not finished -> Alterate.
INFO:root:NEW STATE: 
INFO:root:{'Prefix Modifier': [('Stalwart', 6, ' TAG Life ', '\n+36(30-39) to maximum Life')], 'Suffix Modifier': [('of Tzteosh', 1, ' TAG Elemental, Fire, Resistance ', '\n+46(46-48)% to Fire Resistance (fractured)')]}
INFO:root:Item is not finished -> Alterate.
INFO:root:NEW STATE: 
INFO:root:{'Prefix Modifier': [], 'Suffix Modifier': [('of Tzteosh', 1, ' TAG Elemental, Fire, Resistance ', '\n+46(46-48)% to Fire Resistance (fractured)')]}
INFO:root:Item has no prefixtes -> Augment.
INFO:root:NEW STATE: 
INFO:root:{'Prefix Modifier': [('Dazzling', 1, ' TAG Defences ', '\n+50(48-51) to maximum Energy Shield')], 'Suffix Modifier': [('of Tzteosh', 1, ' TAG Elemental, Fire, Resistance ', '\n+46(46-48)% to Fire Resistance (fractured)')]}
INFO:root:Item is not finished -> Alterate.
INFO:root:NEW STATE: 
INFO:root:{'Prefix Modifier': [('Pulsing', 7, ' TAG Defences ', '\n+22(20-22) to maximum Energy Shield')], 'Suffix Modifier': [('of Tzteosh', 1, ' TAG Elemental, Fire, Resistance ', '\n+46(46-48)% to Fire Resistance (fractured)')]}
INFO:root:Item is not finished -> Alterate.
INFO:root:NEW STATE: 
INFO:root:{'Prefix Modifier': [], 'Suffix Modifier': [('of Tzteosh', 1, ' TAG Elemental, Fire, Resistance ', '\n+46(46-48)% to Fire Resistance (fractured)')]}
INFO:root:Item has no prefixtes -> Augment.
INFO:root:NEW STATE: 
INFO:root:{'Prefix Modifier': [('Scorching', 4, ' TAG Damage, Elemental, Fire, Attack ', '\nAdds 15(11-15) to 26(23-27) Fire Damage to Attacks')], 'Suffix Modifier': [('of Tzteosh', 1, ' TAG Elemental, Fire, Resistance ', '\n+46(46-48)% to Fire Resistance (fractured)')]}
INFO:root:Item is not finished -> Alterate.
INFO:root:NEW STATE: 
INFO:root:{'Prefix Modifier': [('Indomitable', 2, ' TAG Defences ', '\n17(17-19)% increased maximum Energy Shield')], 'Suffix Modifier': [('of Tzteosh', 1, ' TAG Elemental, Fire, Resistance ', '\n+46(46-48)% to Fire Resistance (fractured)')]}
INFO:root:Item is not finished -> Alterate.
INFO:root:NEW STATE: 
INFO:root:{'Prefix Modifier': [], 'Suffix Modifier': [('of Tzteosh', 1, ' TAG Elemental, Fire, Resistance ', '\n+46(46-48)% to Fire Resistance (fractured)')]}
INFO:root:Item has no prefixtes -> Augment.
INFO:root:NEW STATE: 
INFO:root:{'Prefix Modifier': [('Rotund', 3, ' TAG Life ', '\n+66(60-69) to maximum Life')], 'Suffix Modifier': [('of Tzteosh', 1, ' TAG Elemental, Fire, Resistance ', '\n+46(46-48)% to Fire Resistance (fractured)')]}
INFO:root:Item is not finished -> Alterate.
INFO:root:NEW STATE: 
INFO:root:{'Prefix Modifier': [('Crackling', 6, ' TAG Damage, Elemental, Lightning, Attack ', '\nAdds 2(1-2) to 28(27-28) Lightning Damage to Attacks')], 'Suffix Modifier': [('of Tzteosh', 1, ' TAG Elemental, Fire, Resistance ', '\n+46(46-48)% to Fire Resistance (fractured)')]}
INFO:root:Item is not finished -> Alterate.
INFO:root:NEW STATE: 
INFO:root:{'Prefix Modifier': [('Pulsing', 7, ' TAG Defences ', '\n+20(20-22) to maximum Energy Shield')], 'Suffix Modifier': [('of Tzteosh', 1, ' TAG Elemental, Fire, Resistance ', '\n+46(46-48)% to Fire Resistance (fractured)')]}
INFO:root:Item is not finished -> Alterate.
INFO:root:NEW STATE: 
INFO:root:{'Prefix Modifier': [('Dauntless', 3, ' TAG Defences ', '\n14(14-16)% increased maximum Energy Shield')], 'Suffix Modifier': [('of Tzteosh', 1, ' TAG Elemental, Fire, Resistance ', '\n+46(46-48)% to Fire Resistance (fractured)')]}
INFO:root:Item is not finished -> Alterate.
INFO:root:NEW STATE: 
INFO:root:{'Prefix Modifier': [("Acrobat's", 5, ' TAG Defences ', '\n14(14-18)% increased Evasion Rating')], 'Suffix Modifier': [('of Tzteosh', 1, ' TAG Elemental, Fire, Resistance ', '\n+46(46-48)% to Fire Resistance (fractured)')]}
INFO:root:Item is not finished -> Alterate.
INFO:root:NEW STATE: 
INFO:root:{'Prefix Modifier': [], 'Suffix Modifier': [('of Tzteosh', 1, ' TAG Elemental, Fire, Resistance ', '\n+46(46-48)% to Fire Resistance (fractured)')]}
INFO:root:Item has no prefixtes -> Augment.
INFO:root:NEW STATE: 
INFO:root:{'Prefix Modifier': [('Flaring', 1, ' TAG Damage, Physical, Attack ', '\nAdds 13(11-15) to 26(22-26) Physical Damage to Attacks')], 'Suffix Modifier': [('of Tzteosh', 1, ' TAG Elemental, Fire, Resistance ', '\n+46(46-48)% to Fire Resistance (fractured)')]}
INFO:root:Item is not finished -> Alterate.
INFO:root:NEW STATE: 
INFO:root:{'Prefix Modifier': [], 'Suffix Modifier': [('of Tzteosh', 1, ' TAG Elemental, Fire, Resistance ', '\n+46(46-48)% to Fire Resistance (fractured)')]}
INFO:root:Item has no prefixtes -> Augment.
INFO:root:NEW STATE: 
INFO:root:{'Prefix Modifier': [('Shining', 12, ' TAG Defences ', '\n+2(1-3) to maximum Energy Shield')], 'Suffix Modifier': [('of Tzteosh', 1, ' TAG Elemental, Fire, Resistance ', '\n+46(46-48)% to Fire Resistance (fractured)')]}
INFO:root:Item is not finished -> Alterate.
INFO:root:NEW STATE: 
INFO:root:{'Prefix Modifier': [('Razor-sharp', 3, ' TAG Damage, Physical, Attack ', '\nAdds 9(7-10) to 15(15-18) Physical Damage to Attacks')], 'Suffix Modifier': [('of Tzteosh', 1, ' TAG Elemental, Fire, Resistance ', '\n+46(46-48)% to Fire Resistance (fractured)')]}
INFO:root:Item is not finished -> Alterate.
INFO:root:NEW STATE: 
INFO:root:{'Prefix Modifier': [], 'Suffix Modifier': [('of Tzteosh', 1, ' TAG Elemental, Fire, Resistance ', '\n+46(46-48)% to Fire Resistance (fractured)')]}
INFO:root:Item has no prefixtes -> Augment.
INFO:root:NEW STATE: 
INFO:root:{'Prefix Modifier': [('Lobstered', 5, ' TAG Defences ', '\n14(14-18)% increased Armour')], 'Suffix Modifier': [('of Tzteosh', 1, ' TAG Elemental, Fire, Resistance ', '\n+46(46-48)% to Fire Resistance (fractured)')]}
INFO:root:Item is not finished -> Alterate.
INFO:root:NEW STATE: 
INFO:root:{'Prefix Modifier': [('Fearless', 4, ' TAG Defences ', '\n13(11-13)% increased maximum Energy Shield')], 'Suffix Modifier': [('of Tzteosh', 1, ' TAG Elemental, Fire, Resistance ', '\n+46(46-48)% to Fire Resistance (fractured)')]}
INFO:root:Item is not finished -> Alterate.
INFO:root:NEW STATE: 
INFO:root:{'Prefix Modifier': [('Seething', 6, ' TAG Defences ', '\n+25(23-26) to maximum Energy Shield')], 'Suffix Modifier': [('of Tzteosh', 1, ' TAG Elemental, Fire, Resistance ', '\n+46(46-48)% to Fire Resistance (fractured)')]}
INFO:root:Item is not finished -> Alterate.
INFO:root:NEW STATE: 
INFO:root:{'Prefix Modifier': [('Layered', 6, ' TAG Defences ', '\n9(9-13)% increased Armour')], 'Suffix Modifier': [('of Tzteosh', 1, ' TAG Elemental, Fire, Resistance ', '\n+46(46-48)% to Fire Resistance (fractured)')]}
INFO:root:Item is not finished -> Alterate.
INFO:root:NEW STATE: 
INFO:root:{'Prefix Modifier': [], 'Suffix Modifier': [('of Tzteosh', 1, ' TAG Elemental, Fire, Resistance ', '\n+46(46-48)% to Fire Resistance (fractured)')]}
INFO:root:Item has no prefixtes -> Augment.
INFO:root:NEW STATE: 
INFO:root:{'Prefix Modifier': [('Rotund', 3, ' TAG Life ', '\n+68(60-69) to maximum Life')], 'Suffix Modifier': [('of Tzteosh', 1, ' TAG Elemental, Fire, Resistance ', '\n+46(46-48)% to Fire Resistance (fractured)')]}
INFO:root:Item is not finished -> Alterate.
INFO:root:NEW STATE: 
INFO:root:{'Prefix Modifier': [("Athlete's", 1, ' TAG Life ', '\n+86(80-89) to maximum Life')], 'Suffix Modifier': [('of Tzteosh', 1, ' TAG Elemental, Fire, Resistance ', '\n+46(46-48)% to Fire Resistance (fractured)')]}
INFO:root:Item is not finished -> Alterate.
INFO:root:NEW STATE: 
INFO:root:{'Prefix Modifier': [('Burnished', 8, ' TAG Damage, Physical, Attack ', '\nAdds 3(2-3) to 4(4-5) Physical Damage to Attacks')], 'Suffix Modifier': [('of Tzteosh', 1, ' TAG Elemental, Fire, Resistance ', '\n+46(46-48)% to Fire Resistance (fractured)')]}
INFO:root:Item is not finished -> Alterate.
INFO:root:NEW STATE: 
INFO:root:{'Prefix Modifier': [], 'Suffix Modifier': [('of Tzteosh', 1, ' TAG Elemental, Fire, Resistance ', '\n+46(46-48)% to Fire Resistance (fractured)')]}
INFO:root:Item has no prefixtes -> Augment.
INFO:root:NEW STATE: 
INFO:root:{'Prefix Modifier': [('Flaming', 5, ' TAG Damage, Elemental, Fire, Attack ', '\nAdds 9(9-12) to 20(19-22) Fire Damage to Attacks')], 'Suffix Modifier': [('of Tzteosh', 1, ' TAG Elemental, Fire, Resistance ', '\n+46(46-48)% to Fire Resistance (fractured)')]}
INFO:root:Item is not finished -> Alterate.
INFO:root:NEW STATE: 
INFO:root:{'Prefix Modifier': [("Magpie's", 4, ' ', '\n8(8-12)% increased Rarity of Items found')], 'Suffix Modifier': [('of Tzteosh', 1, ' TAG Elemental, Fire, Resistance ', '\n+46(46-48)% to Fire Resistance (fractured)')]}
INFO:root:Item is not finished -> Alterate.
INFO:root:NEW STATE: 
INFO:root:{'Prefix Modifier': [("Lamprey's", 2, ' TAG Life, Physical, Attack ', '\n0.64(0.6-0.8)% of Physical Attack Damage Leeched as Life\n(Leeched Life is recovered over time. Multiple Leeches can occur simultaneously, up to a maximum rate)')], 'Suffix Modifier': [('of Tzteosh', 1, ' TAG Elemental, Fire, Resistance ', '\n+46(46-48)% to Fire Resistance (fractured)')]}
INFO:root:Item is not finished -> Alterate.
INFO:root:NEW STATE: 
INFO:root:{'Prefix Modifier': [('Girded', 2, ' TAG Defences ', '\n31(29-32)% increased Armour')], 'Suffix Modifier': [('of Tzteosh', 1, ' TAG Elemental, Fire, Resistance ', '\n+46(46-48)% to Fire Resistance (fractured)')]}
INFO:root:Item is not finished -> Alterate.
INFO:root:NEW STATE: 
INFO:root:{'Prefix Modifier': [('Azure', 11, ' TAG Mana ', '\n+27(25-29) to maximum Mana')], 'Suffix Modifier': [('of Tzteosh', 1, ' TAG Elemental, Fire, Resistance ', '\n+46(46-48)% to Fire Resistance (fractured)')]}
INFO:root:Item is not finished -> Alterate.
INFO:root:NEW STATE: 
INFO:root:{'Prefix Modifier': [('Mazarine', 4, ' TAG Mana ', '\n+61(60-64) to maximum Mana')], 'Suffix Modifier': [('of Tzteosh', 1, ' TAG Elemental, Fire, Resistance ', '\n+46(46-48)% to Fire Resistance (fractured)')]}
INFO:root:Item is not finished -> Alterate.
INFO:root:NEW STATE: 
INFO:root:{'Prefix Modifier': [], 'Suffix Modifier': [('of Tzteosh', 1, ' TAG Elemental, Fire, Resistance ', '\n+46(46-48)% to Fire Resistance (fractured)')]}
INFO:root:Item has no prefixtes -> Augment.
INFO:root:NEW STATE: 
INFO:root:{'Prefix Modifier': [('Mazarine', 4, ' TAG Mana ', '\n+62(60-64) to maximum Mana')], 'Suffix Modifier': [('of Tzteosh', 1, ' TAG Elemental, Fire, Resistance ', '\n+46(46-48)% to Fire Resistance (fractured)')]}
INFO:root:Item is not finished -> Alterate.
INFO:root:NEW STATE: 
INFO:root:{'Prefix Modifier': [('Phased', 2, ' TAG Defences ', '\n32(29-32)% increased Evasion Rating')], 'Suffix Modifier': [('of Tzteosh', 1, ' TAG Elemental, Fire, Resistance ', '\n+46(46-48)% to Fire Resistance (fractured)')]}
INFO:root:Item is not finished -> Alterate.
INFO:root:NEW STATE: 
INFO:root:{'Prefix Modifier': [('Icy', 7, ' TAG Damage, Elemental, Cold, Attack ', '\nAdds 6(5-7) to 12(10-12) Cold Damage to Attacks')], 'Suffix Modifier': [('of Tzteosh', 1, ' TAG Elemental, Fire, Resistance ', '\n+46(46-48)% to Fire Resistance (fractured)')]}
INFO:root:Item is not finished -> Alterate.
INFO:root:NEW STATE: 
INFO:root:{'Prefix Modifier': [("Thaumaturgist's", 2, ' TAG Damage, Caster ', '\n19(18-22)% increased Spell Damage')], 'Suffix Modifier': [('of Tzteosh', 1, ' TAG Elemental, Fire, Resistance ', '\n+46(46-48)% to Fire Resistance (fractured)')]}
INFO:root:Item is not finished -> Alterate.
INFO:root:NEW STATE: 
INFO:root:{'Prefix Modifier': [], 'Suffix Modifier': [('of Tzteosh', 1, ' TAG Elemental, Fire, Resistance ', '\n+46(46-48)% to Fire Resistance (fractured)')]}
INFO:root:Item has no prefixtes -> Augment.
INFO:root:NEW STATE: 
INFO:root:{'Prefix Modifier': [('Girded', 2, ' TAG Defences ', '\n30(29-32)% increased Armour')], 'Suffix Modifier': [('of Tzteosh', 1, ' TAG Elemental, Fire, Resistance ', '\n+46(46-48)% to Fire Resistance (fractured)')]}
INFO:root:Item is not finished -> Alterate.
INFO:root:NEW STATE: 
INFO:root:{'Prefix Modifier': [], 'Suffix Modifier': [('of Tzteosh', 1, ' TAG Elemental, Fire, Resistance ', '\n+46(46-48)% to Fire Resistance (fractured)')]}
INFO:root:Item has no prefixtes -> Augment.
INFO:root:NEW STATE: 
INFO:root:{'Prefix Modifier': [('Blazing', 5, ' TAG Defences ', '\n+29(27-31) to maximum Energy Shield')], 'Suffix Modifier': [('of Tzteosh', 1, ' TAG Elemental, Fire, Resistance ', '\n+46(46-48)% to Fire Resistance (fractured)')]}
INFO:root:Item is not finished -> Alterate.
INFO:root:NEW STATE: 
INFO:root:{'Prefix Modifier': [('Vaporous', 1, ' TAG Defences ', '\n36(33-36)% increased Evasion Rating')], 'Suffix Modifier': [('of Tzteosh', 1, ' TAG Elemental, Fire, Resistance ', '\n+46(46-48)% to Fire Resistance (fractured)')]}
INFO:root:Item is not finished -> Alterate.
INFO:root:NEW STATE: 
INFO:root:{'Prefix Modifier': [('Buttressed', 4, ' TAG Defences ', '\n23(19-23)% increased Armour')], 'Suffix Modifier': [('of Tzteosh', 1, ' TAG Elemental, Fire, Resistance ', '\n+46(46-48)% to Fire Resistance (fractured)')]}
INFO:root:Item is not finished -> Alterate.
INFO:root:NEW STATE: 
INFO:root:{'Prefix Modifier': [("Dragon's", 2, ' ', '\n24(19-24)% increased Rarity of Items found')], 'Suffix Modifier': [('of Tzteosh', 1, ' TAG Elemental, Fire, Resistance ', '\n+46(46-48)% to Fire Resistance (fractured)')]}
INFO:root:Item is not finished -> Alterate.
INFO:root:NEW STATE: 
INFO:root:{'Prefix Modifier': [('Opalescent', 7, ' TAG Mana ', '\n+48(45-49) to maximum Mana')], 'Suffix Modifier': [('of Tzteosh', 1, ' TAG Elemental, Fire, Resistance ', '\n+46(46-48)% to Fire Resistance (fractured)')]}
INFO:root:Item is not finished -> Alterate.
INFO:root:NEW STATE: 
INFO:root:{'Prefix Modifier': [], 'Suffix Modifier': [('of Tzteosh', 1, ' TAG Elemental, Fire, Resistance ', '\n+46(46-48)% to Fire Resistance (fractured)')]}
INFO:root:Item has no prefixtes -> Augment.
INFO:root:NEW STATE: 
INFO:root:{'Prefix Modifier': [('Ultramarine', 1, ' TAG Mana ', '\n+75(74-78) to maximum Mana')], 'Suffix Modifier': [('of Tzteosh', 1, ' TAG Elemental, Fire, Resistance ', '\n+46(46-48)% to Fire Resistance (fractured)')]}
INFO:root:Item is not finished -> Alterate.
INFO:root:NEW STATE: 
INFO:root:{'Prefix Modifier': [('Sapphire', 10, ' TAG Mana ', '\n+31(30-34) to maximum Mana')], 'Suffix Modifier': [('of Tzteosh', 1, ' TAG Elemental, Fire, Resistance ', '\n+46(46-48)% to Fire Resistance (fractured)')]}
INFO:root:Item is not finished -> Alterate.
INFO:root:NEW STATE: 
INFO:root:{'Prefix Modifier': [('Indomitable', 2, ' TAG Defences ', '\n18(17-19)% increased maximum Energy Shield')], 'Suffix Modifier': [('of Tzteosh', 1, ' TAG Elemental, Fire, Resistance ', '\n+46(46-48)% to Fire Resistance (fractured)')]}
INFO:root:Item is not finished -> Alterate.
INFO:root:NEW STATE: 
INFO:root:{'Prefix Modifier': [], 'Suffix Modifier': [('of Tzteosh', 1, ' TAG Elemental, Fire, Resistance ', '\n+46(46-48)% to Fire Resistance (fractured)')]}
INFO:root:Item has no prefixtes -> Augment.
INFO:root:NEW STATE: 
INFO:root:{'Prefix Modifier': [('Radiating', 8, ' TAG Defences ', '\n+18(16-19) to maximum Energy Shield')], 'Suffix Modifier': [('of Tzteosh', 1, ' TAG Elemental, Fire, Resistance ', '\n+46(46-48)% to Fire Resistance (fractured)')]}
INFO:root:Item is not finished -> Alterate.
INFO:root:NEW STATE: 
INFO:root:{'Prefix Modifier': [('Dazzling', 1, ' TAG Defences ', '\n+50(48-51) to maximum Energy Shield')], 'Suffix Modifier': [('of Tzteosh', 1, ' TAG Elemental, Fire, Resistance ', '\n+46(46-48)% to Fire Resistance (fractured)')]}
INFO:root:Item is not finished -> Alterate.
INFO:root:NEW STATE: 
INFO:root:{'Prefix Modifier': [], 'Suffix Modifier': [('of Tzteosh', 1, ' TAG Elemental, Fire, Resistance ', '\n+46(46-48)% to Fire Resistance (fractured)')]}
INFO:root:Item has no prefixtes -> Augment.
INFO:root:NEW STATE: 
INFO:root:{'Prefix Modifier': [('Blazing', 5, ' TAG Defences ', '\n+27(27-31) to maximum Energy Shield')], 'Suffix Modifier': [('of Tzteosh', 1, ' TAG Elemental, Fire, Resistance ', '\n+46(46-48)% to Fire Resistance (fractured)')]}
INFO:root:Item is not finished -> Alterate.
INFO:root:NEW STATE: 
INFO:root:{'Prefix Modifier': [], 'Suffix Modifier': [('of Tzteosh', 1, ' TAG Elemental, Fire, Resistance ', '\n+46(46-48)% to Fire Resistance (fractured)')]}
INFO:root:Item has no prefixtes -> Augment.
INFO:root:NEW STATE: 
INFO:root:{'Prefix Modifier': [('Stout', 5, ' TAG Life ', '\n+45(40-49) to maximum Life')], 'Suffix Modifier': [('of Tzteosh', 1, ' TAG Elemental, Fire, Resistance ', '\n+46(46-48)% to Fire Resistance (fractured)')]}
INFO:root:Item is not finished -> Alterate.
INFO:root:NEW STATE: 
INFO:root:{'Prefix Modifier': [('Aqua', 8, ' TAG Mana ', '\n+44(40-44) to maximum Mana')], 'Suffix Modifier': [('of Tzteosh', 1, ' TAG Elemental, Fire, Resistance ', '\n+46(46-48)% to Fire Resistance (fractured)')]}
INFO:root:Item is not finished -> Alterate.
INFO:root:NEW STATE: 
INFO:root:{'Prefix Modifier': [], 'Suffix Modifier': [('of Tzteosh', 1, ' TAG Elemental, Fire, Resistance ', '\n+46(46-48)% to Fire Resistance (fractured)')]}
INFO:root:Item has no prefixtes -> Augment.
INFO:root:NEW STATE: 
INFO:root:{'Prefix Modifier': [("Lamprey's", 2, ' TAG Life, Physical, Attack ', '\n0.63(0.6-0.8)% of Physical Attack Damage Leeched as Life\n(Leeched Life is recovered over time. Multiple Leeches can occur simultaneously, up to a maximum rate)')], 'Suffix Modifier': [('of Tzteosh', 1, ' TAG Elemental, Fire, Resistance ', '\n+46(46-48)% to Fire Resistance (fractured)')]}
INFO:root:Item is not finished -> Alterate.
INFO:root:NEW STATE: 
INFO:root:{'Prefix Modifier': [], 'Suffix Modifier': [('of Tzteosh', 1, ' TAG Elemental, Fire, Resistance ', '\n+46(46-48)% to Fire Resistance (fractured)')]}
INFO:root:Item has no prefixtes -> Augment.
INFO:root:NEW STATE: 
INFO:root:{'Prefix Modifier': [('Blurred', 3, ' TAG Defences ', '\n25(24-28)% increased Evasion Rating')], 'Suffix Modifier': [('of Tzteosh', 1, ' TAG Elemental, Fire, Resistance ', '\n+46(46-48)% to Fire Resistance (fractured)')]}
INFO:root:Item is not finished -> Alterate.
INFO:root:NEW STATE: 
INFO:root:{'Prefix Modifier': [('Cobalt', 12, ' TAG Mana ', '\n+22(20-24) to maximum Mana')], 'Suffix Modifier': [('of Tzteosh', 1, ' TAG Elemental, Fire, Resistance ', '\n+46(46-48)% to Fire Resistance (fractured)')]}
INFO:root:Item is not finished -> Alterate.
INFO:root:NEW STATE: 
INFO:root:{'Prefix Modifier': [], 'Suffix Modifier': [('of Tzteosh', 1, ' TAG Elemental, Fire, Resistance ', '\n+46(46-48)% to Fire Resistance (fractured)')]}
INFO:root:Item has no prefixtes -> Augment.
INFO:root:NEW STATE: 
INFO:root:{'Prefix Modifier': [("Acrobat's", 5, ' TAG Defences ', '\n14(14-18)% increased Evasion Rating')], 'Suffix Modifier': [('of Tzteosh', 1, ' TAG Elemental, Fire, Resistance ', '\n+46(46-48)% to Fire Resistance (fractured)')]}
INFO:root:Item is not finished -> Alterate.
INFO:root:NEW STATE: 
INFO:root:{'Prefix Modifier': [('Mazarine', 4, ' TAG Mana ', '\n+62(60-64) to maximum Mana')], 'Suffix Modifier': [('of Tzteosh', 1, ' TAG Elemental, Fire, Resistance ', '\n+46(46-48)% to Fire Resistance (fractured)')]}
INFO:root:Item is not finished -> Alterate.
INFO:root:NEW STATE: 
INFO:root:{'Prefix Modifier': [('Entombing', 1, ' TAG Damage, Elemental, Cold, Attack ', '\nAdds 19(17-22) to 38(34-40) Cold Damage to Attacks')], 'Suffix Modifier': [('of Tzteosh', 1, ' TAG Elemental, Fire, Resistance ', '\n+46(46-48)% to Fire Resistance (fractured)')]}
INFO:root:Item is not finished -> Alterate.
INFO:root:NEW STATE: 
INFO:root:{'Prefix Modifier': [('Vaporous', 1, ' TAG Defences ', '\n34(33-36)% increased Evasion Rating')], 'Suffix Modifier': [('of Tzteosh', 1, ' TAG Elemental, Fire, Resistance ', '\n+46(46-48)% to Fire Resistance (fractured)')]}
INFO:root:Item is not finished -> Alterate.
INFO:root:NEW STATE: 
INFO:root:{'Prefix Modifier': [], 'Suffix Modifier': [('of Tzteosh', 1, ' TAG Elemental, Fire, Resistance ', '\n+46(46-48)% to Fire Resistance (fractured)')]}
INFO:root:Item has no prefixtes -> Augment.
INFO:root:NEW STATE: 
INFO:root:{'Prefix Modifier': [('Reinforced', 7, ' TAG Defences ', '\n4(4-8)% increased Armour')], 'Suffix Modifier': [('of Tzteosh', 1, ' TAG Elemental, Fire, Resistance ', '\n+46(46-48)% to Fire Resistance (fractured)')]}
INFO:root:Item is not finished -> Alterate.
INFO:root:NEW STATE: 
INFO:root:{'Prefix Modifier': [('Radiating', 8, ' TAG Defences ', '\n+18(16-19) to maximum Energy Shield')], 'Suffix Modifier': [('of Tzteosh', 1, ' TAG Elemental, Fire, Resistance ', '\n+46(46-48)% to Fire Resistance (fractured)')]}
INFO:root:Item is not finished -> Alterate.
INFO:root:NEW STATE: 
INFO:root:{'Prefix Modifier': [], 'Suffix Modifier': [('of Tzteosh', 1, ' TAG Elemental, Fire, Resistance ', '\n+46(46-48)% to Fire Resistance (fractured)')]}
INFO:root:Item has no prefixtes -> Augment.
INFO:root:NEW STATE: 
INFO:root:{'Prefix Modifier': [("Chanter's", 5, ' TAG Damage, Caster ', '\n3(3-7)% increased Spell Damage')], 'Suffix Modifier': [('of Tzteosh', 1, ' TAG Elemental, Fire, Resistance ', '\n+46(46-48)% to Fire Resistance (fractured)')]}
INFO:root:Item is not finished -> Alterate.
INFO:root:NEW STATE: 
INFO:root:{'Prefix Modifier': [('Phased', 2, ' TAG Defences ', '\n31(29-32)% increased Evasion Rating')], 'Suffix Modifier': [('of Tzteosh', 1, ' TAG Elemental, Fire, Resistance ', '\n+46(46-48)% to Fire Resistance (fractured)')]}
INFO:root:Item is not finished -> Alterate.
INFO:root:NEW STATE: 
INFO:root:{'Prefix Modifier': [], 'Suffix Modifier': [('of Tzteosh', 1, ' TAG Elemental, Fire, Resistance ', '\n+46(46-48)% to Fire Resistance (fractured)')]}
INFO:root:Item has no prefixtes -> Augment.
INFO:root:NEW STATE: 
INFO:root:{'Prefix Modifier': [("Behemoth's", 1, ' TAG Physical, Gem ', '\n+1 to Level of all Physical Skill Gems')], 'Suffix Modifier': [('of Tzteosh', 1, ' TAG Elemental, Fire, Resistance ', '\n+46(46-48)% to Fire Resistance (fractured)')]}
INFO:root:Item is not finished -> Alterate.
INFO:root:NEW STATE: 
INFO:root:{'Prefix Modifier': [('Incandescent', 3, ' TAG Defences ', '\n+41(38-43) to maximum Energy Shield')], 'Suffix Modifier': [('of Tzteosh', 1, ' TAG Elemental, Fire, Resistance ', '\n+46(46-48)% to Fire Resistance (fractured)')]}
INFO:root:Item is not finished -> Alterate.
INFO:root:NEW STATE: 
INFO:root:{'Prefix Modifier': [], 'Suffix Modifier': [('of Tzteosh', 1, ' TAG Elemental, Fire, Resistance ', '\n+46(46-48)% to Fire Resistance (fractured)')]}
INFO:root:Item has no prefixtes -> Augment.
INFO:root:NEW STATE: 
INFO:root:{'Prefix Modifier': [('Burnished', 8, ' TAG Damage, Physical, Attack ', '\nAdds 3(2-3) to 5(4-5) Physical Damage to Attacks')], 'Suffix Modifier': [('of Tzteosh', 1, ' TAG Elemental, Fire, Resistance ', '\n+46(46-48)% to Fire Resistance (fractured)')]}
INFO:root:Item is not finished -> Alterate.
INFO:root:NEW STATE: 
INFO:root:{'Prefix Modifier': [], 'Suffix Modifier': [('of Tzteosh', 1, ' TAG Elemental, Fire, Resistance ', '\n+46(46-48)% to Fire Resistance (fractured)')]}
INFO:root:Item has no prefixtes -> Augment.
INFO:root:NEW STATE: 
INFO:root:{'Prefix Modifier': [('Stout', 5, ' TAG Life ', '\n+44(40-49) to maximum Life')], 'Suffix Modifier': [('of Tzteosh', 1, ' TAG Elemental, Fire, Resistance ', '\n+46(46-48)% to Fire Resistance (fractured)')]}
INFO:root:Item is not finished -> Alterate.
INFO:root:NEW STATE: 
INFO:root:{'Prefix Modifier': [], 'Suffix Modifier': [('of Tzteosh', 1, ' TAG Elemental, Fire, Resistance ', '\n+46(46-48)% to Fire Resistance (fractured)')]}
INFO:root:Item has no prefixtes -> Augment.
INFO:root:NEW STATE: 
INFO:root:{'Prefix Modifier': [("Athlete's", 1, ' TAG Life ', '\n+89(80-89) to maximum Life')], 'Suffix Modifier': [('of Tzteosh', 1, ' TAG Elemental, Fire, Resistance ', '\n+46(46-48)% to Fire Resistance (fractured)')]}
INFO:root:Item is not finished -> Alterate.
INFO:root:NEW STATE: 
INFO:root:{'Prefix Modifier': [('Thickened', 3, ' TAG Defences ', '\n24(24-28)% increased Armour')], 'Suffix Modifier': [('of Tzteosh', 1, ' TAG Elemental, Fire, Resistance ', '\n+46(46-48)% to Fire Resistance (fractured)')]}
INFO:root:Item is not finished -> Alterate.
INFO:root:NEW STATE: 
INFO:root:{'Prefix Modifier': [], 'Suffix Modifier': [('of Tzteosh', 1, ' TAG Elemental, Fire, Resistance ', '\n+46(46-48)% to Fire Resistance (fractured)')]}
INFO:root:Item has no prefixtes -> Augment.
INFO:root:NEW STATE: 
INFO:root:{'Prefix Modifier': [('Resplendent', 2, ' TAG Defences ', '\n+46(44-47) to maximum Energy Shield')], 'Suffix Modifier': [('of Tzteosh', 1, ' TAG Elemental, Fire, Resistance ', '\n+46(46-48)% to Fire Resistance (fractured)')]}
INFO:root:Item is not finished -> Alterate.
INFO:root:NEW STATE: 
INFO:root:{'Prefix Modifier': [], 'Suffix Modifier': [('of Tzteosh', 1, ' TAG Elemental, Fire, Resistance ', '\n+46(46-48)% to Fire Resistance (fractured)')]}
INFO:root:Item has no prefixtes -> Augment.
INFO:root:NEW STATE: 
INFO:root:{'Prefix Modifier': [("Athlete's", 1, ' TAG Life ', '\n+83(80-89) to maximum Life')], 'Suffix Modifier': [('of Tzteosh', 1, ' TAG Elemental, Fire, Resistance ', '\n+46(46-48)% to Fire Resistance (fractured)')]}
INFO:root:Item is not finished -> Alterate.
INFO:root:NEW STATE: 
INFO:root:{'Prefix Modifier': [('Fearless', 4, ' TAG Defences ', '\n11(11-13)% increased maximum Energy Shield')], 'Suffix Modifier': [('of Tzteosh', 1, ' TAG Elemental, Fire, Resistance ', '\n+46(46-48)% to Fire Resistance (fractured)')]}
INFO:root:Item is not finished -> Alterate.
INFO:root:NEW STATE: 
INFO:root:{'Prefix Modifier': [], 'Suffix Modifier': [('of Tzteosh', 1, ' TAG Elemental, Fire, Resistance ', '\n+46(46-48)% to Fire Resistance (fractured)')]}
INFO:root:Item has no prefixtes -> Augment.
INFO:root:NEW STATE: 
INFO:root:{'Prefix Modifier': [("Magpie's", 4, ' ', '\n9(8-12)% increased Rarity of Items found')], 'Suffix Modifier': [('of Tzteosh', 1, ' TAG Elemental, Fire, Resistance ', '\n+46(46-48)% to Fire Resistance (fractured)')]}
INFO:root:Item is not finished -> Alterate.
INFO:root:NEW STATE: 
INFO:root:{'Prefix Modifier': [], 'Suffix Modifier': [('of Tzteosh', 1, ' TAG Elemental, Fire, Resistance ', '\n+46(46-48)% to Fire Resistance (fractured)')]}
INFO:root:Item has no prefixtes -> Augment.
INFO:root:NEW STATE: 
INFO:root:{'Prefix Modifier': [('Glimmering', 11, ' TAG Defences ', '\n+8(4-8) to maximum Energy Shield')], 'Suffix Modifier': [('of Tzteosh', 1, ' TAG Elemental, Fire, Resistance ', '\n+46(46-48)% to Fire Resistance (fractured)')]}
INFO:root:Item is not finished -> Alterate.
INFO:root:NEW STATE: 
INFO:root:{'Prefix Modifier': [('Shining', 12, ' TAG Defences ', '\n+1(1-3) to maximum Energy Shield')], 'Suffix Modifier': [('of Tzteosh', 1, ' TAG Elemental, Fire, Resistance ', '\n+46(46-48)% to Fire Resistance (fractured)')]}
INFO:root:Item is not finished -> Alterate.
INFO:root:NEW STATE: 
INFO:root:{'Prefix Modifier': [('Protective', 7, ' TAG Defences ', '\n2(2-4)% increased maximum Energy Shield')], 'Suffix Modifier': [('of Tzteosh', 1, ' TAG Elemental, Fire, Resistance ', '\n+46(46-48)% to Fire Resistance (fractured)')]}
INFO:root:Item is not finished -> Alterate.
INFO:root:NEW STATE: 
INFO:root:{'Prefix Modifier': [('Shining', 12, ' TAG Defences ', '\n+3(1-3) to maximum Energy Shield')], 'Suffix Modifier': [('of Tzteosh', 1, ' TAG Elemental, Fire, Resistance ', '\n+46(46-48)% to Fire Resistance (fractured)')]}
INFO:root:Item is not finished -> Alterate.
INFO:root:NEW STATE: 
INFO:root:{'Prefix Modifier': [], 'Suffix Modifier': [('of Tzteosh', 1, ' TAG Elemental, Fire, Resistance ', '\n+46(46-48)% to Fire Resistance (fractured)')]}
INFO:root:Item has no prefixtes -> Augment.
INFO:root:NEW STATE: 
INFO:root:{'Prefix Modifier': [('Glowing', 9, ' TAG Defences ', '\n+15(13-15) to maximum Energy Shield')], 'Suffix Modifier': [('of Tzteosh', 1, ' TAG Elemental, Fire, Resistance ', '\n+46(46-48)% to Fire Resistance (fractured)')]}
INFO:root:Item is not finished -> Alterate.
INFO:root:NEW STATE: 
INFO:root:{'Prefix Modifier': [("Acrobat's", 5, ' TAG Defences ', '\n18(14-18)% increased Evasion Rating')], 'Suffix Modifier': [('of Tzteosh', 1, ' TAG Elemental, Fire, Resistance ', '\n+46(46-48)% to Fire Resistance (fractured)')]}
INFO:root:Item is not finished -> Alterate.
INFO:root:NEW STATE: 
INFO:root:{'Prefix Modifier': [], 'Suffix Modifier': [('of Tzteosh', 1, ' TAG Elemental, Fire, Resistance ', '\n+46(46-48)% to Fire Resistance (fractured)')]}
INFO:root:Item has no prefixtes -> Augment.
INFO:root:NEW STATE: 
INFO:root:{'Prefix Modifier': [('Snapping', 7, ' TAG Damage, Elemental, Lightning, Attack ', '\nAdds 1(1-2) to 23(22-23) Lightning Damage to Attacks')], 'Suffix Modifier': [('of Tzteosh', 1, ' TAG Elemental, Fire, Resistance ', '\n+46(46-48)% to Fire Resistance (fractured)')]}
INFO:root:Item is not finished -> Alterate.
INFO:root:NEW STATE: 
INFO:root:{'Prefix Modifier': [('Agile', 7, ' TAG Defences ', '\n6(4-8)% increased Evasion Rating')], 'Suffix Modifier': [('of Tzteosh', 1, ' TAG Elemental, Fire, Resistance ', '\n+46(46-48)% to Fire Resistance (fractured)')]}
INFO:root:Item is not finished -> Alterate.
INFO:root:NEW STATE: 
INFO:root:{'Prefix Modifier': [], 'Suffix Modifier': [('of Tzteosh', 1, ' TAG Elemental, Fire, Resistance ', '\n+46(46-48)% to Fire Resistance (fractured)')]}
INFO:root:Item has no prefixtes -> Augment.
INFO:root:NEW STATE: 
INFO:root:{'Prefix Modifier': [("Pirate's", 3, ' ', '\n16(13-18)% increased Rarity of Items found')], 'Suffix Modifier': [('of Tzteosh', 1, ' TAG Elemental, Fire, Resistance ', '\n+46(46-48)% to Fire Resistance (fractured)')]}
INFO:root:Item is not finished -> Alterate.
INFO:root:NEW STATE: 
INFO:root:{'Prefix Modifier': [], 'Suffix Modifier': [('of Tzteosh', 1, ' TAG Elemental, Fire, Resistance ', '\n+46(46-48)% to Fire Resistance (fractured)')]}
INFO:root:Item has no prefixtes -> Augment.
INFO:root:NEW STATE: 
INFO:root:{'Prefix Modifier': [("Behemoth's", 1, ' TAG Physical, Gem ', '\n+1 to Level of all Physical Skill Gems')], 'Suffix Modifier': [('of Tzteosh', 1, ' TAG Elemental, Fire, Resistance ', '\n+46(46-48)% to Fire Resistance (fractured)')]}
INFO:root:Item is not finished -> Alterate.
INFO:root:NEW STATE: 
INFO:root:{'Prefix Modifier': [('Resolute', 5, ' TAG Defences ', '\n10(8-10)% increased maximum Energy Shield')], 'Suffix Modifier': [('of Tzteosh', 1, ' TAG Elemental, Fire, Resistance ', '\n+46(46-48)% to Fire Resistance (fractured)')]}
INFO:root:Item is not finished -> Alterate.
INFO:root:NEW STATE: 
INFO:root:{'Prefix Modifier': [("Mage's", 4, ' TAG Damage, Caster ', '\n12(8-12)% increased Spell Damage')], 'Suffix Modifier': [('of Tzteosh', 1, ' TAG Elemental, Fire, Resistance ', '\n+46(46-48)% to Fire Resistance (fractured)')]}
INFO:root:Item is not finished -> Alterate.
INFO:root:NEW STATE: 
INFO:root:{'Prefix Modifier': [('Chalybeous', 5, ' TAG Mana ', '\n+55(55-59) to maximum Mana')], 'Suffix Modifier': [('of Tzteosh', 1, ' TAG Elemental, Fire, Resistance ', '\n+46(46-48)% to Fire Resistance (fractured)')]}
INFO:root:Item is not finished -> Alterate.
INFO:root:NEW STATE: 
INFO:root:{'Prefix Modifier': [], 'Suffix Modifier': [('of Tzteosh', 1, ' TAG Elemental, Fire, Resistance ', '\n+46(46-48)% to Fire Resistance (fractured)')]}
INFO:root:Item has no prefixtes -> Augment.
INFO:root:NEW STATE: 
INFO:root:{'Prefix Modifier': [("Acrobat's", 5, ' TAG Defences ', '\n18(14-18)% increased Evasion Rating')], 'Suffix Modifier': [('of Tzteosh', 1, ' TAG Elemental, Fire, Resistance ', '\n+46(46-48)% to Fire Resistance (fractured)')]}
INFO:root:Item is not finished -> Alterate.
INFO:root:NEW STATE: 
INFO:root:{'Prefix Modifier': [], 'Suffix Modifier': [('of Tzteosh', 1, ' TAG Elemental, Fire, Resistance ', '\n+46(46-48)% to Fire Resistance (fractured)')]}
INFO:root:Item has no prefixtes -> Augment.
INFO:root:NEW STATE: 
INFO:root:{'Prefix Modifier': [('Radiating', 8, ' TAG Defences ', '\n+16(16-19) to maximum Energy Shield')], 'Suffix Modifier': [('of Tzteosh', 1, ' TAG Elemental, Fire, Resistance ', '\n+46(46-48)% to Fire Resistance (fractured)')]}
INFO:root:Item is not finished -> Alterate.
INFO:root:NEW STATE: 
INFO:root:{'Prefix Modifier': [('Virile', 2, ' TAG Life ', '\n+79(70-79) to maximum Life')], 'Suffix Modifier': [('of Tzteosh', 1, ' TAG Elemental, Fire, Resistance ', '\n+46(46-48)% to Fire Resistance (fractured)')]}
INFO:root:Item is not finished -> Alterate.
INFO:root:NEW STATE: 
INFO:root:{'Prefix Modifier': [('Honed', 6, ' TAG Damage, Physical, Attack ', '\nAdds 5(4-6) to 9(9-10) Physical Damage to Attacks')], 'Suffix Modifier': [('of Tzteosh', 1, ' TAG Elemental, Fire, Resistance ', '\n+46(46-48)% to Fire Resistance (fractured)')]}
INFO:root:Item is not finished -> Alterate.
INFO:root:NEW STATE: 
INFO:root:{'Prefix Modifier': [], 'Suffix Modifier': [('of Tzteosh', 1, ' TAG Elemental, Fire, Resistance ', '\n+46(46-48)% to Fire Resistance (fractured)')]}
INFO:root:Item has no prefixtes -> Augment.
INFO:root:NEW STATE: 
INFO:root:{'Prefix Modifier': [('Vaporous', 1, ' TAG Defences ', '\n36(33-36)% increased Evasion Rating')], 'Suffix Modifier': [('of Tzteosh', 1, ' TAG Elemental, Fire, Resistance ', '\n+46(46-48)% to Fire Resistance (fractured)')]}
INFO:root:Item is not finished -> Alterate.
INFO:root:NEW STATE: 
INFO:root:{'Prefix Modifier': [], 'Suffix Modifier': [('of Tzteosh', 1, ' TAG Elemental, Fire, Resistance ', '\n+46(46-48)% to Fire Resistance (fractured)')]}
INFO:root:Item has no prefixtes -> Augment.
INFO:root:NEW STATE: 
INFO:root:{'Prefix Modifier': [('Seething', 6, ' TAG Defences ', '\n+26(23-26) to maximum Energy Shield')], 'Suffix Modifier': [('of Tzteosh', 1, ' TAG Elemental, Fire, Resistance ', '\n+46(46-48)% to Fire Resistance (fractured)')]}
INFO:root:Item is not finished -> Alterate.
INFO:root:NEW STATE: 
INFO:root:{'Prefix Modifier': [], 'Suffix Modifier': [('of Tzteosh', 1, ' TAG Elemental, Fire, Resistance ', '\n+46(46-48)% to Fire Resistance (fractured)')]}
INFO:root:Item has no prefixtes -> Augment.
INFO:root:NEW STATE: 
INFO:root:{'Prefix Modifier': [("Athlete's", 1, ' TAG Life ', '\n+81(80-89) to maximum Life')], 'Suffix Modifier': [('of Tzteosh', 1, ' TAG Elemental, Fire, Resistance ', '\n+46(46-48)% to Fire Resistance (fractured)')]}
INFO:root:Item is not finished -> Alterate.
INFO:root:NEW STATE: 
INFO:root:{'Prefix Modifier': [], 'Suffix Modifier': [('of Tzteosh', 1, ' TAG Elemental, Fire, Resistance ', '\n+46(46-48)% to Fire Resistance (fractured)')]}
INFO:root:Item has no prefixtes -> Augment.
INFO:root:NEW STATE: 
INFO:root:{'Prefix Modifier': [('Mazarine', 4, ' TAG Mana ', '\n+62(60-64) to maximum Mana')], 'Suffix Modifier': [('of Tzteosh', 1, ' TAG Elemental, Fire, Resistance ', '\n+46(46-48)% to Fire Resistance (fractured)')]}
INFO:root:Item is not finished -> Alterate.
INFO:root:NEW STATE: 
INFO:root:{'Prefix Modifier': [('Resolute', 5, ' TAG Defences ', '\n9(8-10)% increased maximum Energy Shield')], 'Suffix Modifier': [('of Tzteosh', 1, ' TAG Elemental, Fire, Resistance ', '\n+46(46-48)% to Fire Resistance (fractured)')]}
INFO:root:Item is not finished -> Alterate.
INFO:root:NEW STATE: 
INFO:root:{'Prefix Modifier': [("Magpie's", 4, ' ', '\n12(8-12)% increased Rarity of Items found')], 'Suffix Modifier': [('of Tzteosh', 1, ' TAG Elemental, Fire, Resistance ', '\n+46(46-48)% to Fire Resistance (fractured)')]}
INFO:root:Item is not finished -> Alterate.
INFO:root:NEW STATE: 
INFO:root:{'Prefix Modifier': [('Incandescent', 3, ' TAG Defences ', '\n+40(38-43) to maximum Energy Shield')], 'Suffix Modifier': [('of Tzteosh', 1, ' TAG Elemental, Fire, Resistance ', '\n+46(46-48)% to Fire Resistance (fractured)')]}
INFO:root:Item is not finished -> Alterate.
INFO:root:NEW STATE: 
INFO:root:{'Prefix Modifier': [('Seething', 6, ' TAG Defences ', '\n+23(23-26) to maximum Energy Shield')], 'Suffix Modifier': [('of Tzteosh', 1, ' TAG Elemental, Fire, Resistance ', '\n+46(46-48)% to Fire Resistance (fractured)')]}
INFO:root:Item is not finished -> Alterate.
INFO:root:NEW STATE: 
INFO:root:{'Prefix Modifier': [('Flaring', 1, ' TAG Damage, Physical, Attack ', '\nAdds 14(11-15) to 23(22-26) Physical Damage to Attacks')], 'Suffix Modifier': [('of Tzteosh', 1, ' TAG Elemental, Fire, Resistance ', '\n+46(46-48)% to Fire Resistance (fractured)')]}
INFO:root:Item is not finished -> Alterate.
INFO:root:NEW STATE: 
INFO:root:{'Prefix Modifier': [], 'Suffix Modifier': [('of Tzteosh', 1, ' TAG Elemental, Fire, Resistance ', '\n+46(46-48)% to Fire Resistance (fractured)')]}
INFO:root:Item has no prefixtes -> Augment.
INFO:root:NEW STATE: 
INFO:root:{'Prefix Modifier': [('Phased', 2, ' TAG Defences ', '\n31(29-32)% increased Evasion Rating')], 'Suffix Modifier': [('of Tzteosh', 1, ' TAG Elemental, Fire, Resistance ', '\n+46(46-48)% to Fire Resistance (fractured)')]}
INFO:root:Item is not finished -> Alterate.
INFO:root:NEW STATE: 
INFO:root:{'Prefix Modifier': [], 'Suffix Modifier': [('of Tzteosh', 1, ' TAG Elemental, Fire, Resistance ', '\n+46(46-48)% to Fire Resistance (fractured)')]}
INFO:root:Item has no prefixtes -> Augment.
INFO:root:NEW STATE: 
INFO:root:{'Prefix Modifier': [('Layered', 6, ' TAG Defences ', '\n13(9-13)% increased Armour')], 'Suffix Modifier': [('of Tzteosh', 1, ' TAG Elemental, Fire, Resistance ', '\n+46(46-48)% to Fire Resistance (fractured)')]}
INFO:root:Item is not finished -> Alterate.
INFO:root:NEW STATE: 
INFO:root:{'Prefix Modifier': [('Layered', 6, ' TAG Defences ', '\n11(9-13)% increased Armour')], 'Suffix Modifier': [('of Tzteosh', 1, ' TAG Elemental, Fire, Resistance ', '\n+46(46-48)% to Fire Resistance (fractured)')]}
INFO:root:Item is not finished -> Alterate.
INFO:root:NEW STATE: 
INFO:root:{'Prefix Modifier': [('Glinting', 9, ' TAG Damage, Physical, Attack ', '\nAdds 1 to 2 Physical Damage to Attacks')], 'Suffix Modifier': [('of Tzteosh', 1, ' TAG Elemental, Fire, Resistance ', '\n+46(46-48)% to Fire Resistance (fractured)')]}
INFO:root:Item is not finished -> Alterate.
INFO:root:NEW STATE: 
INFO:root:{'Prefix Modifier': [('Thirsty', 2, ' TAG Mana, Physical, Attack ', '\n0.36(0.2-0.4)% of Physical Attack Damage Leeched as Mana\n(Leeched Mana is recovered over time. Multiple Leeches can occur simultaneously, up to a maximum rate)')], 'Suffix Modifier': [('of Tzteosh', 1, ' TAG Elemental, Fire, Resistance ', '\n+46(46-48)% to Fire Resistance (fractured)')]}
INFO:root:Item is not finished -> Alterate.
INFO:root:NEW STATE: 
INFO:root:{'Prefix Modifier': [], 'Suffix Modifier': [('of Tzteosh', 1, ' TAG Elemental, Fire, Resistance ', '\n+46(46-48)% to Fire Resistance (fractured)')]}
INFO:root:Item has no prefixtes -> Augment.
INFO:root:NEW STATE: 
INFO:root:{'Prefix Modifier': [('Tempered', 2, ' TAG Damage, Physical, Attack ', '\nAdds 12(9-12) to 20(19-22) Physical Damage to Attacks')], 'Suffix Modifier': [('of Tzteosh', 1, ' TAG Elemental, Fire, Resistance ', '\n+46(46-48)% to Fire Resistance (fractured)')]}
INFO:root:Item is not finished -> Alterate.
INFO:root:NEW STATE: 
INFO:root:{'Prefix Modifier': [('Unassailable', 1, ' TAG Defences ', '\n22(20-22)% increased maximum Energy Shield')], 'Suffix Modifier': [('of Tzteosh', 1, ' TAG Elemental, Fire, Resistance ', '\n+46(46-48)% to Fire Resistance (fractured)')]}
INFO:root:Item is not finished -> Alterate.
INFO:root:NEW STATE: 
INFO:root:{'Prefix Modifier': [], 'Suffix Modifier': [('of Tzteosh', 1, ' TAG Elemental, Fire, Resistance ', '\n+46(46-48)% to Fire Resistance (fractured)')]}
INFO:root:Item has no prefixtes -> Augment.
INFO:root:NEW STATE: 
INFO:root:{'Prefix Modifier': [('Arcing', 4, ' TAG Damage, Elemental, Lightning, Attack ', '\nAdds 2(1-4) to 42(40-43) Lightning Damage to Attacks')], 'Suffix Modifier': [('of Tzteosh', 1, ' TAG Elemental, Fire, Resistance ', '\n+46(46-48)% to Fire Resistance (fractured)')]}
INFO:root:Item is not finished -> Alterate.
INFO:root:NEW STATE: 
INFO:root:{'Prefix Modifier': [], 'Suffix Modifier': [('of Tzteosh', 1, ' TAG Elemental, Fire, Resistance ', '\n+46(46-48)% to Fire Resistance (fractured)')]}
INFO:root:Item has no prefixtes -> Augment.
INFO:root:NEW STATE: 
INFO:root:{'Prefix Modifier': [('Hale', 9, ' TAG Life ', '\n+8(3-9) to maximum Life')], 'Suffix Modifier': [('of Tzteosh', 1, ' TAG Elemental, Fire, Resistance ', '\n+46(46-48)% to Fire Resistance (fractured)')]}
INFO:root:Item is not finished -> Alterate.
INFO:root:NEW STATE: 
INFO:root:{'Prefix Modifier': [("Dragon's", 2, ' ', '\n20(19-24)% increased Rarity of Items found')], 'Suffix Modifier': [('of Tzteosh', 1, ' TAG Elemental, Fire, Resistance ', '\n+46(46-48)% to Fire Resistance (fractured)')]}
