INFO:root:NEW STATE: 
INFO:root:{'Prefix Modifier': [('Sanguine', 7, ' TAG Life ', '\n+21(20-29) to maximum Life')], 'Suffix Modifier': [('of Tzteosh', 1, ' TAG Elemental, Fire, Resistance ', '\n+46(46-48)% to Fire Resistance (fractured)')]}
INFO:root:Item is not finished -> Alterate.
INFO:root:NEW STATE: 
INFO:root:{'Prefix Modifier': [], 'Suffix Modifier': [('of Tzteosh', 1, ' TAG Elemental, Fire, Resistance ', '\n+46(46-48)% to Fire Resistance (fractured)')]}
INFO:root:Item has no prefixtes -> Augment.
INFO:root:NEW STATE: 
INFO:root:{'Prefix Modifier': [('Shocking', 3, ' TAG Damage, Elemental, Lightning, Attack ', '\nAdds 5(2-5) to 49(47-50) Lightning Damage to Attacks')], 'Suffix Modifier': [('of Tzteosh', 1, ' TAG Elemental, Fire, Resistance ', '\n+46(46-48)% to Fire Resistance (fractured)')]}
INFO:root:Item is not finished -> Alterate.
INFO:root:NEW STATE: 
INFO:root:{'Prefix Modifier': [('Parched', 1, ' TAG Mana, Physical, Attack ', '\n0.75(0.6-0.8)% of Physical Attack Damage Leeched as Mana\n(Leeched Mana is recovered over time. Multiple Leeches can occur simultaneously, up to a maximum rate)')], 'Suffix Modifier': [('of Tzteosh', 1, ' TAG Elemental, Fire, Resistance ', '\n+46(46-48)% to Fire Resistance (fractured)')]}
INFO:root:Item is not finished -> Alterate.
INFO:root:NEW STATE: 
INFO:root:{'Prefix Modifier': [('Blasting', 2, ' TAG Damage, Elemental, Fire, Attack ', '\nAdds 17(16-22) to 33(32-38) Fire Damage to Attacks')], 'Suffix Modifier': [('of Tzteosh', 1, ' TAG Elemental, Fire, Resistance ', '\n+46(46-48)% to Fire Resistance (fractured)')]}
INFO:root:Item is not finished -> Alterate.
INFO:root:NEW STATE: 
INFO:root:{'Prefix Modifier': [('Azure', 11, ' TAG Mana ', '\n+29(25-29) to maximum Mana')], 'Suffix Modifier': [('of Tzteosh', 1, ' TAG Elemental, Fire, Resistance ', '\n+46(46-48)% to Fire Resistance (fractured)')]}
INFO:root:Item is not finished -> Alterate.
INFO:root:NEW STATE: 
INFO:root:{'Prefix Modifier': [], 'Suffix Modifier': [('of Tzteosh', 1, ' TAG Elemental, Fire, Resistance ', '\n+46(46-48)% to Fire Resistance (fractured)')]}
INFO:root:Item has no prefixtes -> Augment.
INFO:root:NEW STATE: 
INFO:root:{'Prefix Modifier': [('Cobalt', 12, ' TAG Mana ', '\n+23(20-24) to maximum Mana')], 'Suffix Modifier': [('of Tzteosh', 1, ' TAG Elemental, Fire, Resistance ', '\n+46(46-48)% to Fire Resistance (fractured)')]}
INFO:root:Item is not finished -> Alterate.
INFO:root:NEW STATE: 
INFO:root:{'Prefix Modifier': [('Crackling', 6, ' TAG Damage, Elemental, Lightning, Attack ', '\nAdds 2(1-2) to 28(27-28) Lightning Damage to Attacks')], 'Suffix Modifier': [('of Tzteosh', 1, ' TAG Elemental, Fire, Resistance ', '\n+46(46-48)% to Fire Resistance (fractured)')]}
INFO:root:Item is not finished -> Alterate.
INFO:root:NEW STATE: 
INFO:root:{'Prefix Modifier': [('Shining', 12, ' TAG Defences ', '\n+1(1-3) to maximum Energy Shield')], 'Suffix Modifier': [('of Tzteosh', 1, ' TAG Elemental, Fire, Resistance ', '\n+46(46-48)% to Fire Resistance (fractured)')]}
INFO:root:Item is not finished -> Alterate.
INFO:root:NEW STATE: 
INFO:root:{'Prefix Modifier': [('Gentian', 6, ' TAG Mana ', '\n+53(50-54) to maximum Mana')], 'Suffix Modifier': [('of Tzteosh', 1, ' TAG Elemental, Fire, Resistance ', '\n+46(46-48)% to Fire Resistance (fractured)')]}
INFO:root:Item is not finished -> Alterate.
INFO:root:NEW STATE: 
INFO:root:{'Prefix Modifier': [('Impregnable', 1, ' TAG Defences ', '\n33(33-36)% increased Armour')], 'Suffix Modifier': [('of Tzteosh', 1, ' TAG Elemental, Fire, Resistance ', '\n+46(46-48)% to Fire Resistance (fractured)')]}
INFO:root:Item is not finished -> Alterate.
INFO:root:NEW STATE: 
INFO:root:{'Prefix Modifier': [('Resolute', 5, ' TAG Defences ', '\n9(8-10)% increased maximum Energy Shield')], 'Suffix Modifier': [('of Tzteosh', 1, ' TAG Elemental, Fire, Resistance ', '\n+46(46-48)% to Fire Resistance (fractured)')]}
INFO:root:Item is not finished -> Alterate.
INFO:root:NEW STATE: 
INFO:root:{'Prefix Modifier': [], 'Suffix Modifier': [('of Tzteosh', 1, ' TAG Elemental, Fire, Resistance ', '\n+46(46-48)% to Fire Resistance (fractured)')]}
INFO:root:Item has no prefixtes -> Augment.
INFO:root:NEW STATE: 
INFO:root:{'Prefix Modifier': [('Fleet', 4, ' TAG Defences ', '\n20(19-23)% increased Evasion Rating')], 'Suffix Modifier': [('of Tzteosh', 1, ' TAG Elemental, Fire, Resistance ', '\n+46(46-48)% to Fire Resistance (fractured)')]}
INFO:root:Item is not finished -> Alterate.
INFO:root:NEW STATE: 
INFO:root:{'Prefix Modifier': [('Buttressed', 4, ' TAG Defences ', '\n20(19-23)% increased Armour')], 'Suffix Modifier': [('of Tzteosh', 1, ' TAG Elemental, Fire, Resistance ', '\n+46(46-48)% to Fire Resistance (fractured)')]}
INFO:root:Item is not finished -> Alterate.
INFO:root:NEW STATE: 
INFO:root:{'Prefix Modifier': [], 'Suffix Modifier': [('of Tzteosh', 1, ' TAG Elemental, Fire, Resistance ', '\n+46(46-48)% to Fire Resistance (fractured)')]}
INFO:root:Item has no prefixtes -> Augment.
INFO:root:NEW STATE: 
INFO:root:{'Prefix Modifier': [('Frosted', 9, ' TAG Damage, Elemental, Cold, Attack ', '\nAdds 1 to 2 Cold Damage to Attacks')], 'Suffix Modifier': [('of Tzteosh', 1, ' TAG Elemental, Fire, Resistance ', '\n+46(46-48)% to Fire Resistance (fractured)')]}
INFO:root:Item is not finished -> Alterate.
INFO:root:NEW STATE: 
INFO:root:{'Prefix Modifier': [('Annealed', 4, ' TAG Damage, Physical, Attack ', '\nAdds 7(6-9) to 14(13-15) Physical Damage to Attacks')], 'Suffix Modifier': [('of Tzteosh', 1, ' TAG Elemental, Fire, Resistance ', '\n+46(46-48)% to Fire Resistance (fractured)')]}
INFO:root:Item is not finished -> Alterate.
INFO:root:NEW STATE: 
INFO:root:{'Prefix Modifier': [('Stalwart', 6, ' TAG Life ', '\n+33(30-39) to maximum Life')], 'Suffix Modifier': [('of Tzteosh', 1, ' TAG Elemental, Fire, Resistance ', '\n+46(46-48)% to Fire Resistance (fractured)')]}
INFO:root:Item is not finished -> Alterate.
INFO:root:NEW STATE: 
INFO:root:{'Prefix Modifier': [("Remora's", 3, ' TAG Life, Physical, Attack ', '\n0.4(0.2-0.4)% of Physical Attack Damage Leeched as Life\n(Leeched Life is recovered over time. Multiple Leeches can occur simultaneously, up to a maximum rate)')], 'Suffix Modifier': [('of Tzteosh', 1, ' TAG Elemental, Fire, Resistance ', '\n+46(46-48)% to Fire Resistance (fractured)')]}
INFO:root:Item is not finished -> Alterate.
INFO:root:NEW STATE: 
INFO:root:{'Prefix Modifier': [], 'Suffix Modifier': [('of Tzteosh', 1, ' TAG Elemental, Fire, Resistance ', '\n+46(46-48)% to Fire Resistance (fractured)')]}
INFO:root:Item has no prefixtes -> Augment.
INFO:root:NEW STATE: 
INFO:root:{'Prefix Modifier': [('Ultramarine', 1, ' TAG Mana ', '\n+74(74-78) to maximum Mana')], 'Suffix Modifier': [('of Tzteosh', 1, ' TAG Elemental, Fire, Resistance ', '\n+46(46-48)% to Fire Resistance (fractured)')]}
INFO:root:Item is not finished -> Alterate.
INFO:root:NEW STATE: 
INFO:root:{'Prefix Modifier': [('Stalwart', 6, ' TAG Life ', '\n+39(30-39) to maximum Life')], 'Suffix Modifier': [('of Tzteosh', 1, ' TAG Elemental, Fire, Resistance ', '\n+46(46-48)% to Fire Resistance (fractured)')]}
INFO:root:Item is not finished -> Alterate.
INFO:root:NEW STATE: 
INFO:root:{'Prefix Modifier': [('Cerulean', 9, ' TAG Mana ', '\n+38(35-39) to maximum Mana')], 'Suffix Modifier': [('of Tzteosh', 1, ' TAG Elemental, Fire, Resistance ', '\n+46(46-48)% to Fire Resistance (fractured)')]}
INFO:root:Item is not finished -> Alterate.
INFO:root:NEW STATE: 
INFO:root:{'Prefix Modifier': [('Incandescent', 3, ' TAG Defences ', '\n+43(38-43) to maximum Energy Shield')], 'Suffix Modifier': [('of Tzteosh', 1, ' TAG Elemental, Fire, Resistance ', '\n+46(46-48)% to Fire Resistance (fractured)')]}
INFO:root:Item is not finished -> Alterate.
INFO:root:NEW STATE: 
INFO:root:{'Prefix Modifier': [], 'Suffix Modifier': [('of Tzteosh', 1, ' TAG Elemental, Fire, Resistance ', '\n+46(46-48)% to Fire Resistance (fractured)')]}
INFO:root:Item has no prefixtes -> Augment.
INFO:root:NEW STATE: 
INFO:root:{'Prefix Modifier': [('Tempered', 2, ' TAG Damage, Physical, Attack ', '\nAdds 12(9-12) to 19(19-22) Physical Damage to Attacks')], 'Suffix Modifier': [('of Tzteosh', 1, ' TAG Elemental, Fire, Resistance ', '\n+46(46-48)% to Fire Resistance (fractured)')]}
INFO:root:Item is not finished -> Alterate.
INFO:root:NEW STATE: 
INFO:root:{'Prefix Modifier': [('Cobalt', 12, ' TAG Mana ', '\n+22(20-24) to maximum Mana')], 'Suffix Modifier': [('of Tzteosh', 1, ' TAG Elemental, Fire, Resistance ', '\n+46(46-48)% to Fire Resistance (fractured)')]}
INFO:root:Item is not finished -> Alterate.
INFO:root:NEW STATE: 
INFO:root:{'Prefix Modifier': [('Zaffre', 2, ' TAG Mana ', '\n+73(69-73) to maximum Mana')], 'Suffix Modifier': [('of Tzteosh', 1, ' TAG Elemental, Fire, Resistance ', '\n+46(46-48)% to Fire Resistance (fractured)')]}
INFO:root:Item is not finished -> Alterate.
INFO:root:NEW STATE: 
INFO:root:{'Prefix Modifier': [], 'Suffix Modifier': [('of Tzteosh', 1, ' TAG Elemental, Fire, Resistance ', '\n+46(46-48)% to Fire Resistance (fractured)')]}
INFO:root:Item has no prefixtes -> Augment.
INFO:root:NEW STATE: 
INFO:root:{'Prefix Modifier': [('Freezing', 5, ' TAG Damage, Elemental, Cold, Attack ', '\nAdds 10(8-11) to 18(16-19) Cold Damage to Attacks')], 'Suffix Modifier': [('of Tzteosh', 1, ' TAG Elemental, Fire, Resistance ', '\n+46(46-48)% to Fire Resistance (fractured)')]}
INFO:root:Item is not finished -> Alterate.
INFO:root:NEW STATE: 
INFO:root:{'Prefix Modifier': [('Cremating', 1, ' TAG Damage, Elemental, Fire, Attack ', '\nAdds 24(19-25) to 42(39-45) Fire Damage to Attacks')], 'Suffix Modifier': [('of Tzteosh', 1, ' TAG Elemental, Fire, Resistance ', '\n+46(46-48)% to Fire Resistance (fractured)')]}
INFO:root:Item is not finished -> Alterate.
INFO:root:NEW STATE: 
INFO:root:{'Prefix Modifier': [('Fleet', 4, ' TAG Defences ', '\n23(19-23)% increased Evasion Rating')], 'Suffix Modifier': [('of Tzteosh', 1, ' TAG Elemental, Fire, Resistance ', '\n+46(46-48)% to Fire Resistance (fractured)')]}
INFO:root:Item is not finished -> Alterate.
INFO:root:NEW STATE: 
INFO:root:{'Prefix Modifier': [("Perandus'", 1, ' ', '\n26(25-28)% increased Rarity of Items found')], 'Suffix Modifier': [('of Tzteosh', 1, ' TAG Elemental, Fire, Resistance ', '\n+46(46-48)% to Fire Resistance (fractured)')]}
INFO:root:Item is not finished -> Alterate.
INFO:root:NEW STATE: 
INFO:root:{'Prefix Modifier': [], 'Suffix Modifier': [('of Tzteosh', 1, ' TAG Elemental, Fire, Resistance ', '\n+46(46-48)% to Fire Resistance (fractured)')]}
INFO:root:Item has no prefixtes -> Augment.
INFO:root:NEW STATE: 
INFO:root:{'Prefix Modifier': [('Healthy', 8, ' TAG Life ', '\n+15(10-19) to maximum Life')], 'Suffix Modifier': [('of Tzteosh', 1, ' TAG Elemental, Fire, Resistance ', '\n+46(46-48)% to Fire Resistance (fractured)')]}
INFO:root:Item is not finished -> Alterate.
INFO:root:NEW STATE: 
INFO:root:{'Prefix Modifier': [('Infusing', 5, ' TAG Damage, Elemental, Attack ', '\n20(11-20)% increased Elemental Damage with Attack Skills')], 'Suffix Modifier': [('of Tzteosh', 1, ' TAG Elemental, Fire, Resistance ', '\n+46(46-48)% to Fire Resistance (fractured)')]}
INFO:root:Item is not finished -> Alterate.
INFO:root:NEW STATE: 
INFO:root:{'Prefix Modifier': [('Sapphire', 10, ' TAG Mana ', '\n+32(30-34) to maximum Mana')], 'Suffix Modifier': [('of Tzteosh', 1, ' TAG Elemental, Fire, Resistance ', '\n+46(46-48)% to Fire Resistance (fractured)')]}
INFO:root:Item is not finished -> Alterate.
INFO:root:NEW STATE: 
INFO:root:{'Prefix Modifier': [('Shining', 12, ' TAG Defences ', '\n+2(1-3) to maximum Energy Shield')], 'Suffix Modifier': [('of Tzteosh', 1, ' TAG Elemental, Fire, Resistance ', '\n+46(46-48)% to Fire Resistance (fractured)')]}
INFO:root:Item is not finished -> Alterate.
INFO:root:NEW STATE: 
INFO:root:{'Prefix Modifier': [('Heated', 9, ' TAG Damage, Elemental, Fire, Attack ', '\nAdds 1 to 2 Fire Damage to Attacks')], 'Suffix Modifier': [('of Tzteosh', 1, ' TAG Elemental, Fire, Resistance ', '\n+46(46-48)% to Fire Resistance (fractured)')]}
INFO:root:Item is not finished -> Alterate.
INFO:root:NEW STATE: 
INFO:root:{'Prefix Modifier': [], 'Suffix Modifier': [('of Tzteosh', 1, ' TAG Elemental, Fire, Resistance ', '\n+46(46-48)% to Fire Resistance (fractured)')]}
INFO:root:Item has no prefixtes -> Augment.
INFO:root:NEW STATE: 
INFO:root:{'Prefix Modifier': [('Healthy', 8, ' TAG Life ', '\n+13(10-19) to maximum Life')], 'Suffix Modifier': [('of Tzteosh', 1, ' TAG Elemental, Fire, Resistance ', '\n+46(46-48)% to Fire Resistance (fractured)')]}
INFO:root:Item is not finished -> Alterate.
INFO:root:NEW STATE: 
INFO:root:{'Prefix Modifier': [('Gentian', 6, ' TAG Mana ', '\n+53(50-54) to maximum Mana')], 'Suffix Modifier': [('of Tzteosh', 1, ' TAG Elemental, Fire, Resistance ', '\n+46(46-48)% to Fire Resistance (fractured)')]}
INFO:root:Item is not finished -> Alterate.
INFO:root:NEW STATE: 
INFO:root:{'Prefix Modifier': [], 'Suffix Modifier': [('of Tzteosh', 1, ' TAG Elemental, Fire, Resistance ', '\n+46(46-48)% to Fire Resistance (fractured)')]}
INFO:root:Item has no prefixtes -> Augment.
INFO:root:NEW STATE: 
INFO:root:{'Prefix Modifier': [("Remora's", 3, ' TAG Life, Physical, Attack ', '\n0.34(0.2-0.4)% of Physical Attack Damage Leeched as Life\n(Leeched Life is recovered over time. Multiple Leeches can occur simultaneously, up to a maximum rate)')], 'Suffix Modifier': [('of Tzteosh', 1, ' TAG Elemental, Fire, Resistance ', '\n+46(46-48)% to Fire Resistance (fractured)')]}
INFO:root:Item is not finished -> Alterate.
INFO:root:NEW STATE: 
INFO:root:{'Prefix Modifier': [("Dragon's", 2, ' ', '\n24(19-24)% increased Rarity of Items found')], 'Suffix Modifier': [('of Tzteosh', 1, ' TAG Elemental, Fire, Resistance ', '\n+46(46-48)% to Fire Resistance (fractured)')]}
INFO:root:Item is not finished -> Alterate.
INFO:root:NEW STATE: 
INFO:root:{'Prefix Modifier': [('Shining', 12, ' TAG Defences ', '\n+3(1-3) to maximum Energy Shield')], 'Suffix Modifier': [('of Tzteosh', 1, ' TAG Elemental, Fire, Resistance ', '\n+46(46-48)% to Fire Resistance (fractured)')]}
INFO:root:Item is not finished -> Alterate.
INFO:root:NEW STATE: 
INFO:root:{'Prefix Modifier': [('Ultramarine', 1, ' TAG Mana ', '\n+75(74-78) to maximum Mana')], 'Suffix Modifier': [('of Tzteosh', 1, ' TAG Elemental, Fire, Resistance ', '\n+46(46-48)% to Fire Resistance (fractured)')]}
INFO:root:Item is not finished -> Alterate.
INFO:root:NEW STATE: 
INFO:root:{'Prefix Modifier': [], 'Suffix Modifier': [('of Tzteosh', 1, ' TAG Elemental, Fire, Resistance ', '\n+46(46-48)% to Fire Resistance (fractured)')]}
INFO:root:Item has no prefixtes -> Augment.
INFO:root:NEW STATE: 
INFO:root:{'Prefix Modifier': [('Lobstered', 5, ' TAG Defences ', '\n15(14-18)% increased Armour')], 'Suffix Modifier': [('of Tzteosh', 1, ' TAG Elemental, Fire, Resistance ', '\n+46(46-48)% to Fire Resistance (fractured)')]}
INFO:root:Item is not finished -> Alterate.
INFO:root:NEW STATE: 
INFO:root:{'Prefix Modifier': [('Resplendent', 2, ' TAG Defences ', '\n+47(44-47) to maximum Energy Shield')], 'Suffix Modifier': [('of Tzteosh', 1, ' TAG Elemental, Fire, Resistance ', '\n+46(46-48)% to Fire Resistance (fractured)')]}
INFO:root:Item is not finished -> Alterate.
INFO:root:NEW STATE: 
INFO:root:{'Prefix Modifier': [('Gentian', 6, ' TAG Mana ', '\n+50(50-54) to maximum Mana')], 'Suffix Modifier': [('of Tzteosh', 1, ' TAG Elemental, Fire, Resistance ', '\n+46(46-48)% to Fire Resistance (fractured)')]}
INFO:root:Item is not finished -> Alterate.
INFO:root:NEW STATE: 
INFO:root:{'Prefix Modifier': [("Sorcerer's", 3, ' TAG Damage, Caster ', '\n17(13-17)% increased Spell Damage')], 'Suffix Modifier': [('of Tzteosh', 1, ' TAG Elemental, Fire, Resistance ', '\n+46(46-48)% to Fire Resistance (fractured)')]}
INFO:root:Item is not finished -> Alterate.
INFO:root:NEW STATE: 
INFO:root:{'Prefix Modifier': [], 'Suffix Modifier': [('of Tzteosh', 1, ' TAG Elemental, Fire, Resistance ', '\n+46(46-48)% to Fire Resistance (fractured)')]}
INFO:root:Item has no prefixtes -> Augment.
INFO:root:NEW STATE: 
INFO:root:{'Prefix Modifier': [('Radiating', 8, ' TAG Defences ', '\n+18(16-19) to maximum Energy Shield')], 'Suffix Modifier': [('of Tzteosh', 1, ' TAG Elemental, Fire, Resistance ', '\n+46(46-48)% to Fire Resistance (fractured)')]}
INFO:root:Item is not finished -> Alterate.
INFO:root:NEW STATE: 
INFO:root:{'Prefix Modifier': [], 'Suffix Modifier': [('of Tzteosh', 1, ' TAG Elemental, Fire, Resistance ', '\n+46(46-48)% to Fire Resistance (fractured)')]}
INFO:root:Item has no prefixtes -> Augment.
INFO:root:NEW STATE: 
INFO:root:{'Prefix Modifier': [("Chanter's", 5, ' TAG Damage, Caster ', '\n4(3-7)% increased Spell Damage')], 'Suffix Modifier': [('of Tzteosh', 1, ' TAG Elemental, Fire, Resistance ', '\n+46(46-48)% to Fire Resistance (fractured)')]}
INFO:root:Item is not finished -> Alterate.
INFO:root:NEW STATE: 
INFO:root:{'Prefix Modifier': [('Sapphire', 10, ' TAG Mana ', '\n+31(30-34) to maximum Mana')], 'Suffix Modifier': [('of Tzteosh', 1, ' TAG Elemental, Fire, Resistance ', '\n+46(46-48)% to Fire Resistance (fractured)')]}
INFO:root:Item is not finished -> Alterate.
INFO:root:NEW STATE: 
INFO:root:{'Prefix Modifier': [('Razor-sharp', 3, ' TAG Damage, Physical, Attack ', '\nAdds 7(7-10) to 15(15-18) Physical Damage to Attacks')], 'Suffix Modifier': [('of Tzteosh', 1, ' TAG Elemental, Fire, Resistance ', '\n+46(46-48)% to Fire Resistance (fractured)')]}
INFO:root:Item is not finished -> Alterate.
INFO:root:NEW STATE: 
INFO:root:{'Prefix Modifier': [('Blurred', 3, ' TAG Defences ', '\n24(24-28)% increased Evasion Rating')], 'Suffix Modifier': [('of Tzteosh', 1, ' TAG Elemental, Fire, Resistance ', '\n+46(46-48)% to Fire Resistance (fractured)')]}
INFO:root:Item is not finished -> Alterate.
INFO:root:NEW STATE: 
INFO:root:{'Prefix Modifier': [('Blurred', 3, ' TAG Defences ', '\n28(24-28)% increased Evasion Rating')], 'Suffix Modifier': [('of Tzteosh', 1, ' TAG Elemental, Fire, Resistance ', '\n+46(46-48)% to Fire Resistance (fractured)')]}
INFO:root:Item is not finished -> Alterate.
INFO:root:NEW STATE: 
INFO:root:{'Prefix Modifier': [], 'Suffix Modifier': [('of Tzteosh', 1, ' TAG Elemental, Fire, Resistance ', '\n+46(46-48)% to Fire Resistance (fractured)')]}
INFO:root:Item has no prefixtes -> Augment.
INFO:root:NEW STATE: 
INFO:root:{'Prefix Modifier': [('Strong-Willed', 6, ' TAG Defences ', '\n5(5-7)% increased maximum Energy Shield')], 'Suffix Modifier': [('of Tzteosh', 1, ' TAG Elemental, Fire, Resistance ', '\n+46(46-48)% to Fire Resistance (fractured)')]}
INFO:root:Item is not finished -> Alterate.
INFO:root:NEW STATE: 
INFO:root:{'Prefix Modifier': [], 'Suffix Modifier': [('of Tzteosh', 1, ' TAG Elemental, Fire, Resistance ', '\n+46(46-48)% to Fire Resistance (fractured)')]}
INFO:root:Item has no prefixtes -> Augment.
INFO:root:NEW STATE: 
INFO:root:{'Prefix Modifier': [('Polar', 2, ' TAG Damage, Elemental, Cold, Attack ', '\nAdds 17(14-19) to 33(29-34) Cold Damage to Attacks')], 'Suffix Modifier': [('of Tzteosh', 1, ' TAG Elemental, Fire, Resistance ', '\n+46(46-48)% to Fire Resistance (fractured)')]}
INFO:root:Item is not finished -> Alterate.
INFO:root:NEW STATE: 
INFO:root:{'Prefix Modifier': [('Blurred', 3, ' TAG Defences ', '\n25(24-28)% increased Evasion Rating')], 'Suffix Modifier': [('of Tzteosh', 1, ' TAG Elemental, Fire, Resistance ', '\n+46(46-48)% to Fire Resistance (fractured)')]}
INFO:root:Item is not finished -> Alterate.
INFO:root:NEW STATE: 
INFO:root:{'Prefix Modifier': [('Crackling', 6, ' TAG Damage, Elemental, Lightning, Attack ', '\nAdds 1(1-2) to 27(27-28) Lightning Damage to Attacks')], 'Suffix Modifier': [('of Tzteosh', 1, ' TAG Elemental, Fire, Resistance ', '\n+46(46-48)% to Fire Resistance (fractured)')]}
INFO:root:Item is not finished -> Alterate.
INFO:root:NEW STATE: 
INFO:root:{'Prefix Modifier': [('Glaciated', 3, ' TAG Damage, Elemental, Cold, Attack ', '\nAdds 12(12-16) to 28(24-28) Cold Damage to Attacks')], 'Suffix Modifier': [('of Tzteosh', 1, ' TAG Elemental, Fire, Resistance ', '\n+46(46-48)% to Fire Resistance (fractured)')]}
INFO:root:Item is not finished -> Alterate.
INFO:root:NEW STATE: 
INFO:root:{'Prefix Modifier': [('Opalescent', 7, ' TAG Mana ', '\n+48(45-49) to maximum Mana')], 'Suffix Modifier': [('of Tzteosh', 1, ' TAG Elemental, Fire, Resistance ', '\n+46(46-48)% to Fire Resistance (fractured)')]}
INFO:root:Item is not finished -> Alterate.
INFO:root:NEW STATE: 
INFO:root:{'Prefix Modifier': [('Shining', 12, ' TAG Defences ', '\n+3(1-3) to maximum Energy Shield')], 'Suffix Modifier': [('of Tzteosh', 1, ' TAG Elemental, Fire, Resistance ', '\n+46(46-48)% to Fire Resistance (fractured)')]}
INFO:root:Item is not finished -> Alterate.
INFO:root:NEW STATE: 
INFO:root:{'Prefix Modifier': [("Athlete's", 1, ' TAG Life ', '\n+80(80-89) to maximum Life')], 'Suffix Modifier': [('of Tzteosh', 1, ' TAG Elemental, Fire, Resistance ', '\n+46(46-48)% to Fire Resistance (fractured)')]}
INFO:root:Item is not finished -> Alterate.
INFO:root:NEW STATE: 
INFO:root:{'Prefix Modifier': [], 'Suffix Modifier': [('of Tzteosh', 1, ' TAG Elemental, Fire, Resistance ', '\n+46(46-48)% to Fire Resistance (fractured)')]}
INFO:root:Item has no prefixtes -> Augment.
INFO:root:NEW STATE: 
INFO:root:{'Prefix Modifier': [('Lobstered', 5, ' TAG Defences ', '\n14(14-18)% increased Armour')], 'Suffix Modifier': [('of Tzteosh', 1, ' TAG Elemental, Fire, Resistance ', '\n+46(46-48)% to Fire Resistance (fractured)')]}
INFO:root:Item is not finished -> Alterate.
INFO:root:NEW STATE: 
INFO:root:{'Prefix Modifier': [('Stalwart', 6, ' TAG Life ', '\n+38(30-39) to maximum Life')], 'Suffix Modifier': [('of Tzteosh', 1, ' TAG Elemental, Fire, Resistance ', '\n+46(46-48)% to Fire Resistance (fractured)')]}
INFO:root:Item is not finished -> Alterate.
INFO:root:NEW STATE: 
INFO:root:{'Prefix Modifier': [], 'Suffix Modifier': [('of Tzteosh', 1, ' TAG Elemental, Fire, Resistance ', '\n+46(46-48)% to Fire Resistance (fractured)')]}
INFO:root:Item has no prefixtes -> Augment.
INFO:root:NEW STATE: 
INFO:root:{'Prefix Modifier': [("Pirate's", 3, ' ', '\n16(13-18)% increased Rarity of Items found')], 'Suffix Modifier': [('of Tzteosh', 1, ' TAG Elemental, Fire, Resistance ', '\n+46(46-48)% to Fire Resistance (fractured)')]}
INFO:root:Item is not finished -> Alterate.
INFO:root:NEW STATE: 
INFO:root:{'Prefix Modifier': [("Magpie's", 4, ' ', '\n12(8-12)% increased Rarity of Items found')], 'Suffix Modifier': [('of Tzteosh', 1, ' TAG Elemental, Fire, Resistance ', '\n+46(46-48)% to Fire Resistance (fractured)')]}
INFO:root:Item is not finished -> Alterate.
INFO:root:NEW STATE: 
INFO:root:{'Prefix Modifier': [('Opalescent', 7, ' TAG Mana ', '\n+47(45-49) to maximum Mana')], 'Suffix Modifier': [('of Tzteosh', 1, ' TAG Elemental, Fire, Resistance ', '\n+46(46-48)% to Fire Resistance (fractured)')]}
INFO:root:Item is not finished -> Alterate.
INFO:root:NEW STATE: 
INFO:root:{'Prefix Modifier': [("Magpie's", 4, ' ', '\n8(8-12)% increased Rarity of Items found')], 'Suffix Modifier': [('of Tzteosh', 1, ' TAG Elemental, Fire, Resistance ', '\n+46(46-48)% to Fire Resistance (fractured)')]}
INFO:root:Item is not finished -> Alterate.
INFO:root:NEW STATE: 
INFO:root:{'Prefix Modifier': [('Seething', 6, ' TAG Defences ', '\n+26(23-26) to maximum Energy Shield')], 'Suffix Modifier': [('of Tzteosh', 1, ' TAG Elemental, Fire, Resistance ', '\n+46(46-48)% to Fire Resistance (fractured)')]}
INFO:root:Item is not finished -> Alterate.
INFO:root:NEW STATE: 
INFO:root:{'Prefix Modifier': [], 'Suffix Modifier': [('of Tzteosh', 1, ' TAG Elemental, Fire, Resistance ', '\n+46(46-48)% to Fire Resistance (fractured)')]}
INFO:root:Item has no prefixtes -> Augment.
INFO:root:NEW STATE: 
INFO:root:{'Prefix Modifier': [('Tempered', 2, ' TAG Damage, Physical, Attack ', '\nAdds 10(9-12) to 19(19-22) Physical Damage to Attacks')], 'Suffix Modifier': [('of Tzteosh', 1, ' TAG Elemental, Fire, Resistance ', '\n+46(46-48)% to Fire Resistance (fractured)')]}
INFO:root:Item is not finished -> Alterate.
INFO:root:NEW STATE: 
INFO:root:{'Prefix Modifier': [], 'Suffix Modifier': [('of Tzteosh', 1, ' TAG Elemental, Fire, Resistance ', '\n+46(46-48)% to Fire Resistance (fractured)')]}
INFO:root:Item has no prefixtes -> Augment.
INFO:root:NEW STATE: 
INFO:root:{'Prefix Modifier': [("Acrobat's", 5, ' TAG Defences ', '\n15(14-18)% increased Evasion Rating')], 'Suffix Modifier': [('of Tzteosh', 1, ' TAG Elemental, Fire, Resistance ', '\n+46(46-48)% to Fire Resistance (fractured)')]}
INFO:root:Item is not finished -> Alterate.
INFO:root:NEW STATE: 
INFO:root:{'Prefix Modifier': [('Arcing', 4, ' TAG Damage, Elemental, Lightning, Attack ', '\nAdds 4(1-4) to 42(40-43) Lightning Damage to Attacks')], 'Suffix Modifier': [('of Tzteosh', 1, ' TAG Elemental, Fire, Resistance ', '\n+46(46-48)% to Fire Resistance (fractured)')]}
INFO:root:Item is not finished -> Alterate.
INFO:root:NEW STATE: 
INFO:root:{'Prefix Modifier': [('Incandescent', 3, ' TAG Defences ', '\n+42(38-43) to maximum Energy Shield')], 'Suffix Modifier': [('of Tzteosh', 1, ' TAG Elemental, Fire, Resistance ', '\n+46(46-48)% to Fire Resistance (fractured)')]}
INFO:root:Item is not finished -> Alterate.
INFO:root:NEW STATE: 
INFO:root:{'Prefix Modifier': [('Incandescent', 3, ' TAG Defences ', '\n+42(38-43) to maximum Energy Shield')], 'Suffix Modifier': [('of Tzteosh', 1, ' TAG Elemental, Fire, Resistance ', '\n+46(46-48)% to Fire Resistance (fractured)')]}
INFO:root:Item is not finished -> Alterate.
INFO:root:NEW STATE: 
INFO:root:{'Prefix Modifier': [], 'Suffix Modifier': [('of Tzteosh', 1, ' TAG Elemental, Fire, Resistance ', '\n+46(46-48)% to Fire Resistance (fractured)')]}
INFO:root:Item has no prefixtes -> Augment.
INFO:root:NEW STATE: 
INFO:root:{'Prefix Modifier': [('Scintillating', 4, ' TAG Defences ', '\n+33(32-37) to maximum Energy Shield')], 'Suffix Modifier': [('of Tzteosh', 1, ' TAG Elemental, Fire, Resistance ', '\n+46(46-48)% to Fire Resistance (fractured)')]}
INFO:root:Item is not finished -> Alterate.
INFO:root:NEW STATE: 
INFO:root:{'Prefix Modifier': [('Annealed', 4, ' TAG Damage, Physical, Attack ', '\nAdds 6(6-9) to 14(13-15) Physical Damage to Attacks')], 'Suffix Modifier': [('of Tzteosh', 1, ' TAG Elemental, Fire, Resistance ', '\n+46(46-48)% to Fire Resistance (fractured)')]}
INFO:root:Item is not finished -> Alterate.
INFO:root:NEW STATE: 
INFO:root:{'Prefix Modifier': [('Glinting', 9, ' TAG Damage, Physical, Attack ', '\nAdds 1 to 2 Physical Damage to Attacks')], 'Suffix Modifier': [('of Tzteosh', 1, ' TAG Elemental, Fire, Resistance ', '\n+46(46-48)% to Fire Resistance (fractured)')]}
INFO:root:Item is not finished -> Alterate.
INFO:root:NEW STATE: 
INFO:root:{'Prefix Modifier': [], 'Suffix Modifier': [('of Tzteosh', 1, ' TAG Elemental, Fire, Resistance ', '\n+46(46-48)% to Fire Resistance (fractured)')]}
INFO:root:Item has no prefixtes -> Augment.
INFO:root:NEW STATE: 
INFO:root:{'Prefix Modifier': [("Chanter's", 5, ' TAG Damage, Caster ', '\n5(3-7)% increased Spell Damage')], 'Suffix Modifier': [('of Tzteosh', 1, ' TAG Elemental, Fire, Resistance ', '\n+46(46-48)% to Fire Resistance (fractured)')]}
INFO:root:Item is not finished -> Alterate.
ERROR:root:No alterations available
