INFO:root:NEW STATE: 
INFO:root:{'Prefix Modifier': [('Fecund', 1, ' TAG Life ', '\n41(40-49)% more Monster Life')], 'Suffix Modifier': [('of Enfeeblement', 1, ' TAG Caster, Curse ', "\nPlayers are Cursed with Enfeeble\n(Enfeeble is a Hex which reduces the targets' Accuracy Rating by 10% and Damage by 15%, or 9% on Rare or Unique targets. It lasts 8 seconds)")]}
INFO:root:Item is not twinned -> Alterate.
INFO:root:NEW STATE: 
INFO:root:{'Prefix Modifier': [('Fleet', 1, ' TAG Attack, Caster, Speed ', '\n28(25-30)% increased Monster Movement Speed\n38(35-45)% increased Monster Attack Speed\n40(35-45)% increased Monster Cast Speed')], 'Suffix Modifier': [('of Venom', 1, ' TAG Chaos, Ailment ', '\nMonsters Poison on Hit TAG Unscalable Value\n(Poison deals Chaos Damage over time, based on the base Physical and Chaos Damage of the Skill. Multiple instances of Poison stack)')]}
INFO:root:Item is not twinned -> Alterate.
INFO:root:NEW STATE: 
INFO:root:{'Prefix Modifier': [], 'Suffix Modifier': [('of Vulnerability', 1, ' TAG Caster, Curse ', '\nPlayers are Cursed with Vulnerability\n(Vulnerability is a Hex which increases Physical Damage taken by 15% and causes Hits to have +25% chance to inflict Bleeding on the target. It lasts 8 seconds)')]}
INFO:root:Item has no prefixtes -> Augment.
INFO:root:NEW STATE: 
INFO:root:{'Prefix Modifier': [('Splitting', 1, ' ', '\nMonsters fire 2 additional Projectiles')], 'Suffix Modifier': [('of Vulnerability', 1, ' TAG Caster, Curse ', '\nPlayers are Cursed with Vulnerability\n(Vulnerability is a Hex which increases Physical Damage taken by 15% and causes Hits to have +25% chance to inflict Bleeding on the target. It lasts 8 seconds)')]}
INFO:root:Item is not twinned -> Alterate.
INFO:root:NEW STATE: 
INFO:root:{'Prefix Modifier': [('Otherworldly', 1, ' ', '\nSlaying Enemies close together can attract monsters from Beyond this realm TAG Unscalable Value')], 'Suffix Modifier': [('of Vulnerability', 1, ' TAG Caster, Curse ', '\nPlayers are Cursed with Vulnerability\n(Vulnerability is a Hex which increases Physical Damage taken by 15% and causes Hits to have +25% chance to inflict Bleeding on the target. It lasts 8 seconds)')]}
INFO:root:Item is not twinned -> Alterate.
INFO:root:NEW STATE: 
INFO:root:{'Prefix Modifier': [('Unstoppable', 1, ' TAG Speed ', "\nMonsters cannot be Taunted TAG Unscalable Value\nMonsters' Action Speed cannot be modified to below base value TAG Unscalable Value")], 'Suffix Modifier': []}
INFO:root:Item is not twinned -> Alterate.
INFO:root:NEW STATE: 
INFO:root:{'Prefix Modifier': [('Impaling', 1, ' ', '\nMonsters have 60% chance to Impale with Attacks\n(When an Impaled enemy is hit, the Impale reflects 10% of the physical damage of the Impaling hit to that enemy. Impale lasts for 5 hits or 8 seconds)')], 'Suffix Modifier': [('of Imprecision', 1, ' ', '\nPlayers have 25% less Accuracy Rating')]}
INFO:root:Item is not twinned -> Alterate.
INFO:root:NEW STATE: 
INFO:root:{'Prefix Modifier': [("Overlord's", 1, ' TAG Attack, Caster, Speed ', '\nUnique Boss deals 25% increased Damage\nUnique Boss has 30% increased Attack and Cast Speed')], 'Suffix Modifier': [('of Elemental Weakness', 1, ' TAG Caster, Curse ', '\nPlayers are Cursed with Elemental Weakness\n(Elemental Weakness is a Hex which inficts -15% to all Elemental Resistances. It lasts 8 seconds)')]}
INFO:root:Item is not twinned -> Alterate.
INFO:root:NEW STATE: 
INFO:root:{'Prefix Modifier': [('Profane', 1, ' TAG Damage, Physical, Chaos ', '\nMonsters deal 31(31-35)% extra Physical Damage as Chaos\nMonsters Inflict Withered for 2 seconds on Hit\n(Withered applies 6% increased Chaos Damage Taken, and can be inflicted up to 15 times)')], 'Suffix Modifier': [('of Blinding', 1, ' ', '\nMonsters Blind on Hit\n(Being Blinded causes 20% less Accuracy Rating and Evasion Rating, for 4 seconds)')]}
INFO:root:Item is not twinned -> Alterate.
INFO:root:NEW STATE: 
INFO:root:{'Prefix Modifier': [("Overlord's", 1, ' TAG Attack, Caster, Speed ', '\nUnique Boss deals 25% increased Damage\nUnique Boss has 30% increased Attack and Cast Speed')], 'Suffix Modifier': [('of Impotence', 1, ' ', '\nPlayers have 25% less Area of Effect')]}
INFO:root:Item is not twinned -> Alterate.
INFO:root:NEW STATE: 
INFO:root:{'Prefix Modifier': [('Buffered', 1, ' ', '\nMonsters gain 41(40-49)% of Maximum Life as Extra Maximum Energy Shield')], 'Suffix Modifier': [('of Impedance', 1, ' ', '\nMonsters Hinder on Hit with Spells\n(Hinder reduces movement speed by 30% for 4 seconds)')]}
INFO:root:Item is not twinned -> Alterate.
INFO:root:NEW STATE: 
INFO:root:{'Prefix Modifier': [('Mirrored', 1, ' TAG Damage, Elemental ', '\nMonsters reflect 18% of Elemental Damage')], 'Suffix Modifier': [('of Exposure', 1, ' TAG Elemental, Resistance ', '\n-10(-12--9)% maximum Player Resistances')]}
INFO:root:Item is not twinned -> Alterate.
INFO:root:NEW STATE: 
INFO:root:{'Prefix Modifier': [('Shocking', 1, ' TAG Damage, Physical, Elemental, Lightning ', '\nMonsters deal 109(90-110)% extra Physical Damage as Lightning')], 'Suffix Modifier': [('of Giants', 1, ' ', '\nMonsters have 100% increased Area of Effect')]}
INFO:root:Item is not twinned -> Alterate.
INFO:root:NEW STATE: 
INFO:root:{'Prefix Modifier': [('Hexproof', 1, ' TAG Caster, Curse ', '\nMonsters are Hexproof TAG Unscalable Value')], 'Suffix Modifier': [('of Exposure', 1, ' TAG Elemental, Resistance ', '\n-12(-12--9)% maximum Player Resistances')]}
INFO:root:Item is not twinned -> Alterate.
INFO:root:NEW STATE: 
INFO:root:{'Prefix Modifier': [('Burning', 1, ' TAG Damage, Physical, Elemental, Fire ', '\nMonsters deal 107(90-110)% extra Physical Damage as Fire')], 'Suffix Modifier': [('of Impedance', 1, ' ', '\nMonsters Hinder on Hit with Spells\n(Hinder reduces movement speed by 30% for 4 seconds)')]}
INFO:root:Item is not twinned -> Alterate.
INFO:root:NEW STATE: 
INFO:root:{'Prefix Modifier': [('Hexwarded', 1, ' TAG Caster, Curse ', '\n60% less effect of Curses on Monsters')], 'Suffix Modifier': [('of Venom', 1, ' TAG Chaos, Ailment ', '\nMonsters Poison on Hit TAG Unscalable Value\n(Poison deals Chaos Damage over time, based on the base Physical and Chaos Damage of the Skill. Multiple instances of Poison stack)')]}
INFO:root:Item is not twinned -> Alterate.
INFO:root:NEW STATE: 
INFO:root:{'Prefix Modifier': [("Titan's", 1, ' TAG Life ', '\nUnique Boss has 35% increased Life\nUnique Boss has 70% increased Area of Effect')], 'Suffix Modifier': [('of Deadliness', 1, ' TAG Damage, Critical ', '\nMonsters have 398(360-400)% increased Critical Strike Chance\n+45(41-45)% to Monster Critical Strike Multiplier')]}
INFO:root:Item is not twinned -> Alterate.
INFO:root:NEW STATE: 
INFO:root:{'Prefix Modifier': [], 'Suffix Modifier': [('of Drought', 1, ' ', '\nPlayers gain 50% reduced Flask Charges')]}
INFO:root:Item has no prefixtes -> Augment.
INFO:root:NEW STATE: 
INFO:root:{'Prefix Modifier': [('Punishing', 1, ' TAG Damage, Physical ', '\nMonsters reflect 18% of Physical Damage')], 'Suffix Modifier': [('of Drought', 1, ' ', '\nPlayers gain 50% reduced Flask Charges')]}
INFO:root:Item is not twinned -> Alterate.
INFO:root:NEW STATE: 
INFO:root:{'Prefix Modifier': [('Shocking', 1, ' TAG Damage, Physical, Elemental, Lightning ', '\nMonsters deal 110(90-110)% extra Physical Damage as Lightning')], 'Suffix Modifier': []}
INFO:root:Item is not twinned -> Alterate.
INFO:root:NEW STATE: 
INFO:root:{'Prefix Modifier': [('Twinned', 1, ' ', '\nArea contains two Unique Bosses TAG Unscalable Value')], 'Suffix Modifier': [('of Enervation', 1, ' ', '\nMonsters steal Power, Frenzy and Endurance charges on Hit')]}
INFO:root:Item is twinned.
