INFO:root:NEW STATE: 
INFO:root:{'Prefix Modifier': [], 'Suffix Modifier': [('of Fatigue', 1, ' ', '\nPlayers have 40% less Cooldown Recovery Rate')]}
INFO:root:Item has no prefixtes -> Augment.
INFO:root:Item is not twinned -> Alterate.
INFO:root:NEW STATE: 
INFO:root:{'Prefix Modifier': [("Titan's", 1, ' TAG Life ', '\nUnique Boss has 35% increased Life\nUnique Boss has 70% increased Area of Effect')], 'Suffix Modifier': []}
INFO:root:Item is not twinned -> Alterate.
INFO:root:NEW STATE: 
INFO:root:{'Prefix Modifier': [], 'Suffix Modifier': [('of Imprecision', 1, ' ', '\nPlayers have 25% less Accuracy Rating')]}
INFO:root:Item has no prefixtes -> Augment.
INFO:root:NEW STATE: 
INFO:root:{'Prefix Modifier': [("Titan's", 1, ' TAG Life ', '\nUnique Boss has 35% increased Life\nUnique Boss has 70% increased Area of Effect')], 'Suffix Modifier': [('of Imprecision', 1, ' ', '\nPlayers have 25% less Accuracy Rating')]}
INFO:root:Item is not twinned -> Alterate.
INFO:root:NEW STATE: 
INFO:root:{'Prefix Modifier': [('Freezing', 1, ' TAG Damage, Physical, Elemental, Cold ', '\nMonsters deal 107(90-110)% extra Physical Damage as Cold')], 'Suffix Modifier': [('of Power', 1, ' ', '\nMonsters gain a Power Charge on Hit')]}
INFO:root:Item is not twinned -> Alterate.
INFO:root:NEW STATE: 
INFO:root:{'Prefix Modifier': [('Enthralled', 1, ' ', '\nUnique Bosses are Possessed')], 'Suffix Modifier': [('of Drought', 1, ' ', '\nPlayers gain 50% reduced Flask Charges')]}
INFO:root:Item is not twinned -> Alterate.
INFO:root:NEW STATE: 
INFO:root:{'Prefix Modifier': [('Resistant', 1, ' TAG Elemental, Chaos, Resistance ', '\n+25% Monster Chaos Resistance\n+40% Monster Elemental Resistances')], 'Suffix Modifier': [('of Congealment', 1, ' ', '\nCannot Leech from Monsters')]}
INFO:root:Item is not twinned -> Alterate.
INFO:root:NEW STATE: 
INFO:root:{'Prefix Modifier': [], 'Suffix Modifier': [('of Vulnerability', 1, ' TAG Caster, Curse ', '\nPlayers are Cursed with Vulnerability\n(Vulnerability is a Hex which increases Physical Damage taken by 15% and causes Hits to have +25% chance to inflict Bleeding on the target. It lasts 8 seconds)')]}
INFO:root:Item has no prefixtes -> Augment.
INFO:root:NEW STATE: 
INFO:root:{'Prefix Modifier': [('Unwavering', 1, ' TAG Life ', '\n25(25-30)% more Monster Life\nMonsters cannot be Stunned TAG Unscalable Value')], 'Suffix Modifier': [('of Vulnerability', 1, ' TAG Caster, Curse ', '\nPlayers are Cursed with Vulnerability\n(Vulnerability is a Hex which increases Physical Damage taken by 15% and causes Hits to have +25% chance to inflict Bleeding on the target. It lasts 8 seconds)')]}
INFO:root:Item is not twinned -> Alterate.
INFO:root:NEW STATE: 
INFO:root:{'Prefix Modifier': [("Titan's", 1, ' TAG Life ', '\nUnique Boss has 35% increased Life\nUnique Boss has 70% increased Area of Effect')], 'Suffix Modifier': []}
INFO:root:Item is not twinned -> Alterate.
INFO:root:NEW STATE: 
INFO:root:{'Prefix Modifier': [('Anarchic', 1, ' ', '\nArea is inhabited by 2 additional Rogue Exiles')], 'Suffix Modifier': [('of Miring', 1, ' TAG Attack ', '\nMonsters have 50% increased Accuracy Rating\nPlayers have -20% to amount of Suppressed Spell Damage Prevented\n(50% of Damage from Suppressed Hits and Ailments they inflict is prevented)')]}
INFO:root:Item is not twinned -> Alterate.
INFO:root:NEW STATE: 
INFO:root:{'Prefix Modifier': [('Hexwarded', 1, ' TAG Caster, Curse ', '\n60% less effect of Curses on Monsters')], 'Suffix Modifier': [('of Exposure', 1, ' TAG Elemental, Resistance ', '\n-12(-12--9)% maximum Player Resistances')]}
INFO:root:Item is not twinned -> Alterate.
INFO:root:NEW STATE: 
INFO:root:{'Prefix Modifier': [], 'Suffix Modifier': [('of Venom', 1, ' TAG Chaos, Ailment ', '\nMonsters Poison on Hit TAG Unscalable Value\n(Poison deals Chaos Damage over time, based on the base Physical and Chaos Damage of the Skill. Multiple instances of Poison stack)')]}
INFO:root:Item has no prefixtes -> Augment.
INFO:root:NEW STATE: 
INFO:root:{'Prefix Modifier': [('Unstoppable', 1, ' TAG Speed ', "\nMonsters cannot be Taunted TAG Unscalable Value\nMonsters' Action Speed cannot be modified to below base value TAG Unscalable Value")], 'Suffix Modifier': [('of Venom', 1, ' TAG Chaos, Ailment ', '\nMonsters Poison on Hit TAG Unscalable Value\n(Poison deals Chaos Damage over time, based on the base Physical and Chaos Damage of the Skill. Multiple instances of Poison stack)')]}
INFO:root:Item is not twinned -> Alterate.
INFO:root:NEW STATE: 
INFO:root:{'Prefix Modifier': [('Buffered', 1, ' ', '\nMonsters gain 41(40-49)% of Maximum Life as Extra Maximum Energy Shield')], 'Suffix Modifier': []}
INFO:root:Item is not twinned -> Alterate.
INFO:root:NEW STATE: 
INFO:root:{'Prefix Modifier': [('Conflagrating', 1, ' TAG Elemental, Fire, Ailment ', '\nAll Monster Damage from Hits always Ignites TAG Unscalable Value\n(Ignite deals Fire Damage over time, based on the base Fire Damage of the Skill, for 4 seconds)')], 'Suffix Modifier': []}
INFO:root:Item is not twinned -> Alterate.
INFO:root:NEW STATE: 
INFO:root:{'Prefix Modifier': [('Hexwarded', 1, ' TAG Caster, Curse ', '\n60% less effect of Curses on Monsters')], 'Suffix Modifier': [('of Vulnerability', 1, ' TAG Caster, Curse ', '\nPlayers are Cursed with Vulnerability\n(Vulnerability is a Hex which increases Physical Damage taken by 15% and causes Hits to have +25% chance to inflict Bleeding on the target. It lasts 8 seconds)')]}
INFO:root:Item is not twinned -> Alterate.
INFO:root:NEW STATE: 
INFO:root:{'Prefix Modifier': [('Freezing', 1, ' TAG Damage, Physical, Elemental, Cold ', '\nMonsters deal 90(90-110)% extra Physical Damage as Cold')], 'Suffix Modifier': [('of Smothering', 1, ' TAG Life, Defences, Energy Shield ', '\nPlayers have 60% less Recovery Rate of Life and Energy Shield')]}
INFO:root:Item is not twinned -> Alterate.
INFO:root:NEW STATE: 
INFO:root:{'Prefix Modifier': [('Oppressive', 1, ' ', '\nMonsters have +60% chance to Suppress Spell Damage\n(50% of Damage from Suppressed Hits and Ailments they inflict is prevented)')], 'Suffix Modifier': [('of Deadliness', 1, ' TAG Damage, Critical ', '\nMonsters have 392(360-400)% increased Critical Strike Chance\n+42(41-45)% to Monster Critical Strike Multiplier')]}
INFO:root:Item is not twinned -> Alterate.
INFO:root:NEW STATE: 
INFO:root:{'Prefix Modifier': [('Oppressive', 1, ' ', '\nMonsters have +60% chance to Suppress Spell Damage\n(50% of Damage from Suppressed Hits and Ailments they inflict is prevented)')], 'Suffix Modifier': [('of Drought', 1, ' ', '\nPlayers gain 50% reduced Flask Charges')]}
INFO:root:Item is not twinned -> Alterate.
INFO:root:NEW STATE: 
INFO:root:{'Prefix Modifier': [('Resistant', 1, ' TAG Elemental, Chaos, Resistance ', '\n+25% Monster Chaos Resistance\n+40% Monster Elemental Resistances')], 'Suffix Modifier': []}
INFO:root:Item is not twinned -> Alterate.
INFO:root:NEW STATE: 
INFO:root:{'Prefix Modifier': [('Freezing', 1, ' TAG Damage, Physical, Elemental, Cold ', '\nMonsters deal 100(90-110)% extra Physical Damage as Cold')], 'Suffix Modifier': []}
INFO:root:Item is not twinned -> Alterate.
INFO:root:NEW STATE: 
INFO:root:{'Prefix Modifier': [('Savage', 1, ' TAG Damage ', '\n25(22-25)% increased Monster Damage')], 'Suffix Modifier': [('of Miring', 1, ' TAG Attack ', '\nMonsters have 50% increased Accuracy Rating\nPlayers have -20% to amount of Suppressed Spell Damage Prevented\n(50% of Damage from Suppressed Hits and Ailments they inflict is prevented)')]}
INFO:root:Item is not twinned -> Alterate.
INFO:root:NEW STATE: 
INFO:root:{'Prefix Modifier': [('Hexproof', 1, ' TAG Caster, Curse ', '\nMonsters are Hexproof TAG Unscalable Value')], 'Suffix Modifier': [('of Deadliness', 1, ' TAG Damage, Critical ', '\nMonsters have 385(360-400)% increased Critical Strike Chance\n+45(41-45)% to Monster Critical Strike Multiplier')]}
INFO:root:Item is not twinned -> Alterate.
INFO:root:NEW STATE: 
INFO:root:{'Prefix Modifier': [('Resistant', 1, ' TAG Elemental, Chaos, Resistance ', '\n+25% Monster Chaos Resistance\n+40% Monster Elemental Resistances')], 'Suffix Modifier': [('of Exposure', 1, ' TAG Elemental, Resistance ', '\n-11(-12--9)% maximum Player Resistances')]}
INFO:root:Item is not twinned -> Alterate.
INFO:root:NEW STATE: 
INFO:root:{'Prefix Modifier': [], 'Suffix Modifier': [('of Balance', 1, ' TAG Damage, Elemental ', '\nPlayers cannot inflict Exposure TAG Unscalable Value')]}
INFO:root:Item has no prefixtes -> Augment.
INFO:root:NEW STATE: 
INFO:root:{'Prefix Modifier': [('Twinned', 1, ' ', '\nArea contains two Unique Bosses TAG Unscalable Value')], 'Suffix Modifier': [('of Balance', 1, ' TAG Damage, Elemental ', '\nPlayers cannot inflict Exposure TAG Unscalable Value')]}
INFO:root:Item is twinned.
